<?xml version="1.0" encoding="UTF-8"?>
<coverage generated="1607434951919" clover="3.2.0">
  <project timestamp="1607434951920" name="All files">
    <metrics statements="520" coveredstatements="169" conditionals="193" coveredconditionals="40" methods="129" coveredmethods="33" elements="842" coveredelements="242" complexity="0" loc="520" ncloc="520" packages="9" files="27" classes="27"/>
    <package name="src">
      <metrics statements="15" coveredstatements="0" conditionals="6" coveredconditionals="0" methods="5" coveredmethods="0"/>
      <file name="App.js" path="C:\Users\Trond Arne Graabræk\skole\webapplikasjoner\webapplikasjoner_eksamen\rorlegger\client\src\App.js">
        <metrics statements="4" coveredstatements="0" conditionals="2" coveredconditionals="0" methods="3" coveredmethods="0"/>
        <line num="13" count="0" type="stmt"/>
        <line num="15" count="0" type="stmt"/>
        <line num="16" count="0" type="stmt"/>
        <line num="19" count="0" type="stmt"/>
      </file>
      <file name="index.js" path="C:\Users\Trond Arne Graabræk\skole\webapplikasjoner\webapplikasjoner_eksamen\rorlegger\client\src\index.js">
        <metrics statements="3" coveredstatements="0" conditionals="0" coveredconditionals="0" methods="0" coveredmethods="0"/>
        <line num="11" count="0" type="stmt"/>
        <line num="13" count="0" type="stmt"/>
        <line num="27" count="0" type="stmt"/>
      </file>
      <file name="reportWebVitals.js" path="C:\Users\Trond Arne Graabræk\skole\webapplikasjoner\webapplikasjoner_eksamen\rorlegger\client\src\reportWebVitals.js">
        <metrics statements="8" coveredstatements="0" conditionals="4" coveredconditionals="0" methods="2" coveredmethods="0"/>
        <line num="1" count="0" type="stmt"/>
        <line num="2" count="0" type="cond" truecount="0" falsecount="4"/>
        <line num="3" count="0" type="stmt"/>
        <line num="4" count="0" type="stmt"/>
        <line num="5" count="0" type="stmt"/>
        <line num="6" count="0" type="stmt"/>
        <line num="7" count="0" type="stmt"/>
        <line num="8" count="0" type="stmt"/>
      </file>
    </package>
    <package name="src.components">
      <metrics statements="40" coveredstatements="0" conditionals="18" coveredconditionals="0" methods="7" coveredmethods="0"/>
      <file name="CreateCategoryModal.jsx" path="C:\Users\Trond Arne Graabræk\skole\webapplikasjoner\webapplikasjoner_eksamen\rorlegger\client\src\components\CreateCategoryModal.jsx">
        <metrics statements="20" coveredstatements="0" conditionals="10" coveredconditionals="0" methods="3" coveredmethods="0"/>
        <line num="15" count="0" type="stmt"/>
        <line num="16" count="0" type="stmt"/>
        <line num="19" count="0" type="stmt"/>
        <line num="20" count="0" type="stmt"/>
        <line num="21" count="0" type="cond" truecount="0" falsecount="2"/>
        <line num="22" count="0" type="stmt"/>
        <line num="23" count="0" type="stmt"/>
        <line num="25" count="0" type="stmt"/>
        <line num="26" count="0" type="stmt"/>
        <line num="27" count="0" type="stmt"/>
        <line num="28" count="0" type="stmt"/>
        <line num="29" count="0" type="stmt"/>
        <line num="30" count="0" type="stmt"/>
        <line num="32" count="0" type="cond" truecount="0" falsecount="2"/>
        <line num="33" count="0" type="cond" truecount="0" falsecount="4"/>
        <line num="34" count="0" type="stmt"/>
        <line num="36" count="0" type="stmt"/>
        <line num="42" count="0" type="stmt"/>
        <line num="43" count="0" type="stmt"/>
        <line num="46" count="0" type="stmt"/>
      </file>
      <file name="GuardedRoute.js" path="C:\Users\Trond Arne Graabræk\skole\webapplikasjoner\webapplikasjoner_eksamen\rorlegger\client\src\components\GuardedRoute.js">
        <metrics statements="3" coveredstatements="0" conditionals="2" coveredconditionals="0" methods="2" coveredmethods="0"/>
        <line num="8" count="0" type="stmt"/>
        <line num="9" count="0" type="stmt"/>
        <line num="13" count="0" type="cond" truecount="0" falsecount="2"/>
      </file>
      <file name="UploadImageToArticleModal.js" path="C:\Users\Trond Arne Graabræk\skole\webapplikasjoner\webapplikasjoner_eksamen\rorlegger\client\src\components\UploadImageToArticleModal.js">
        <metrics statements="17" coveredstatements="0" conditionals="6" coveredconditionals="0" methods="2" coveredmethods="0"/>
        <line num="19" count="0" type="stmt"/>
        <line num="21" count="0" type="stmt"/>
        <line num="22" count="0" type="stmt"/>
        <line num="23" count="0" type="stmt"/>
        <line num="24" count="0" type="stmt"/>
        <line num="25" count="0" type="stmt"/>
        <line num="26" count="0" type="stmt"/>
        <line num="27" count="0" type="cond" truecount="0" falsecount="4"/>
        <line num="28" count="0" type="stmt"/>
        <line num="29" count="0" type="stmt"/>
        <line num="30" count="0" type="stmt"/>
        <line num="31" count="0" type="stmt"/>
        <line num="33" count="0" type="cond" truecount="0" falsecount="2"/>
        <line num="34" count="0" type="stmt"/>
        <line num="35" count="0" type="stmt"/>
        <line num="39" count="0" type="stmt"/>
        <line num="43" count="0" type="stmt"/>
      </file>
    </package>
    <package name="src.layouts">
      <metrics statements="15" coveredstatements="0" conditionals="4" coveredconditionals="0" methods="6" coveredmethods="0"/>
      <file name="Footer.js" path="C:\Users\Trond Arne Graabræk\skole\webapplikasjoner\webapplikasjoner_eksamen\rorlegger\client\src\layouts\Footer.js">
        <metrics statements="1" coveredstatements="0" conditionals="0" coveredconditionals="0" methods="1" coveredmethods="0"/>
        <line num="4" count="0" type="stmt"/>
      </file>
      <file name="Main.js" path="C:\Users\Trond Arne Graabræk\skole\webapplikasjoner\webapplikasjoner_eksamen\rorlegger\client\src\layouts\Main.js">
        <metrics statements="1" coveredstatements="0" conditionals="0" coveredconditionals="0" methods="1" coveredmethods="0"/>
        <line num="2" count="0" type="stmt"/>
      </file>
      <file name="Nav.js" path="C:\Users\Trond Arne Graabræk\skole\webapplikasjoner\webapplikasjoner_eksamen\rorlegger\client\src\layouts\Nav.js">
        <metrics statements="13" coveredstatements="0" conditionals="4" coveredconditionals="0" methods="4" coveredmethods="0"/>
        <line num="15" count="0" type="stmt"/>
        <line num="17" count="0" type="stmt"/>
        <line num="18" count="0" type="stmt"/>
        <line num="19" count="0" type="stmt"/>
        <line num="20" count="0" type="stmt"/>
        <line num="22" count="0" type="stmt"/>
        <line num="23" count="0" type="cond" truecount="0" falsecount="2"/>
        <line num="24" count="0" type="stmt"/>
        <line num="26" count="0" type="stmt"/>
        <line num="29" count="0" type="cond" truecount="0" falsecount="2"/>
        <line num="30" count="0" type="stmt"/>
        <line num="36" count="0" type="stmt"/>
        <line num="52" count="0" type="stmt"/>
      </file>
    </package>
    <package name="src.pages">
      <metrics statements="332" coveredstatements="87" conditionals="134" coveredconditionals="31" methods="89" coveredmethods="25"/>
      <file name="ArticleDetails.js" path="C:\Users\Trond Arne Graabræk\skole\webapplikasjoner\webapplikasjoner_eksamen\rorlegger\client\src\pages\ArticleDetails.js">
        <metrics statements="37" coveredstatements="0" conditionals="20" coveredconditionals="0" methods="11" coveredmethods="0"/>
        <line num="21" count="0" type="stmt"/>
        <line num="22" count="0" type="stmt"/>
        <line num="23" count="0" type="stmt"/>
        <line num="24" count="0" type="stmt"/>
        <line num="25" count="0" type="stmt"/>
        <line num="27" count="0" type="stmt"/>
        <line num="29" count="0" type="cond" truecount="0" falsecount="2"/>
        <line num="30" count="0" type="stmt"/>
        <line num="32" count="0" type="stmt"/>
        <line num="33" count="0" type="stmt"/>
        <line num="34" count="0" type="stmt"/>
        <line num="35" count="0" type="stmt"/>
        <line num="38" count="0" type="cond" truecount="0" falsecount="2"/>
        <line num="39" count="0" type="stmt"/>
        <line num="43" count="0" type="cond" truecount="0" falsecount="2"/>
        <line num="44" count="0" type="stmt"/>
        <line num="48" count="0" type="stmt"/>
        <line num="49" count="0" type="cond" truecount="0" falsecount="2"/>
        <line num="50" count="0" type="stmt"/>
        <line num="51" count="0" type="stmt"/>
        <line num="57" count="0" type="stmt"/>
        <line num="60" count="0" type="stmt"/>
        <line num="61" count="0" type="cond" truecount="0" falsecount="4"/>
        <line num="62" count="0" type="stmt"/>
        <line num="68" count="0" type="stmt"/>
        <line num="75" count="0" type="stmt"/>
        <line num="76" count="0" type="stmt"/>
        <line num="79" count="0" type="stmt"/>
        <line num="80" count="0" type="stmt"/>
        <line num="83" count="0" type="stmt"/>
        <line num="84" count="0" type="cond" truecount="0" falsecount="4"/>
        <line num="85" count="0" type="stmt"/>
        <line num="95" count="0" type="stmt"/>
        <line num="98" count="0" type="cond" truecount="0" falsecount="2"/>
        <line num="99" count="0" type="stmt"/>
        <line num="100" count="0" type="stmt"/>
        <line num="111" count="0" type="stmt"/>
      </file>
      <file name="Articles.js" path="C:\Users\Trond Arne Graabræk\skole\webapplikasjoner\webapplikasjoner_eksamen\rorlegger\client\src\pages\Articles.js">
        <metrics statements="90" coveredstatements="87" conditionals="37" coveredconditionals="31" methods="25" coveredmethods="25"/>
        <line num="30" count="94" type="stmt"/>
        <line num="31" count="76" type="stmt"/>
        <line num="32" count="76" type="stmt"/>
        <line num="33" count="76" type="stmt"/>
        <line num="34" count="76" type="stmt"/>
        <line num="35" count="76" type="stmt"/>
        <line num="36" count="76" type="stmt"/>
        <line num="37" count="94" type="stmt"/>
        <line num="38" count="76" type="stmt"/>
        <line num="40" count="76" type="stmt"/>
        <line num="41" count="10" type="stmt"/>
        <line num="43" count="10" type="cond" truecount="2" falsecount="0"/>
        <line num="44" count="8" type="stmt"/>
        <line num="46" count="2" type="stmt"/>
        <line num="48" count="8" type="stmt"/>
        <line num="52" count="8" type="stmt"/>
        <line num="53" count="8" type="stmt"/>
        <line num="54" count="8" type="stmt"/>
        <line num="58" count="8" type="stmt"/>
        <line num="60" count="8" type="stmt"/>
        <line num="62" count="0" type="cond" truecount="0" falsecount="2"/>
        <line num="63" count="0" type="stmt"/>
        <line num="64" count="0" type="stmt"/>
        <line num="69" count="76" type="stmt"/>
        <line num="70" count="10" type="stmt"/>
        <line num="73" count="76" type="stmt"/>
        <line num="74" count="74" type="cond" truecount="2" falsecount="0"/>
        <line num="79" count="28" type="stmt"/>
        <line num="80" count="118" type="stmt"/>
        <line num="110" count="46" type="stmt"/>
        <line num="113" count="76" type="stmt"/>
        <line num="114" count="74" type="cond" truecount="2" falsecount="0"/>
        <line num="115" count="3" type="stmt"/>
        <line num="121" count="71" type="stmt"/>
        <line num="124" count="76" type="stmt"/>
        <line num="125" count="2" type="stmt"/>
        <line num="128" count="76" type="stmt"/>
        <line num="129" count="74" type="cond" truecount="4" falsecount="0"/>
        <line num="130" count="13" type="stmt"/>
        <line num="131" count="156" type="stmt"/>
        <line num="140" count="61" type="stmt"/>
        <line num="144" count="76" type="stmt"/>
        <line num="145" count="4" type="stmt"/>
        <line num="148" count="76" type="stmt"/>
        <line num="149" count="14" type="stmt"/>
        <line num="150" count="14" type="cond" truecount="2" falsecount="0"/>
        <line num="151" count="3" type="stmt"/>
        <line num="152" count="39" type="cond" truecount="2" falsecount="0"/>
        <line num="153" count="36" type="stmt"/>
        <line num="155" count="3" type="stmt"/>
        <line num="158" count="14" type="stmt"/>
        <line num="160" count="14" type="cond" truecount="2" falsecount="0"/>
        <line num="161" count="6" type="stmt"/>
        <line num="162" count="20" type="stmt"/>
        <line num="165" count="8" type="stmt"/>
        <line num="167" count="14" type="stmt"/>
        <line num="170" count="76" type="stmt"/>
        <line num="172" count="14" type="stmt"/>
        <line num="175" count="76" type="stmt"/>
        <line num="176" count="32" type="stmt"/>
        <line num="177" count="32" type="stmt"/>
        <line num="179" count="32" type="stmt"/>
        <line num="180" count="98" type="stmt"/>
        <line num="181" count="98" type="cond" truecount="4" falsecount="0"/>
        <line num="182" count="14" type="stmt"/>
        <line num="183" count="14" type="stmt"/>
        <line num="186" count="32" type="cond" truecount="2" falsecount="0"/>
        <line num="187" count="12" type="stmt"/>
        <line num="189" count="32" type="stmt"/>
        <line num="192" count="76" type="stmt"/>
        <line num="193" count="32" type="stmt"/>
        <line num="196" count="76" type="stmt"/>
        <line num="197" count="22" type="stmt"/>
        <line num="200" count="22" type="cond" truecount="2" falsecount="0"/>
        <line num="201" count="8" type="stmt"/>
        <line num="205" count="76" type="stmt"/>
        <line num="206" count="14" type="stmt"/>
        <line num="209" count="76" type="stmt"/>
        <line num="210" count="2" type="stmt"/>
        <line num="213" count="76" type="stmt"/>
        <line num="214" count="1" type="cond" truecount="1" falsecount="1"/>
        <line num="215" count="1" type="stmt"/>
        <line num="219" count="76" type="stmt"/>
        <line num="220" count="1" type="cond" truecount="1" falsecount="1"/>
        <line num="221" count="1" type="stmt"/>
        <line num="225" count="76" type="stmt"/>
        <line num="226" count="74" type="cond" truecount="1" falsecount="1"/>
        <line num="227" count="74" type="stmt"/>
        <line num="244" count="68" type="stmt"/>
        <line num="260" count="76" type="stmt"/>
      </file>
      <file name="Contact.js" path="C:\Users\Trond Arne Graabræk\skole\webapplikasjoner\webapplikasjoner_eksamen\rorlegger\client\src\pages\Contact.js">
        <metrics statements="6" coveredstatements="0" conditionals="0" coveredconditionals="0" methods="3" coveredmethods="0"/>
        <line num="13" count="0" type="stmt"/>
        <line num="19" count="0" type="stmt"/>
        <line num="20" count="0" type="stmt"/>
        <line num="23" count="0" type="stmt"/>
        <line num="24" count="0" type="stmt"/>
        <line num="27" count="0" type="stmt"/>
      </file>
      <file name="CreateArticle.js" path="C:\Users\Trond Arne Graabræk\skole\webapplikasjoner\webapplikasjoner_eksamen\rorlegger\client\src\pages\CreateArticle.js">
        <metrics statements="109" coveredstatements="0" conditionals="32" coveredconditionals="0" methods="31" coveredmethods="0"/>
        <line num="31" count="0" type="stmt"/>
        <line num="32" count="0" type="stmt"/>
        <line num="38" count="0" type="stmt"/>
        <line num="39" count="0" type="stmt"/>
        <line num="40" count="0" type="stmt"/>
        <line num="42" count="0" type="stmt"/>
        <line num="43" count="0" type="stmt"/>
        <line num="44" count="0" type="stmt"/>
        <line num="45" count="0" type="stmt"/>
        <line num="47" count="0" type="stmt"/>
        <line num="49" count="0" type="stmt"/>
        <line num="51" count="0" type="stmt"/>
        <line num="52" count="0" type="stmt"/>
        <line num="54" count="0" type="stmt"/>
        <line num="57" count="0" type="stmt"/>
        <line num="58" count="0" type="stmt"/>
        <line num="62" count="0" type="stmt"/>
        <line num="63" count="0" type="stmt"/>
        <line num="66" count="0" type="stmt"/>
        <line num="67" count="0" type="stmt"/>
        <line num="69" count="0" type="stmt"/>
        <line num="72" count="0" type="cond" truecount="0" falsecount="2"/>
        <line num="73" count="0" type="stmt"/>
        <line num="74" count="0" type="stmt"/>
        <line num="79" count="0" type="stmt"/>
        <line num="80" count="0" type="stmt"/>
        <line num="81" count="0" type="stmt"/>
        <line num="82" count="0" type="cond" truecount="0" falsecount="2"/>
        <line num="83" count="0" type="stmt"/>
        <line num="84" count="0" type="stmt"/>
        <line num="86" count="0" type="stmt"/>
        <line num="90" count="0" type="stmt"/>
        <line num="91" count="0" type="stmt"/>
        <line num="94" count="0" type="stmt"/>
        <line num="95" count="0" type="stmt"/>
        <line num="98" count="0" type="stmt"/>
        <line num="99" count="0" type="stmt"/>
        <line num="100" count="0" type="stmt"/>
        <line num="103" count="0" type="stmt"/>
        <line num="104" count="0" type="stmt"/>
        <line num="107" count="0" type="stmt"/>
        <line num="108" count="0" type="stmt"/>
        <line num="113" count="0" type="stmt"/>
        <line num="114" count="0" type="stmt"/>
        <line num="115" count="0" type="stmt"/>
        <line num="116" count="0" type="stmt"/>
        <line num="119" count="0" type="stmt"/>
        <line num="120" count="0" type="cond" truecount="0" falsecount="2"/>
        <line num="121" count="0" type="stmt"/>
        <line num="122" count="0" type="stmt"/>
        <line num="123" count="0" type="stmt"/>
        <line num="130" count="0" type="stmt"/>
        <line num="131" count="0" type="cond" truecount="0" falsecount="2"/>
        <line num="132" count="0" type="stmt"/>
        <line num="133" count="0" type="stmt"/>
        <line num="139" count="0" type="stmt"/>
        <line num="140" count="0" type="stmt"/>
        <line num="143" count="0" type="stmt"/>
        <line num="144" count="0" type="cond" truecount="0" falsecount="2"/>
        <line num="145" count="0" type="stmt"/>
        <line num="146" count="0" type="stmt"/>
        <line num="147" count="0" type="stmt"/>
        <line num="149" count="0" type="stmt"/>
        <line num="153" count="0" type="stmt"/>
        <line num="154" count="0" type="cond" truecount="0" falsecount="2"/>
        <line num="155" count="0" type="stmt"/>
        <line num="156" count="0" type="stmt"/>
        <line num="162" count="0" type="stmt"/>
        <line num="163" count="0" type="stmt"/>
        <line num="167" count="0" type="stmt"/>
        <line num="168" count="0" type="cond" truecount="0" falsecount="2"/>
        <line num="169" count="0" type="stmt"/>
        <line num="170" count="0" type="stmt"/>
        <line num="171" count="0" type="stmt"/>
        <line num="172" count="0" type="stmt"/>
        <line num="173" count="0" type="stmt"/>
        <line num="174" count="0" type="stmt"/>
        <line num="175" count="0" type="stmt"/>
        <line num="177" count="0" type="cond" truecount="0" falsecount="2"/>
        <line num="178" count="0" type="cond" truecount="0" falsecount="4"/>
        <line num="179" count="0" type="stmt"/>
        <line num="181" count="0" type="stmt"/>
        <line num="186" count="0" type="stmt"/>
        <line num="191" count="0" type="stmt"/>
        <line num="192" count="0" type="stmt"/>
        <line num="193" count="0" type="stmt"/>
        <line num="194" count="0" type="stmt"/>
        <line num="195" count="0" type="stmt"/>
        <line num="196" count="0" type="stmt"/>
        <line num="197" count="0" type="cond" truecount="0" falsecount="2"/>
        <line num="198" count="0" type="stmt"/>
        <line num="199" count="0" type="stmt"/>
        <line num="201" count="0" type="stmt"/>
        <line num="205" count="0" type="stmt"/>
        <line num="206" count="0" type="cond" truecount="0" falsecount="2"/>
        <line num="207" count="0" type="stmt"/>
        <line num="208" count="0" type="stmt"/>
        <line num="210" count="0" type="stmt"/>
        <line num="214" count="0" type="stmt"/>
        <line num="215" count="0" type="cond" truecount="0" falsecount="2"/>
        <line num="219" count="0" type="stmt"/>
        <line num="220" count="0" type="stmt"/>
        <line num="222" count="0" type="stmt"/>
        <line num="226" count="0" type="cond" truecount="0" falsecount="2"/>
        <line num="227" count="0" type="stmt"/>
        <line num="230" count="0" type="stmt"/>
        <line num="233" count="0" type="stmt"/>
        <line num="279" count="0" type="stmt"/>
        <line num="298" count="0" type="stmt"/>
      </file>
      <file name="Home.js" path="C:\Users\Trond Arne Graabræk\skole\webapplikasjoner\webapplikasjoner_eksamen\rorlegger\client\src\pages\Home.js">
        <metrics statements="1" coveredstatements="0" conditionals="0" coveredconditionals="0" methods="1" coveredmethods="0"/>
        <line num="13" count="0" type="stmt"/>
      </file>
      <file name="Login.jsx" path="C:\Users\Trond Arne Graabræk\skole\webapplikasjoner\webapplikasjoner_eksamen\rorlegger\client\src\pages\Login.jsx">
        <metrics statements="25" coveredstatements="0" conditionals="12" coveredconditionals="0" methods="3" coveredmethods="0"/>
        <line num="23" count="0" type="stmt"/>
        <line num="24" count="0" type="stmt"/>
        <line num="26" count="0" type="cond" truecount="0" falsecount="2"/>
        <line num="27" count="0" type="stmt"/>
        <line num="29" count="0" type="stmt"/>
        <line num="62" count="0" type="stmt"/>
        <line num="63" count="0" type="stmt"/>
        <line num="65" count="0" type="cond" truecount="0" falsecount="2"/>
        <line num="66" count="0" type="stmt"/>
        <line num="67" count="0" type="stmt"/>
        <line num="69" count="0" type="cond" truecount="0" falsecount="2"/>
        <line num="70" count="0" type="stmt"/>
        <line num="71" count="0" type="stmt"/>
        <line num="75" count="0" type="stmt"/>
        <line num="76" count="0" type="stmt"/>
        <line num="77" count="0" type="stmt"/>
        <line num="78" count="0" type="stmt"/>
        <line num="79" count="0" type="stmt"/>
        <line num="80" count="0" type="stmt"/>
        <line num="82" count="0" type="cond" truecount="0" falsecount="2"/>
        <line num="83" count="0" type="cond" truecount="0" falsecount="4"/>
        <line num="84" count="0" type="stmt"/>
        <line num="85" count="0" type="stmt"/>
        <line num="87" count="0" type="stmt"/>
        <line num="88" count="0" type="stmt"/>
      </file>
      <file name="Offices.js" path="C:\Users\Trond Arne Graabræk\skole\webapplikasjoner\webapplikasjoner_eksamen\rorlegger\client\src\pages\Offices.js">
        <metrics statements="21" coveredstatements="0" conditionals="12" coveredconditionals="0" methods="10" coveredmethods="0"/>
        <line num="27" count="0" type="stmt"/>
        <line num="29" count="0" type="stmt"/>
        <line num="31" count="0" type="stmt"/>
        <line num="33" count="0" type="stmt"/>
        <line num="34" count="0" type="stmt"/>
        <line num="37" count="0" type="stmt"/>
        <line num="38" count="0" type="stmt"/>
        <line num="39" count="0" type="cond" truecount="0" falsecount="2"/>
        <line num="40" count="0" type="stmt"/>
        <line num="42" count="0" type="stmt"/>
        <line num="46" count="0" type="stmt"/>
        <line num="47" count="0" type="stmt"/>
        <line num="48" count="0" type="stmt"/>
        <line num="49" count="0" type="stmt"/>
        <line num="52" count="0" type="stmt"/>
        <line num="94" count="0" type="stmt"/>
        <line num="99" count="0" type="stmt"/>
        <line num="115" count="0" type="stmt"/>
        <line num="131" count="0" type="cond" truecount="0" falsecount="2"/>
        <line num="137" count="0" type="stmt"/>
        <line num="153" count="0" type="stmt"/>
      </file>
      <file name="OfficesDetails.js" path="C:\Users\Trond Arne Graabræk\skole\webapplikasjoner\webapplikasjoner_eksamen\rorlegger\client\src\pages\OfficesDetails.js">
        <metrics statements="10" coveredstatements="0" conditionals="2" coveredconditionals="0" methods="2" coveredmethods="0"/>
        <line num="29" count="0" type="stmt"/>
        <line num="30" count="0" type="stmt"/>
        <line num="32" count="0" type="stmt"/>
        <line num="36" count="0" type="stmt"/>
        <line num="37" count="0" type="stmt"/>
        <line num="38" count="0" type="cond" truecount="0" falsecount="2"/>
        <line num="39" count="0" type="stmt"/>
        <line num="40" count="0" type="stmt"/>
        <line num="45" count="0" type="stmt"/>
        <line num="63" count="0" type="stmt"/>
      </file>
      <file name="Register.js" path="C:\Users\Trond Arne Graabræk\skole\webapplikasjoner\webapplikasjoner_eksamen\rorlegger\client\src\pages\Register.js">
        <metrics statements="33" coveredstatements="0" conditionals="19" coveredconditionals="0" methods="3" coveredmethods="0"/>
        <line num="19" count="0" type="stmt"/>
        <line num="20" count="0" type="stmt"/>
        <line num="21" count="0" type="stmt"/>
        <line num="22" count="0" type="stmt"/>
        <line num="23" count="0" type="stmt"/>
        <line num="24" count="0" type="stmt"/>
        <line num="25" count="0" type="stmt"/>
        <line num="27" count="0" type="cond" truecount="0" falsecount="7"/>
        <line num="28" count="0" type="stmt"/>
        <line num="29" count="0" type="stmt"/>
        <line num="31" count="0" type="cond" truecount="0" falsecount="2"/>
        <line num="32" count="0" type="stmt"/>
        <line num="33" count="0" type="stmt"/>
        <line num="35" count="0" type="cond" truecount="0" falsecount="2"/>
        <line num="36" count="0" type="stmt"/>
        <line num="37" count="0" type="stmt"/>
        <line num="39" count="0" type="cond" truecount="0" falsecount="2"/>
        <line num="40" count="0" type="stmt"/>
        <line num="41" count="0" type="stmt"/>
        <line num="43" count="0" type="cond" truecount="0" falsecount="2"/>
        <line num="44" count="0" type="stmt"/>
        <line num="46" count="0" type="stmt"/>
        <line num="49" count="0" type="stmt"/>
        <line num="51" count="0" type="cond" truecount="0" falsecount="2"/>
        <line num="52" count="0" type="stmt"/>
        <line num="58" count="0" type="stmt"/>
        <line num="59" count="0" type="stmt"/>
        <line num="60" count="0" type="stmt"/>
        <line num="61" count="0" type="stmt"/>
        <line num="63" count="0" type="cond" truecount="0" falsecount="2"/>
        <line num="64" count="0" type="stmt"/>
        <line num="65" count="0" type="stmt"/>
        <line num="71" count="0" type="stmt"/>
      </file>
    </package>
    <package name="src.routes">
      <metrics statements="1" coveredstatements="0" conditionals="0" coveredconditionals="0" methods="1" coveredmethods="0"/>
      <file name="Routes.js" path="C:\Users\Trond Arne Graabræk\skole\webapplikasjoner\webapplikasjoner_eksamen\rorlegger\client\src\routes\Routes.js">
        <metrics statements="1" coveredstatements="0" conditionals="0" coveredconditionals="0" methods="1" coveredmethods="0"/>
        <line num="14" count="0" type="stmt"/>
      </file>
    </package>
    <package name="src.styles">
      <metrics statements="57" coveredstatements="56" conditionals="2" coveredconditionals="0" methods="1" coveredmethods="0"/>
      <file name="Styled.jsx" path="C:\Users\Trond Arne Graabræk\skole\webapplikasjoner\webapplikasjoner_eksamen\rorlegger\client\src\styles\Styled.jsx">
        <metrics statements="57" coveredstatements="56" conditionals="2" coveredconditionals="0" methods="1" coveredmethods="0"/>
        <line num="7" count="1" type="stmt"/>
        <line num="19" count="1" type="stmt"/>
        <line num="28" count="1" type="stmt"/>
        <line num="37" count="1" type="stmt"/>
        <line num="42" count="1" type="stmt"/>
        <line num="75" count="1" type="stmt"/>
        <line num="82" count="1" type="stmt"/>
        <line num="94" count="1" type="stmt"/>
        <line num="100" count="1" type="stmt"/>
        <line num="107" count="1" type="stmt"/>
        <line num="115" count="1" type="stmt"/>
        <line num="123" count="1" type="stmt"/>
        <line num="131" count="1" type="stmt"/>
        <line num="133" count="1" type="stmt"/>
        <line num="138" count="1" type="stmt"/>
        <line num="142" count="1" type="stmt"/>
        <line num="148" count="1" type="stmt"/>
        <line num="156" count="1" type="stmt"/>
        <line num="164" count="1" type="stmt"/>
        <line num="177" count="1" type="stmt"/>
        <line num="184" count="1" type="stmt"/>
        <line num="190" count="1" type="stmt"/>
        <line num="197" count="1" type="stmt"/>
        <line num="204" count="1" type="stmt"/>
        <line num="211" count="1" type="stmt"/>
        <line num="216" count="1" type="stmt"/>
        <line num="232" count="1" type="stmt"/>
        <line num="249" count="1" type="stmt"/>
        <line num="253" count="1" type="stmt"/>
        <line num="261" count="1" type="stmt"/>
        <line num="268" count="1" type="stmt"/>
        <line num="270" count="0" type="cond" truecount="0" falsecount="2"/>
        <line num="278" count="1" type="stmt"/>
        <line num="287" count="1" type="stmt"/>
        <line num="295" count="1" type="stmt"/>
        <line num="300" count="1" type="stmt"/>
        <line num="307" count="1" type="stmt"/>
        <line num="313" count="1" type="stmt"/>
        <line num="318" count="1" type="stmt"/>
        <line num="323" count="1" type="stmt"/>
        <line num="330" count="1" type="stmt"/>
        <line num="336" count="1" type="stmt"/>
        <line num="344" count="1" type="stmt"/>
        <line num="348" count="1" type="stmt"/>
        <line num="353" count="1" type="stmt"/>
        <line num="358" count="1" type="stmt"/>
        <line num="367" count="1" type="stmt"/>
        <line num="373" count="1" type="stmt"/>
        <line num="375" count="1" type="stmt"/>
        <line num="377" count="1" type="stmt"/>
        <line num="385" count="1" type="stmt"/>
        <line num="393" count="1" type="stmt"/>
        <line num="397" count="1" type="stmt"/>
        <line num="416" count="1" type="stmt"/>
        <line num="423" count="1" type="stmt"/>
        <line num="431" count="1" type="stmt"/>
        <line num="445" count="1" type="stmt"/>
      </file>
    </package>
    <package name="src.tests.mockData">
      <metrics statements="3" coveredstatements="3" conditionals="0" coveredconditionals="0" methods="0" coveredmethods="0"/>
      <file name="articles.js" path="C:\Users\Trond Arne Graabræk\skole\webapplikasjoner\webapplikasjoner_eksamen\rorlegger\client\src\tests\mockData\articles.js">
        <metrics statements="3" coveredstatements="3" conditionals="0" coveredconditionals="0" methods="0" coveredmethods="0"/>
        <line num="1" count="1" type="stmt"/>
        <line num="281" count="1" type="stmt"/>
        <line num="439" count="1" type="stmt"/>
      </file>
    </package>
    <package name="src.tests.testUtils">
      <metrics statements="5" coveredstatements="5" conditionals="2" coveredconditionals="2" methods="1" coveredmethods="1"/>
      <file name="compWrapper.js" path="C:\Users\Trond Arne Graabræk\skole\webapplikasjoner\webapplikasjoner_eksamen\rorlegger\client\src\tests\testUtils\compWrapper.js">
        <metrics statements="5" coveredstatements="5" conditionals="2" coveredconditionals="2" methods="1" coveredmethods="1"/>
        <line num="6" count="1" type="stmt"/>
        <line num="8" count="10" type="cond" truecount="2" falsecount="0"/>
        <line num="9" count="8" type="stmt"/>
        <line num="11" count="2" type="stmt"/>
        <line num="13" count="10" type="stmt"/>
      </file>
    </package>
    <package name="src.utils">
      <metrics statements="52" coveredstatements="18" conditionals="27" coveredconditionals="7" methods="19" coveredmethods="7"/>
      <file name="apiCalls.js" path="C:\Users\Trond Arne Graabræk\skole\webapplikasjoner\webapplikasjoner_eksamen\rorlegger\client\src\utils\apiCalls.js">
        <metrics statements="11" coveredstatements="5" conditionals="0" coveredconditionals="0" methods="10" coveredmethods="4"/>
        <line num="4" count="8" type="stmt"/>
        <line num="7" count="1" type="stmt"/>
        <line num="10" count="0" type="stmt"/>
        <line num="17" count="0" type="stmt"/>
        <line num="21" count="2" type="stmt"/>
        <line num="25" count="8" type="stmt"/>
        <line num="30" count="0" type="stmt"/>
        <line num="34" count="0" type="stmt"/>
        <line num="40" count="0" type="stmt"/>
        <line num="46" count="8" type="stmt"/>
        <line num="50" count="0" type="stmt"/>
      </file>
      <file name="authentication.js" path="C:\Users\Trond Arne Graabræk\skole\webapplikasjoner\webapplikasjoner_eksamen\rorlegger\client\src\utils\authentication.js">
        <metrics statements="28" coveredstatements="8" conditionals="20" coveredconditionals="4" methods="5" coveredmethods="2"/>
        <line num="4" count="1" type="stmt"/>
        <line num="6" count="68" type="stmt"/>
        <line num="7" count="68" type="stmt"/>
        <line num="8" count="68" type="stmt"/>
        <line num="9" count="68" type="cond" truecount="3" falsecount="1"/>
        <line num="10" count="0" type="stmt"/>
        <line num="11" count="0" type="cond" truecount="0" falsecount="5"/>
        <line num="12" count="0" type="stmt"/>
        <line num="15" count="68" type="stmt"/>
        <line num="20" count="68" type="cond" truecount="1" falsecount="1"/>
        <line num="21" count="0" type="stmt"/>
        <line num="22" count="0" type="cond" truecount="0" falsecount="2"/>
        <line num="23" count="0" type="stmt"/>
        <line num="26" count="68" type="stmt"/>
        <line num="30" count="0" type="stmt"/>
        <line num="31" count="0" type="stmt"/>
        <line num="32" count="0" type="stmt"/>
        <line num="33" count="0" type="stmt"/>
        <line num="47" count="0" type="stmt"/>
        <line num="48" count="0" type="cond" truecount="0" falsecount="2"/>
        <line num="49" count="0" type="stmt"/>
        <line num="51" count="0" type="stmt"/>
        <line num="52" count="0" type="stmt"/>
        <line num="53" count="0" type="stmt"/>
        <line num="54" count="0" type="cond" truecount="0" falsecount="5"/>
        <line num="55" count="0" type="stmt"/>
        <line num="60" count="0" type="stmt"/>
        <line num="61" count="0" type="stmt"/>
      </file>
      <file name="global.js" path="C:\Users\Trond Arne Graabræk\skole\webapplikasjoner\webapplikasjoner_eksamen\rorlegger\client\src\utils\global.js">
        <metrics statements="6" coveredstatements="0" conditionals="2" coveredconditionals="0" methods="3" coveredmethods="0"/>
        <line num="5" count="0" type="stmt"/>
        <line num="9" count="0" type="stmt"/>
        <line num="13" count="0" type="cond" truecount="0" falsecount="2"/>
        <line num="14" count="0" type="stmt"/>
        <line num="17" count="0" type="stmt"/>
        <line num="19" count="0" type="stmt"/>
      </file>
      <file name="reducer.js" path="C:\Users\Trond Arne Graabræk\skole\webapplikasjoner\webapplikasjoner_eksamen\rorlegger\client\src\utils\reducer.js">
        <metrics statements="6" coveredstatements="4" conditionals="5" coveredconditionals="3" methods="1" coveredmethods="1"/>
        <line num="1" count="1" type="stmt"/>
        <line num="8" count="19" type="cond" truecount="2" falsecount="2"/>
        <line num="10" count="0" type="stmt"/>
        <line num="12" count="0" type="stmt"/>
        <line num="14" count="8" type="stmt"/>
        <line num="16" count="11" type="stmt"/>
      </file>
      <file name="store.js" path="C:\Users\Trond Arne Graabræk\skole\webapplikasjoner\webapplikasjoner_eksamen\rorlegger\client\src\utils\store.js">
        <metrics statements="1" coveredstatements="1" conditionals="0" coveredconditionals="0" methods="0" coveredmethods="0"/>
        <line num="4" count="1" type="stmt"/>
      </file>
    </package>
  </project>
</coverage>
