{
  "C:\\Users\\Trond Arne Graabræk\\skole\\webapplikasjoner\\webapplikasjoner_eksamen\\rorlegger\\client\\src\\App.js": {
    "path": "C:\\Users\\Trond Arne Graabræk\\skole\\webapplikasjoner\\webapplikasjoner_eksamen\\rorlegger\\client\\src\\App.js",
    "statementMap": {
      "0": {
        "start": { "line": 13, "column": 32 },
        "end": { "line": 13, "column": 47 }
      },
      "1": {
        "start": { "line": 15, "column": 24 },
        "end": { "line": 17, "column": 3 }
      },
      "2": {
        "start": { "line": 16, "column": 4 },
        "end": { "line": 16, "column": 28 }
      },
      "3": {
        "start": { "line": 16, "column": 23 },
        "end": { "line": 16, "column": 26 }
      },
      "4": {
        "start": { "line": 19, "column": 2 },
        "end": { "line": 33, "column": 4 }
      }
    },
    "fnMap": {
      "0": {
        "name": "App",
        "decl": {
          "start": { "line": 11, "column": 9 },
          "end": { "line": 11, "column": 12 }
        },
        "loc": {
          "start": { "line": 11, "column": 15 },
          "end": { "line": 34, "column": 1 }
        },
        "line": 11
      },
      "1": {
        "name": "(anonymous_1)",
        "decl": {
          "start": { "line": 15, "column": 24 },
          "end": { "line": 15, "column": 25 }
        },
        "loc": {
          "start": { "line": 15, "column": 30 },
          "end": { "line": 17, "column": 3 }
        },
        "line": 15
      },
      "2": {
        "name": "(anonymous_2)",
        "decl": {
          "start": { "line": 16, "column": 15 },
          "end": { "line": 16, "column": 16 }
        },
        "loc": {
          "start": { "line": 16, "column": 23 },
          "end": { "line": 16, "column": 26 }
        },
        "line": 16
      }
    },
    "branchMap": {
      "0": {
        "loc": {
          "start": { "line": 22, "column": 9 },
          "end": { "line": 22, "column": 73 }
        },
        "type": "binary-expr",
        "locations": [
          {
            "start": { "line": 22, "column": 9 },
            "end": { "line": 22, "column": 16 }
          },
          {
            "start": { "line": 22, "column": 20 },
            "end": { "line": 22, "column": 73 }
          }
        ],
        "line": 22
      }
    },
    "s": { "0": 0, "1": 0, "2": 0, "3": 0, "4": 0 },
    "f": { "0": 0, "1": 0, "2": 0 },
    "b": { "0": [0, 0] }
  },
  "C:\\Users\\Trond Arne Graabræk\\skole\\webapplikasjoner\\webapplikasjoner_eksamen\\rorlegger\\client\\src\\index.js": {
    "path": "C:\\Users\\Trond Arne Graabræk\\skole\\webapplikasjoner\\webapplikasjoner_eksamen\\rorlegger\\client\\src\\index.js",
    "statementMap": {
      "0": {
        "start": { "line": 11, "column": 0 },
        "end": { "line": 11, "column": 27 }
      },
      "1": {
        "start": { "line": 13, "column": 0 },
        "end": { "line": 22, "column": 2 }
      },
      "2": {
        "start": { "line": 27, "column": 0 },
        "end": { "line": 27, "column": 18 }
      }
    },
    "fnMap": {},
    "branchMap": {},
    "s": { "0": 0, "1": 0, "2": 0 },
    "f": {},
    "b": {}
  },
  "C:\\Users\\Trond Arne Graabræk\\skole\\webapplikasjoner\\webapplikasjoner_eksamen\\rorlegger\\client\\src\\reportWebVitals.js": {
    "path": "C:\\Users\\Trond Arne Graabræk\\skole\\webapplikasjoner\\webapplikasjoner_eksamen\\rorlegger\\client\\src\\reportWebVitals.js",
    "statementMap": {
      "0": {
        "start": { "line": 1, "column": 24 },
        "end": { "line": 11, "column": 1 }
      },
      "1": {
        "start": { "line": 2, "column": 2 },
        "end": { "line": 10, "column": 3 }
      },
      "2": {
        "start": { "line": 3, "column": 4 },
        "end": { "line": 9, "column": 7 }
      },
      "3": {
        "start": { "line": 4, "column": 6 },
        "end": { "line": 4, "column": 26 }
      },
      "4": {
        "start": { "line": 5, "column": 6 },
        "end": { "line": 5, "column": 26 }
      },
      "5": {
        "start": { "line": 6, "column": 6 },
        "end": { "line": 6, "column": 26 }
      },
      "6": {
        "start": { "line": 7, "column": 6 },
        "end": { "line": 7, "column": 26 }
      },
      "7": {
        "start": { "line": 8, "column": 6 },
        "end": { "line": 8, "column": 27 }
      }
    },
    "fnMap": {
      "0": {
        "name": "(anonymous_0)",
        "decl": {
          "start": { "line": 1, "column": 24 },
          "end": { "line": 1, "column": 25 }
        },
        "loc": {
          "start": { "line": 1, "column": 41 },
          "end": { "line": 11, "column": 1 }
        },
        "line": 1
      },
      "1": {
        "name": "(anonymous_1)",
        "decl": {
          "start": { "line": 3, "column": 30 },
          "end": { "line": 3, "column": 31 }
        },
        "loc": {
          "start": { "line": 3, "column": 79 },
          "end": { "line": 9, "column": 5 }
        },
        "line": 3
      }
    },
    "branchMap": {
      "0": {
        "loc": {
          "start": { "line": 2, "column": 2 },
          "end": { "line": 10, "column": 3 }
        },
        "type": "if",
        "locations": [
          {
            "start": { "line": 2, "column": 2 },
            "end": { "line": 10, "column": 3 }
          },
          {
            "start": { "line": 2, "column": 2 },
            "end": { "line": 10, "column": 3 }
          }
        ],
        "line": 2
      },
      "1": {
        "loc": {
          "start": { "line": 2, "column": 6 },
          "end": { "line": 2, "column": 52 }
        },
        "type": "binary-expr",
        "locations": [
          {
            "start": { "line": 2, "column": 6 },
            "end": { "line": 2, "column": 17 }
          },
          {
            "start": { "line": 2, "column": 21 },
            "end": { "line": 2, "column": 52 }
          }
        ],
        "line": 2
      }
    },
    "s": { "0": 0, "1": 0, "2": 0, "3": 0, "4": 0, "5": 0, "6": 0, "7": 0 },
    "f": { "0": 0, "1": 0 },
    "b": { "0": [0, 0], "1": [0, 0] }
  },
  "C:\\Users\\Trond Arne Graabræk\\skole\\webapplikasjoner\\webapplikasjoner_eksamen\\rorlegger\\client\\src\\components\\CreateCategoryModal.jsx": {
    "path": "C:\\Users\\Trond Arne Graabræk\\skole\\webapplikasjoner\\webapplikasjoner_eksamen\\rorlegger\\client\\src\\components\\CreateCategoryModal.jsx",
    "statementMap": {
      "0": {
        "start": { "line": 15, "column": 40 },
        "end": { "line": 15, "column": 50 }
      },
      "1": {
        "start": { "line": 16, "column": 32 },
        "end": { "line": 16, "column": 47 }
      },
      "2": {
        "start": { "line": 19, "column": 4 },
        "end": { "line": 19, "column": 27 }
      },
      "3": {
        "start": { "line": 20, "column": 21 },
        "end": { "line": 20, "column": 56 }
      },
      "4": {
        "start": { "line": 21, "column": 4 },
        "end": { "line": 40, "column": 5 }
      },
      "5": {
        "start": { "line": 22, "column": 6 },
        "end": { "line": 22, "column": 50 }
      },
      "6": {
        "start": { "line": 23, "column": 6 },
        "end": { "line": 23, "column": 23 }
      },
      "7": {
        "start": { "line": 25, "column": 6 },
        "end": { "line": 25, "column": 50 }
      },
      "8": {
        "start": { "line": 26, "column": 6 },
        "end": { "line": 26, "column": 24 }
      },
      "9": {
        "start": { "line": 27, "column": 6 },
        "end": { "line": 27, "column": 22 }
      },
      "10": {
        "start": { "line": 28, "column": 19 },
        "end": { "line": 28, "column": 30 }
      },
      "11": {
        "start": { "line": 29, "column": 6 },
        "end": { "line": 39, "column": 7 }
      },
      "12": {
        "start": { "line": 30, "column": 8 },
        "end": { "line": 30, "column": 42 }
      },
      "13": {
        "start": { "line": 32, "column": 8 },
        "end": { "line": 38, "column": 9 }
      },
      "14": {
        "start": { "line": 33, "column": 10 },
        "end": { "line": 37, "column": 11 }
      },
      "15": {
        "start": { "line": 34, "column": 12 },
        "end": { "line": 34, "column": 40 }
      },
      "16": {
        "start": { "line": 36, "column": 12 },
        "end": { "line": 36, "column": 27 }
      },
      "17": {
        "start": { "line": 42, "column": 28 },
        "end": { "line": 44, "column": 3 }
      },
      "18": {
        "start": { "line": 43, "column": 4 },
        "end": { "line": 43, "column": 72 }
      },
      "19": {
        "start": { "line": 46, "column": 2 },
        "end": { "line": 60, "column": 4 }
      }
    },
    "fnMap": {
      "0": {
        "name": "CreateCategoryModal",
        "decl": {
          "start": { "line": 14, "column": 9 },
          "end": { "line": 14, "column": 28 }
        },
        "loc": {
          "start": { "line": 14, "column": 48 },
          "end": { "line": 61, "column": 1 }
        },
        "line": 14
      },
      "1": {
        "name": "createNewCategory",
        "decl": {
          "start": { "line": 18, "column": 17 },
          "end": { "line": 18, "column": 34 }
        },
        "loc": {
          "start": { "line": 18, "column": 42 },
          "end": { "line": 41, "column": 3 }
        },
        "line": 18
      },
      "2": {
        "name": "(anonymous_2)",
        "decl": {
          "start": { "line": 42, "column": 28 },
          "end": { "line": 42, "column": 29 }
        },
        "loc": {
          "start": { "line": 42, "column": 35 },
          "end": { "line": 44, "column": 3 }
        },
        "line": 42
      }
    },
    "branchMap": {
      "0": {
        "loc": {
          "start": { "line": 21, "column": 4 },
          "end": { "line": 40, "column": 5 }
        },
        "type": "if",
        "locations": [
          {
            "start": { "line": 21, "column": 4 },
            "end": { "line": 40, "column": 5 }
          },
          {
            "start": { "line": 21, "column": 4 },
            "end": { "line": 40, "column": 5 }
          }
        ],
        "line": 21
      },
      "1": {
        "loc": {
          "start": { "line": 32, "column": 8 },
          "end": { "line": 38, "column": 9 }
        },
        "type": "if",
        "locations": [
          {
            "start": { "line": 32, "column": 8 },
            "end": { "line": 38, "column": 9 }
          },
          {
            "start": { "line": 32, "column": 8 },
            "end": { "line": 38, "column": 9 }
          }
        ],
        "line": 32
      },
      "2": {
        "loc": {
          "start": { "line": 33, "column": 10 },
          "end": { "line": 37, "column": 11 }
        },
        "type": "if",
        "locations": [
          {
            "start": { "line": 33, "column": 10 },
            "end": { "line": 37, "column": 11 }
          },
          {
            "start": { "line": 33, "column": 10 },
            "end": { "line": 37, "column": 11 }
          }
        ],
        "line": 33
      },
      "3": {
        "loc": {
          "start": { "line": 33, "column": 14 },
          "end": { "line": 33, "column": 53 }
        },
        "type": "binary-expr",
        "locations": [
          {
            "start": { "line": 33, "column": 14 },
            "end": { "line": 33, "column": 24 }
          },
          {
            "start": { "line": 33, "column": 28 },
            "end": { "line": 33, "column": 53 }
          }
        ],
        "line": 33
      },
      "4": {
        "loc": {
          "start": { "line": 53, "column": 9 },
          "end": { "line": 55, "column": 9 }
        },
        "type": "binary-expr",
        "locations": [
          {
            "start": { "line": 53, "column": 9 },
            "end": { "line": 53, "column": 16 }
          },
          {
            "start": { "line": 54, "column": 10 },
            "end": { "line": 54, "column": 74 }
          }
        ],
        "line": 53
      }
    },
    "s": {
      "0": 0,
      "1": 0,
      "2": 0,
      "3": 0,
      "4": 0,
      "5": 0,
      "6": 0,
      "7": 0,
      "8": 0,
      "9": 0,
      "10": 0,
      "11": 0,
      "12": 0,
      "13": 0,
      "14": 0,
      "15": 0,
      "16": 0,
      "17": 0,
      "18": 0,
      "19": 0
    },
    "f": { "0": 0, "1": 0, "2": 0 },
    "b": { "0": [0, 0], "1": [0, 0], "2": [0, 0], "3": [0, 0], "4": [0, 0] }
  },
  "C:\\Users\\Trond Arne Graabræk\\skole\\webapplikasjoner\\webapplikasjoner_eksamen\\rorlegger\\client\\src\\components\\UploadImageToArticleModal.js": {
    "path": "C:\\Users\\Trond Arne Graabræk\\skole\\webapplikasjoner\\webapplikasjoner_eksamen\\rorlegger\\client\\src\\components\\UploadImageToArticleModal.js",
    "statementMap": {
      "0": {
        "start": { "line": 19, "column": 36 },
        "end": { "line": 19, "column": 41 }
      },
      "1": {
        "start": { "line": 21, "column": 22 },
        "end": { "line": 41, "column": 3 }
      },
      "2": {
        "start": { "line": 22, "column": 18 },
        "end": { "line": 22, "column": 65 }
      },
      "3": {
        "start": { "line": 23, "column": 17 },
        "end": { "line": 23, "column": 31 }
      },
      "4": {
        "start": { "line": 24, "column": 4 },
        "end": { "line": 24, "column": 32 }
      },
      "5": {
        "start": { "line": 25, "column": 4 },
        "end": { "line": 25, "column": 23 }
      },
      "6": {
        "start": { "line": 26, "column": 4 },
        "end": { "line": 26, "column": 28 }
      },
      "7": {
        "start": { "line": 27, "column": 4 },
        "end": { "line": 40, "column": 5 }
      },
      "8": {
        "start": { "line": 28, "column": 6 },
        "end": { "line": 37, "column": 7 }
      },
      "9": {
        "start": { "line": 29, "column": 8 },
        "end": { "line": 29, "column": 56 }
      },
      "10": {
        "start": { "line": 30, "column": 8 },
        "end": { "line": 30, "column": 43 }
      },
      "11": {
        "start": { "line": 31, "column": 8 },
        "end": { "line": 31, "column": 33 }
      },
      "12": {
        "start": { "line": 33, "column": 8 },
        "end": { "line": 36, "column": 9 }
      },
      "13": {
        "start": { "line": 34, "column": 10 },
        "end": { "line": 34, "column": 27 }
      },
      "14": {
        "start": { "line": 35, "column": 10 },
        "end": { "line": 35, "column": 53 }
      },
      "15": {
        "start": { "line": 39, "column": 6 },
        "end": { "line": 39, "column": 60 }
      },
      "16": {
        "start": { "line": 43, "column": 2 },
        "end": { "line": 56, "column": 4 }
      }
    },
    "fnMap": {
      "0": {
        "name": "UploadImageToArticleModal",
        "decl": {
          "start": { "line": 17, "column": 9 },
          "end": { "line": 17, "column": 34 }
        },
        "loc": {
          "start": { "line": 17, "column": 42 },
          "end": { "line": 57, "column": 1 }
        },
        "line": 17
      },
      "1": {
        "name": "(anonymous_1)",
        "decl": {
          "start": { "line": 21, "column": 22 },
          "end": { "line": 21, "column": 23 }
        },
        "loc": {
          "start": { "line": 21, "column": 34 },
          "end": { "line": 41, "column": 3 }
        },
        "line": 21
      }
    },
    "branchMap": {
      "0": {
        "loc": {
          "start": { "line": 27, "column": 4 },
          "end": { "line": 40, "column": 5 }
        },
        "type": "if",
        "locations": [
          {
            "start": { "line": 27, "column": 4 },
            "end": { "line": 40, "column": 5 }
          },
          {
            "start": { "line": 27, "column": 4 },
            "end": { "line": 40, "column": 5 }
          }
        ],
        "line": 27
      },
      "1": {
        "loc": {
          "start": { "line": 27, "column": 8 },
          "end": { "line": 27, "column": 65 }
        },
        "type": "binary-expr",
        "locations": [
          {
            "start": { "line": 27, "column": 8 },
            "end": { "line": 27, "column": 34 }
          },
          {
            "start": { "line": 27, "column": 38 },
            "end": { "line": 27, "column": 65 }
          }
        ],
        "line": 27
      },
      "2": {
        "loc": {
          "start": { "line": 33, "column": 8 },
          "end": { "line": 36, "column": 9 }
        },
        "type": "if",
        "locations": [
          {
            "start": { "line": 33, "column": 8 },
            "end": { "line": 36, "column": 9 }
          },
          {
            "start": { "line": 33, "column": 8 },
            "end": { "line": 36, "column": 9 }
          }
        ],
        "line": 33
      }
    },
    "s": {
      "0": 0,
      "1": 0,
      "2": 0,
      "3": 0,
      "4": 0,
      "5": 0,
      "6": 0,
      "7": 0,
      "8": 0,
      "9": 0,
      "10": 0,
      "11": 0,
      "12": 0,
      "13": 0,
      "14": 0,
      "15": 0,
      "16": 0
    },
    "f": { "0": 0, "1": 0 },
    "b": { "0": [0, 0], "1": [0, 0], "2": [0, 0] }
  },
  "C:\\Users\\Trond Arne Graabræk\\skole\\webapplikasjoner\\webapplikasjoner_eksamen\\rorlegger\\client\\src\\layouts\\Footer.js": {
    "path": "C:\\Users\\Trond Arne Graabræk\\skole\\webapplikasjoner\\webapplikasjoner_eksamen\\rorlegger\\client\\src\\layouts\\Footer.js",
    "statementMap": {
      "0": {
        "start": { "line": 4, "column": 2 },
        "end": { "line": 12, "column": 4 }
      }
    },
    "fnMap": {
      "0": {
        "name": "Footer",
        "decl": {
          "start": { "line": 3, "column": 9 },
          "end": { "line": 3, "column": 15 }
        },
        "loc": {
          "start": { "line": 3, "column": 18 },
          "end": { "line": 13, "column": 1 }
        },
        "line": 3
      }
    },
    "branchMap": {},
    "s": { "0": 0 },
    "f": { "0": 0 },
    "b": {}
  },
  "C:\\Users\\Trond Arne Graabræk\\skole\\webapplikasjoner\\webapplikasjoner_eksamen\\rorlegger\\client\\src\\layouts\\Main.js": {
    "path": "C:\\Users\\Trond Arne Graabræk\\skole\\webapplikasjoner\\webapplikasjoner_eksamen\\rorlegger\\client\\src\\layouts\\Main.js",
    "statementMap": {
      "0": {
        "start": { "line": 2, "column": 2 },
        "end": { "line": 2, "column": 18 }
      }
    },
    "fnMap": {
      "0": {
        "name": "Main",
        "decl": {
          "start": { "line": 1, "column": 9 },
          "end": { "line": 1, "column": 13 }
        },
        "loc": {
          "start": { "line": 1, "column": 16 },
          "end": { "line": 3, "column": 1 }
        },
        "line": 1
      }
    },
    "branchMap": {},
    "s": { "0": 0 },
    "f": { "0": 0 },
    "b": {}
  },
  "C:\\Users\\Trond Arne Graabræk\\skole\\webapplikasjoner\\webapplikasjoner_eksamen\\rorlegger\\client\\src\\layouts\\Nav.js": {
    "path": "C:\\Users\\Trond Arne Graabræk\\skole\\webapplikasjoner\\webapplikasjoner_eksamen\\rorlegger\\client\\src\\layouts\\Nav.js",
    "statementMap": {
      "0": {
        "start": { "line": 15, "column": 15 },
        "end": { "line": 15, "column": 57 }
      },
      "1": {
        "start": { "line": 15, "column": 38 },
        "end": { "line": 15, "column": 56 }
      },
      "2": {
        "start": { "line": 17, "column": 20 },
        "end": { "line": 57, "column": 3 }
      },
      "3": {
        "start": { "line": 18, "column": 23 },
        "end": { "line": 22, "column": 5 }
      },
      "4": {
        "start": { "line": 19, "column": 6 },
        "end": { "line": 21, "column": 9 }
      },
      "5": {
        "start": { "line": 20, "column": 8 },
        "end": { "line": 20, "column": 33 }
      },
      "6": {
        "start": { "line": 23, "column": 19 },
        "end": { "line": 23, "column": 21 }
      },
      "7": {
        "start": { "line": 24, "column": 4 },
        "end": { "line": 34, "column": 5 }
      },
      "8": {
        "start": { "line": 25, "column": 6 },
        "end": { "line": 25, "column": 25 }
      },
      "9": {
        "start": { "line": 26, "column": 11 },
        "end": { "line": 34, "column": 5 }
      },
      "10": {
        "start": { "line": 27, "column": 6 },
        "end": { "line": 27, "column": 26 }
      },
      "11": {
        "start": { "line": 28, "column": 11 },
        "end": { "line": 34, "column": 5 }
      },
      "12": {
        "start": { "line": 29, "column": 6 },
        "end": { "line": 29, "column": 26 }
      },
      "13": {
        "start": { "line": 30, "column": 11 },
        "end": { "line": 34, "column": 5 }
      },
      "14": {
        "start": { "line": 31, "column": 6 },
        "end": { "line": 31, "column": 27 }
      },
      "15": {
        "start": { "line": 33, "column": 6 },
        "end": { "line": 33, "column": 26 }
      },
      "16": {
        "start": { "line": 36, "column": 4 },
        "end": { "line": 56, "column": 5 }
      },
      "17": {
        "start": { "line": 37, "column": 6 },
        "end": { "line": 41, "column": 8 }
      },
      "18": {
        "start": { "line": 43, "column": 6 },
        "end": { "line": 55, "column": 8 }
      },
      "19": {
        "start": { "line": 59, "column": 2 },
        "end": { "line": 86, "column": 4 }
      }
    },
    "fnMap": {
      "0": {
        "name": "Nav",
        "decl": {
          "start": { "line": 14, "column": 9 },
          "end": { "line": 14, "column": 12 }
        },
        "loc": {
          "start": { "line": 14, "column": 15 },
          "end": { "line": 87, "column": 1 }
        },
        "line": 14
      },
      "1": {
        "name": "(anonymous_1)",
        "decl": {
          "start": { "line": 15, "column": 27 },
          "end": { "line": 15, "column": 28 }
        },
        "loc": {
          "start": { "line": 15, "column": 38 },
          "end": { "line": 15, "column": 56 }
        },
        "line": 15
      },
      "2": {
        "name": "(anonymous_2)",
        "decl": {
          "start": { "line": 17, "column": 20 },
          "end": { "line": 17, "column": 21 }
        },
        "loc": {
          "start": { "line": 17, "column": 26 },
          "end": { "line": 57, "column": 3 }
        },
        "line": 17
      },
      "3": {
        "name": "(anonymous_3)",
        "decl": {
          "start": { "line": 18, "column": 23 },
          "end": { "line": 18, "column": 24 }
        },
        "loc": {
          "start": { "line": 18, "column": 29 },
          "end": { "line": 22, "column": 5 }
        },
        "line": 18
      },
      "4": {
        "name": "(anonymous_4)",
        "decl": {
          "start": { "line": 19, "column": 29 },
          "end": { "line": 19, "column": 30 }
        },
        "loc": {
          "start": { "line": 19, "column": 35 },
          "end": { "line": 21, "column": 7 }
        },
        "line": 19
      }
    },
    "branchMap": {
      "0": {
        "loc": {
          "start": { "line": 24, "column": 4 },
          "end": { "line": 34, "column": 5 }
        },
        "type": "if",
        "locations": [
          {
            "start": { "line": 24, "column": 4 },
            "end": { "line": 34, "column": 5 }
          },
          {
            "start": { "line": 24, "column": 4 },
            "end": { "line": 34, "column": 5 }
          }
        ],
        "line": 24
      },
      "1": {
        "loc": {
          "start": { "line": 26, "column": 11 },
          "end": { "line": 34, "column": 5 }
        },
        "type": "if",
        "locations": [
          {
            "start": { "line": 26, "column": 11 },
            "end": { "line": 34, "column": 5 }
          },
          {
            "start": { "line": 26, "column": 11 },
            "end": { "line": 34, "column": 5 }
          }
        ],
        "line": 26
      },
      "2": {
        "loc": {
          "start": { "line": 28, "column": 11 },
          "end": { "line": 34, "column": 5 }
        },
        "type": "if",
        "locations": [
          {
            "start": { "line": 28, "column": 11 },
            "end": { "line": 34, "column": 5 }
          },
          {
            "start": { "line": 28, "column": 11 },
            "end": { "line": 34, "column": 5 }
          }
        ],
        "line": 28
      },
      "3": {
        "loc": {
          "start": { "line": 30, "column": 11 },
          "end": { "line": 34, "column": 5 }
        },
        "type": "if",
        "locations": [
          {
            "start": { "line": 30, "column": 11 },
            "end": { "line": 34, "column": 5 }
          },
          {
            "start": { "line": 30, "column": 11 },
            "end": { "line": 34, "column": 5 }
          }
        ],
        "line": 30
      },
      "4": {
        "loc": {
          "start": { "line": 36, "column": 4 },
          "end": { "line": 56, "column": 5 }
        },
        "type": "if",
        "locations": [
          {
            "start": { "line": 36, "column": 4 },
            "end": { "line": 56, "column": 5 }
          },
          {
            "start": { "line": 36, "column": 4 },
            "end": { "line": 56, "column": 5 }
          }
        ],
        "line": 36
      },
      "5": {
        "loc": {
          "start": { "line": 75, "column": 11 },
          "end": { "line": 81, "column": 11 }
        },
        "type": "cond-expr",
        "locations": [
          {
            "start": { "line": 76, "column": 12 },
            "end": { "line": 78, "column": 28 }
          },
          {
            "start": { "line": 80, "column": 12 },
            "end": { "line": 80, "column": 20 }
          }
        ],
        "line": 75
      }
    },
    "s": {
      "0": 3,
      "1": 6,
      "2": 3,
      "3": 3,
      "4": 0,
      "5": 0,
      "6": 3,
      "7": 3,
      "8": 0,
      "9": 3,
      "10": 0,
      "11": 3,
      "12": 0,
      "13": 3,
      "14": 0,
      "15": 3,
      "16": 3,
      "17": 2,
      "18": 1,
      "19": 3
    },
    "f": { "0": 3, "1": 6, "2": 3, "3": 0, "4": 0 },
    "b": {
      "0": [0, 3],
      "1": [0, 3],
      "2": [0, 3],
      "3": [0, 3],
      "4": [2, 1],
      "5": [1, 2]
    },
    "_coverageSchema": "1a1c01bbd47fc00a2c39e90264f33305004495a9",
    "hash": "0e61b0f6f7294d28a8b2095857cd0e7edaa5e0dd"
  },
  "C:\\Users\\Trond Arne Graabræk\\skole\\webapplikasjoner\\webapplikasjoner_eksamen\\rorlegger\\client\\src\\pages\\ArticleDetails.js": {
    "path": "C:\\Users\\Trond Arne Graabræk\\skole\\webapplikasjoner\\webapplikasjoner_eksamen\\rorlegger\\client\\src\\pages\\ArticleDetails.js",
    "statementMap": {
      "0": {
        "start": { "line": 24, "column": 17 },
        "end": { "line": 24, "column": 28 }
      },
      "1": {
        "start": { "line": 25, "column": 15 },
        "end": { "line": 25, "column": 57 }
      },
      "2": {
        "start": { "line": 25, "column": 38 },
        "end": { "line": 25, "column": 56 }
      },
      "3": {
        "start": { "line": 26, "column": 32 },
        "end": { "line": 26, "column": 44 }
      },
      "4": {
        "start": { "line": 27, "column": 58 },
        "end": { "line": 27, "column": 73 }
      },
      "5": {
        "start": { "line": 29, "column": 2 },
        "end": { "line": 48, "column": 9 }
      },
      "6": {
        "start": { "line": 31, "column": 4 },
        "end": { "line": 47, "column": 5 }
      },
      "7": {
        "start": { "line": 32, "column": 6 },
        "end": { "line": 36, "column": 7 }
      },
      "8": {
        "start": { "line": 33, "column": 8 },
        "end": { "line": 33, "column": 48 }
      },
      "9": {
        "start": { "line": 35, "column": 8 },
        "end": { "line": 35, "column": 51 }
      },
      "10": {
        "start": { "line": 37, "column": 6 },
        "end": { "line": 37, "column": 23 }
      },
      "11": {
        "start": { "line": 38, "column": 6 },
        "end": { "line": 38, "column": 35 }
      },
      "12": {
        "start": { "line": 40, "column": 6 },
        "end": { "line": 46, "column": 7 }
      },
      "13": {
        "start": { "line": 41, "column": 8 },
        "end": { "line": 45, "column": 9 }
      },
      "14": {
        "start": { "line": 42, "column": 10 },
        "end": { "line": 42, "column": 47 }
      },
      "15": {
        "start": { "line": 44, "column": 10 },
        "end": { "line": 44, "column": 40 }
      },
      "16": {
        "start": { "line": 50, "column": 20 },
        "end": { "line": 60, "column": 3 }
      },
      "17": {
        "start": { "line": 51, "column": 4 },
        "end": { "line": 58, "column": 5 }
      },
      "18": {
        "start": { "line": 52, "column": 19 },
        "end": { "line": 52, "column": 44 }
      },
      "19": {
        "start": { "line": 53, "column": 6 },
        "end": { "line": 57, "column": 8 }
      },
      "20": {
        "start": { "line": 59, "column": 4 },
        "end": { "line": 59, "column": 16 }
      },
      "21": {
        "start": { "line": 62, "column": 19 },
        "end": { "line": 74, "column": 3 }
      },
      "22": {
        "start": { "line": 64, "column": 4 },
        "end": { "line": 68, "column": 5 }
      },
      "23": {
        "start": { "line": 65, "column": 6 },
        "end": { "line": 65, "column": 34 }
      },
      "24": {
        "start": { "line": 67, "column": 6 },
        "end": { "line": 67, "column": 53 }
      },
      "25": {
        "start": { "line": 69, "column": 4 },
        "end": { "line": 73, "column": 6 }
      },
      "26": {
        "start": { "line": 76, "column": 22 },
        "end": { "line": 89, "column": 3 }
      },
      "27": {
        "start": { "line": 77, "column": 4 },
        "end": { "line": 83, "column": 5 }
      },
      "28": {
        "start": { "line": 78, "column": 6 },
        "end": { "line": 82, "column": 8 }
      },
      "29": {
        "start": { "line": 84, "column": 4 },
        "end": { "line": 88, "column": 6 }
      },
      "30": {
        "start": { "line": 91, "column": 31 },
        "end": { "line": 93, "column": 3 }
      },
      "31": {
        "start": { "line": 92, "column": 4 },
        "end": { "line": 92, "column": 34 }
      },
      "32": {
        "start": { "line": 95, "column": 21 },
        "end": { "line": 97, "column": 3 }
      },
      "33": {
        "start": { "line": 96, "column": 4 },
        "end": { "line": 96, "column": 35 }
      },
      "34": {
        "start": { "line": 99, "column": 23 },
        "end": { "line": 112, "column": 3 }
      },
      "35": {
        "start": { "line": 100, "column": 4 },
        "end": { "line": 110, "column": 5 }
      },
      "36": {
        "start": { "line": 101, "column": 6 },
        "end": { "line": 109, "column": 8 }
      },
      "37": {
        "start": { "line": 111, "column": 4 },
        "end": { "line": 111, "column": 16 }
      },
      "38": {
        "start": { "line": 114, "column": 2 },
        "end": { "line": 124, "column": 3 }
      },
      "39": {
        "start": { "line": 115, "column": 4 },
        "end": { "line": 123, "column": 6 }
      },
      "40": {
        "start": { "line": 126, "column": 2 },
        "end": { "line": 152, "column": 4 }
      }
    },
    "fnMap": {
      "0": {
        "name": "ArticleDetails",
        "decl": {
          "start": { "line": 23, "column": 9 },
          "end": { "line": 23, "column": 23 }
        },
        "loc": {
          "start": { "line": 23, "column": 26 },
          "end": { "line": 153, "column": 1 }
        },
        "line": 23
      },
      "1": {
        "name": "(anonymous_1)",
        "decl": {
          "start": { "line": 25, "column": 27 },
          "end": { "line": 25, "column": 28 }
        },
        "loc": {
          "start": { "line": 25, "column": 38 },
          "end": { "line": 25, "column": 56 }
        },
        "line": 25
      },
      "2": {
        "name": "(anonymous_2)",
        "decl": {
          "start": { "line": 29, "column": 12 },
          "end": { "line": 29, "column": 13 }
        },
        "loc": {
          "start": { "line": 29, "column": 24 },
          "end": { "line": 48, "column": 3 }
        },
        "line": 29
      },
      "3": {
        "name": "(anonymous_3)",
        "decl": {
          "start": { "line": 50, "column": 20 },
          "end": { "line": 50, "column": 21 }
        },
        "loc": {
          "start": { "line": 50, "column": 26 },
          "end": { "line": 60, "column": 3 }
        },
        "line": 50
      },
      "4": {
        "name": "(anonymous_4)",
        "decl": {
          "start": { "line": 62, "column": 19 },
          "end": { "line": 62, "column": 20 }
        },
        "loc": {
          "start": { "line": 62, "column": 25 },
          "end": { "line": 74, "column": 3 }
        },
        "line": 62
      },
      "5": {
        "name": "(anonymous_5)",
        "decl": {
          "start": { "line": 76, "column": 22 },
          "end": { "line": 76, "column": 23 }
        },
        "loc": {
          "start": { "line": 76, "column": 28 },
          "end": { "line": 89, "column": 3 }
        },
        "line": 76
      },
      "6": {
        "name": "(anonymous_6)",
        "decl": {
          "start": { "line": 91, "column": 31 },
          "end": { "line": 91, "column": 32 }
        },
        "loc": {
          "start": { "line": 91, "column": 37 },
          "end": { "line": 93, "column": 3 }
        },
        "line": 91
      },
      "7": {
        "name": "(anonymous_7)",
        "decl": {
          "start": { "line": 95, "column": 21 },
          "end": { "line": 95, "column": 22 }
        },
        "loc": {
          "start": { "line": 95, "column": 27 },
          "end": { "line": 97, "column": 3 }
        },
        "line": 95
      },
      "8": {
        "name": "(anonymous_8)",
        "decl": {
          "start": { "line": 99, "column": 23 },
          "end": { "line": 99, "column": 24 }
        },
        "loc": {
          "start": { "line": 99, "column": 29 },
          "end": { "line": 112, "column": 3 }
        },
        "line": 99
      }
    },
    "branchMap": {
      "0": {
        "loc": {
          "start": { "line": 32, "column": 6 },
          "end": { "line": 36, "column": 7 }
        },
        "type": "if",
        "locations": [
          {
            "start": { "line": 32, "column": 6 },
            "end": { "line": 36, "column": 7 }
          },
          {
            "start": { "line": 32, "column": 6 },
            "end": { "line": 36, "column": 7 }
          }
        ],
        "line": 32
      },
      "1": {
        "loc": {
          "start": { "line": 40, "column": 6 },
          "end": { "line": 46, "column": 7 }
        },
        "type": "if",
        "locations": [
          {
            "start": { "line": 40, "column": 6 },
            "end": { "line": 46, "column": 7 }
          },
          {
            "start": { "line": 40, "column": 6 },
            "end": { "line": 46, "column": 7 }
          }
        ],
        "line": 40
      },
      "2": {
        "loc": {
          "start": { "line": 41, "column": 8 },
          "end": { "line": 45, "column": 9 }
        },
        "type": "if",
        "locations": [
          {
            "start": { "line": 41, "column": 8 },
            "end": { "line": 45, "column": 9 }
          },
          {
            "start": { "line": 41, "column": 8 },
            "end": { "line": 45, "column": 9 }
          }
        ],
        "line": 41
      },
      "3": {
        "loc": {
          "start": { "line": 41, "column": 12 },
          "end": { "line": 41, "column": 51 }
        },
        "type": "binary-expr",
        "locations": [
          {
            "start": { "line": 41, "column": 12 },
            "end": { "line": 41, "column": 22 }
          },
          {
            "start": { "line": 41, "column": 26 },
            "end": { "line": 41, "column": 51 }
          }
        ],
        "line": 41
      },
      "4": {
        "loc": {
          "start": { "line": 51, "column": 4 },
          "end": { "line": 58, "column": 5 }
        },
        "type": "if",
        "locations": [
          {
            "start": { "line": 51, "column": 4 },
            "end": { "line": 58, "column": 5 }
          },
          {
            "start": { "line": 51, "column": 4 },
            "end": { "line": 58, "column": 5 }
          }
        ],
        "line": 51
      },
      "5": {
        "loc": {
          "start": { "line": 64, "column": 4 },
          "end": { "line": 68, "column": 5 }
        },
        "type": "if",
        "locations": [
          {
            "start": { "line": 64, "column": 4 },
            "end": { "line": 68, "column": 5 }
          },
          {
            "start": { "line": 64, "column": 4 },
            "end": { "line": 68, "column": 5 }
          }
        ],
        "line": 64
      },
      "6": {
        "loc": {
          "start": { "line": 77, "column": 4 },
          "end": { "line": 83, "column": 5 }
        },
        "type": "if",
        "locations": [
          {
            "start": { "line": 77, "column": 4 },
            "end": { "line": 83, "column": 5 }
          },
          {
            "start": { "line": 77, "column": 4 },
            "end": { "line": 83, "column": 5 }
          }
        ],
        "line": 77
      },
      "7": {
        "loc": {
          "start": { "line": 77, "column": 8 },
          "end": { "line": 77, "column": 50 }
        },
        "type": "binary-expr",
        "locations": [
          {
            "start": { "line": 77, "column": 8 },
            "end": { "line": 77, "column": 22 }
          },
          {
            "start": { "line": 77, "column": 26 },
            "end": { "line": 77, "column": 50 }
          }
        ],
        "line": 77
      },
      "8": {
        "loc": {
          "start": { "line": 100, "column": 4 },
          "end": { "line": 110, "column": 5 }
        },
        "type": "if",
        "locations": [
          {
            "start": { "line": 100, "column": 4 },
            "end": { "line": 110, "column": 5 }
          },
          {
            "start": { "line": 100, "column": 4 },
            "end": { "line": 110, "column": 5 }
          }
        ],
        "line": 100
      },
      "9": {
        "loc": {
          "start": { "line": 100, "column": 8 },
          "end": { "line": 100, "column": 46 }
        },
        "type": "binary-expr",
        "locations": [
          {
            "start": { "line": 100, "column": 8 },
            "end": { "line": 100, "column": 27 }
          },
          {
            "start": { "line": 100, "column": 31 },
            "end": { "line": 100, "column": 46 }
          }
        ],
        "line": 100
      },
      "10": {
        "loc": {
          "start": { "line": 114, "column": 2 },
          "end": { "line": 124, "column": 3 }
        },
        "type": "if",
        "locations": [
          {
            "start": { "line": 114, "column": 2 },
            "end": { "line": 124, "column": 3 }
          },
          {
            "start": { "line": 114, "column": 2 },
            "end": { "line": 124, "column": 3 }
          }
        ],
        "line": 114
      },
      "11": {
        "loc": {
          "start": { "line": 147, "column": 9 },
          "end": { "line": 149, "column": 16 }
        },
        "type": "cond-expr",
        "locations": [
          {
            "start": { "line": 148, "column": 10 },
            "end": { "line": 148, "column": 78 }
          },
          {
            "start": { "line": 149, "column": 12 },
            "end": { "line": 149, "column": 16 }
          }
        ],
        "line": 147
      }
    },
    "s": {
      "0": 0,
      "1": 0,
      "2": 0,
      "3": 0,
      "4": 0,
      "5": 0,
      "6": 0,
      "7": 0,
      "8": 0,
      "9": 0,
      "10": 0,
      "11": 0,
      "12": 0,
      "13": 0,
      "14": 0,
      "15": 0,
      "16": 0,
      "17": 0,
      "18": 0,
      "19": 0,
      "20": 0,
      "21": 0,
      "22": 0,
      "23": 0,
      "24": 0,
      "25": 0,
      "26": 0,
      "27": 0,
      "28": 0,
      "29": 0,
      "30": 0,
      "31": 0,
      "32": 0,
      "33": 0,
      "34": 0,
      "35": 0,
      "36": 0,
      "37": 0,
      "38": 0,
      "39": 0,
      "40": 0
    },
    "f": {
      "0": 0,
      "1": 0,
      "2": 0,
      "3": 0,
      "4": 0,
      "5": 0,
      "6": 0,
      "7": 0,
      "8": 0
    },
    "b": {
      "0": [0, 0],
      "1": [0, 0],
      "2": [0, 0],
      "3": [0, 0],
      "4": [0, 0],
      "5": [0, 0],
      "6": [0, 0],
      "7": [0, 0],
      "8": [0, 0],
      "9": [0, 0],
      "10": [0, 0],
      "11": [0, 0]
    }
  },
  "C:\\Users\\Trond Arne Graabræk\\skole\\webapplikasjoner\\webapplikasjoner_eksamen\\rorlegger\\client\\src\\pages\\Articles.js": {
    "path": "C:\\Users\\Trond Arne Graabræk\\skole\\webapplikasjoner\\webapplikasjoner_eksamen\\rorlegger\\client\\src\\pages\\Articles.js",
    "statementMap": {
      "0": {
        "start": { "line": 30, "column": 19 },
        "end": { "line": 30, "column": 57 }
      },
      "1": {
        "start": { "line": 30, "column": 42 },
        "end": { "line": 30, "column": 56 }
      },
      "2": {
        "start": { "line": 31, "column": 50 },
        "end": { "line": 31, "column": 62 }
      },
      "3": {
        "start": { "line": 32, "column": 52 },
        "end": { "line": 32, "column": 64 }
      },
      "4": {
        "start": { "line": 33, "column": 40 },
        "end": { "line": 33, "column": 51 }
      },
      "5": {
        "start": { "line": 34, "column": 38 },
        "end": { "line": 34, "column": 50 }
      },
      "6": {
        "start": { "line": 35, "column": 42 },
        "end": { "line": 35, "column": 54 }
      },
      "7": {
        "start": { "line": 36, "column": 46 },
        "end": { "line": 36, "column": 58 }
      },
      "8": {
        "start": { "line": 37, "column": 15 },
        "end": { "line": 37, "column": 57 }
      },
      "9": {
        "start": { "line": 37, "column": 38 },
        "end": { "line": 37, "column": 56 }
      },
      "10": {
        "start": { "line": 38, "column": 19 },
        "end": { "line": 38, "column": 32 }
      },
      "11": {
        "start": { "line": 40, "column": 18 },
        "end": { "line": 67, "column": 3 }
      },
      "12": {
        "start": { "line": 41, "column": 4 },
        "end": { "line": 66, "column": 5 }
      },
      "13": {
        "start": { "line": 43, "column": 6 },
        "end": { "line": 47, "column": 7 }
      },
      "14": {
        "start": { "line": 44, "column": 8 },
        "end": { "line": 44, "column": 37 }
      },
      "15": {
        "start": { "line": 46, "column": 8 },
        "end": { "line": 46, "column": 50 }
      },
      "16": {
        "start": { "line": 48, "column": 6 },
        "end": { "line": 51, "column": 9 }
      },
      "17": {
        "start": { "line": 52, "column": 6 },
        "end": { "line": 52, "column": 45 }
      },
      "18": {
        "start": { "line": 53, "column": 21 },
        "end": { "line": 53, "column": 49 }
      },
      "19": {
        "start": { "line": 54, "column": 6 },
        "end": { "line": 57, "column": 9 }
      },
      "20": {
        "start": { "line": 58, "column": 6 },
        "end": { "line": 58, "column": 59 }
      },
      "21": {
        "start": { "line": 60, "column": 6 },
        "end": { "line": 60, "column": 32 }
      },
      "22": {
        "start": { "line": 62, "column": 6 },
        "end": { "line": 65, "column": 7 }
      },
      "23": {
        "start": { "line": 63, "column": 8 },
        "end": { "line": 63, "column": 60 }
      },
      "24": {
        "start": { "line": 64, "column": 8 },
        "end": { "line": 64, "column": 25 }
      },
      "25": {
        "start": { "line": 69, "column": 2 },
        "end": { "line": 71, "column": 9 }
      },
      "26": {
        "start": { "line": 70, "column": 4 },
        "end": { "line": 70, "column": 14 }
      },
      "27": {
        "start": { "line": 73, "column": 23 },
        "end": { "line": 111, "column": 3 }
      },
      "28": {
        "start": { "line": 74, "column": 4 },
        "end": { "line": 109, "column": 5 }
      },
      "29": {
        "start": { "line": 79, "column": 6 },
        "end": { "line": 108, "column": 9 }
      },
      "30": {
        "start": { "line": 80, "column": 8 },
        "end": { "line": 107, "column": 32 }
      },
      "31": {
        "start": { "line": 110, "column": 4 },
        "end": { "line": 110, "column": 16 }
      },
      "32": {
        "start": { "line": 113, "column": 27 },
        "end": { "line": 122, "column": 3 }
      },
      "33": {
        "start": { "line": 114, "column": 4 },
        "end": { "line": 120, "column": 5 }
      },
      "34": {
        "start": { "line": 115, "column": 6 },
        "end": { "line": 119, "column": 8 }
      },
      "35": {
        "start": { "line": 121, "column": 4 },
        "end": { "line": 121, "column": 16 }
      },
      "36": {
        "start": { "line": 124, "column": 29 },
        "end": { "line": 126, "column": 3 }
      },
      "37": {
        "start": { "line": 125, "column": 4 },
        "end": { "line": 125, "column": 38 }
      },
      "38": {
        "start": { "line": 128, "column": 23 },
        "end": { "line": 142, "column": 3 }
      },
      "39": {
        "start": { "line": 129, "column": 4 },
        "end": { "line": 141, "column": 5 }
      },
      "40": {
        "start": { "line": 130, "column": 6 },
        "end": { "line": 138, "column": 9 }
      },
      "41": {
        "start": { "line": 131, "column": 8 },
        "end": { "line": 137, "column": 17 }
      },
      "42": {
        "start": { "line": 140, "column": 6 },
        "end": { "line": 140, "column": 18 }
      },
      "43": {
        "start": { "line": 144, "column": 31 },
        "end": { "line": 146, "column": 3 }
      },
      "44": {
        "start": { "line": 145, "column": 4 },
        "end": { "line": 145, "column": 40 }
      },
      "45": {
        "start": { "line": 148, "column": 36 },
        "end": { "line": 168, "column": 3 }
      },
      "46": {
        "start": { "line": 149, "column": 29 },
        "end": { "line": 149, "column": 37 }
      },
      "47": {
        "start": { "line": 150, "column": 4 },
        "end": { "line": 157, "column": 5 }
      },
      "48": {
        "start": { "line": 151, "column": 6 },
        "end": { "line": 156, "column": 9 }
      },
      "49": {
        "start": { "line": 152, "column": 8 },
        "end": { "line": 154, "column": 9 }
      },
      "50": {
        "start": { "line": 153, "column": 10 },
        "end": { "line": 153, "column": 57 }
      },
      "51": {
        "start": { "line": 155, "column": 8 },
        "end": { "line": 155, "column": 21 }
      },
      "52": {
        "start": { "line": 158, "column": 21 },
        "end": { "line": 158, "column": 50 }
      },
      "53": {
        "start": { "line": 160, "column": 4 },
        "end": { "line": 166, "column": 5 }
      },
      "54": {
        "start": { "line": 161, "column": 6 },
        "end": { "line": 163, "column": 8 }
      },
      "55": {
        "start": { "line": 162, "column": 8 },
        "end": { "line": 162, "column": 36 }
      },
      "56": {
        "start": { "line": 165, "column": 6 },
        "end": { "line": 165, "column": 20 }
      },
      "57": {
        "start": { "line": 167, "column": 4 },
        "end": { "line": 167, "column": 34 }
      },
      "58": {
        "start": { "line": 170, "column": 2 },
        "end": { "line": 173, "column": 37 }
      },
      "59": {
        "start": { "line": 172, "column": 4 },
        "end": { "line": 172, "column": 32 }
      },
      "60": {
        "start": { "line": 175, "column": 23 },
        "end": { "line": 190, "column": 3 }
      },
      "61": {
        "start": { "line": 176, "column": 18 },
        "end": { "line": 176, "column": 20 }
      },
      "62": {
        "start": { "line": 177, "column": 25 },
        "end": { "line": 177, "column": 27 }
      },
      "63": {
        "start": { "line": 179, "column": 4 },
        "end": { "line": 185, "column": 5 }
      },
      "64": {
        "start": { "line": 179, "column": 17 },
        "end": { "line": 179, "column": 18 }
      },
      "65": {
        "start": { "line": 180, "column": 6 },
        "end": { "line": 180, "column": 47 }
      },
      "66": {
        "start": { "line": 181, "column": 6 },
        "end": { "line": 184, "column": 7 }
      },
      "67": {
        "start": { "line": 182, "column": 8 },
        "end": { "line": 182, "column": 35 }
      },
      "68": {
        "start": { "line": 183, "column": 8 },
        "end": { "line": 183, "column": 28 }
      },
      "69": {
        "start": { "line": 186, "column": 4 },
        "end": { "line": 188, "column": 5 }
      },
      "70": {
        "start": { "line": 187, "column": 6 },
        "end": { "line": 187, "column": 33 }
      },
      "71": {
        "start": { "line": 189, "column": 4 },
        "end": { "line": 189, "column": 32 }
      },
      "72": {
        "start": { "line": 192, "column": 2 },
        "end": { "line": 194, "column": 25 }
      },
      "73": {
        "start": { "line": 193, "column": 4 },
        "end": { "line": 193, "column": 19 }
      },
      "74": {
        "start": { "line": 196, "column": 34 },
        "end": { "line": 203, "column": 3 }
      },
      "75": {
        "start": { "line": 197, "column": 25 },
        "end": { "line": 199, "column": 5 }
      },
      "76": {
        "start": { "line": 200, "column": 4 },
        "end": { "line": 202, "column": 5 }
      },
      "77": {
        "start": { "line": 201, "column": 6 },
        "end": { "line": 201, "column": 43 }
      },
      "78": {
        "start": { "line": 205, "column": 2 },
        "end": { "line": 207, "column": 20 }
      },
      "79": {
        "start": { "line": 206, "column": 4 },
        "end": { "line": 206, "column": 30 }
      },
      "80": {
        "start": { "line": 209, "column": 21 },
        "end": { "line": 211, "column": 3 }
      },
      "81": {
        "start": { "line": 210, "column": 4 },
        "end": { "line": 210, "column": 37 }
      },
      "82": {
        "start": { "line": 213, "column": 19 },
        "end": { "line": 217, "column": 3 }
      },
      "83": {
        "start": { "line": 214, "column": 4 },
        "end": { "line": 216, "column": 5 }
      },
      "84": {
        "start": { "line": 215, "column": 6 },
        "end": { "line": 215, "column": 48 }
      },
      "85": {
        "start": { "line": 219, "column": 23 },
        "end": { "line": 223, "column": 3 }
      },
      "86": {
        "start": { "line": 220, "column": 4 },
        "end": { "line": 222, "column": 5 }
      },
      "87": {
        "start": { "line": 221, "column": 6 },
        "end": { "line": 221, "column": 38 }
      },
      "88": {
        "start": { "line": 225, "column": 21 },
        "end": { "line": 258, "column": 3 }
      },
      "89": {
        "start": { "line": 226, "column": 4 },
        "end": { "line": 257, "column": 5 }
      },
      "90": {
        "start": { "line": 227, "column": 6 },
        "end": { "line": 256, "column": 8 }
      },
      "91": {
        "start": { "line": 244, "column": 12 },
        "end": { "line": 253, "column": 35 }
      },
      "92": {
        "start": { "line": 260, "column": 2 },
        "end": { "line": 295, "column": 4 }
      }
    },
    "fnMap": {
      "0": {
        "name": "Articles",
        "decl": {
          "start": { "line": 29, "column": 9 },
          "end": { "line": 29, "column": 17 }
        },
        "loc": {
          "start": { "line": 29, "column": 20 },
          "end": { "line": 296, "column": 1 }
        },
        "line": 29
      },
      "1": {
        "name": "(anonymous_1)",
        "decl": {
          "start": { "line": 30, "column": 31 },
          "end": { "line": 30, "column": 32 }
        },
        "loc": {
          "start": { "line": 30, "column": 42 },
          "end": { "line": 30, "column": 56 }
        },
        "line": 30
      },
      "2": {
        "name": "(anonymous_2)",
        "decl": {
          "start": { "line": 37, "column": 27 },
          "end": { "line": 37, "column": 28 }
        },
        "loc": {
          "start": { "line": 37, "column": 38 },
          "end": { "line": 37, "column": 56 }
        },
        "line": 37
      },
      "3": {
        "name": "(anonymous_3)",
        "decl": {
          "start": { "line": 40, "column": 18 },
          "end": { "line": 40, "column": 19 }
        },
        "loc": {
          "start": { "line": 40, "column": 30 },
          "end": { "line": 67, "column": 3 }
        },
        "line": 40
      },
      "4": {
        "name": "(anonymous_4)",
        "decl": {
          "start": { "line": 69, "column": 12 },
          "end": { "line": 69, "column": 13 }
        },
        "loc": {
          "start": { "line": 69, "column": 18 },
          "end": { "line": 71, "column": 3 }
        },
        "line": 69
      },
      "5": {
        "name": "(anonymous_5)",
        "decl": {
          "start": { "line": 73, "column": 23 },
          "end": { "line": 73, "column": 24 }
        },
        "loc": {
          "start": { "line": 73, "column": 29 },
          "end": { "line": 111, "column": 3 }
        },
        "line": 73
      },
      "6": {
        "name": "(anonymous_6)",
        "decl": {
          "start": { "line": 79, "column": 48 },
          "end": { "line": 79, "column": 49 }
        },
        "loc": {
          "start": { "line": 80, "column": 8 },
          "end": { "line": 107, "column": 32 }
        },
        "line": 80
      },
      "7": {
        "name": "(anonymous_7)",
        "decl": {
          "start": { "line": 113, "column": 27 },
          "end": { "line": 113, "column": 28 }
        },
        "loc": {
          "start": { "line": 113, "column": 33 },
          "end": { "line": 122, "column": 3 }
        },
        "line": 113
      },
      "8": {
        "name": "(anonymous_8)",
        "decl": {
          "start": { "line": 124, "column": 29 },
          "end": { "line": 124, "column": 30 }
        },
        "loc": {
          "start": { "line": 124, "column": 38 },
          "end": { "line": 126, "column": 3 }
        },
        "line": 124
      },
      "9": {
        "name": "(anonymous_9)",
        "decl": {
          "start": { "line": 128, "column": 23 },
          "end": { "line": 128, "column": 24 }
        },
        "loc": {
          "start": { "line": 128, "column": 29 },
          "end": { "line": 142, "column": 3 }
        },
        "line": 128
      },
      "10": {
        "name": "(anonymous_10)",
        "decl": {
          "start": { "line": 130, "column": 28 },
          "end": { "line": 130, "column": 29 }
        },
        "loc": {
          "start": { "line": 131, "column": 8 },
          "end": { "line": 137, "column": 17 }
        },
        "line": 131
      },
      "11": {
        "name": "(anonymous_11)",
        "decl": {
          "start": { "line": 144, "column": 31 },
          "end": { "line": 144, "column": 32 }
        },
        "loc": {
          "start": { "line": 144, "column": 40 },
          "end": { "line": 146, "column": 3 }
        },
        "line": 144
      },
      "12": {
        "name": "(anonymous_12)",
        "decl": {
          "start": { "line": 148, "column": 36 },
          "end": { "line": 148, "column": 37 }
        },
        "loc": {
          "start": { "line": 148, "column": 42 },
          "end": { "line": 168, "column": 3 }
        },
        "line": 148
      },
      "13": {
        "name": "(anonymous_13)",
        "decl": {
          "start": { "line": 151, "column": 43 },
          "end": { "line": 151, "column": 44 }
        },
        "loc": {
          "start": { "line": 151, "column": 56 },
          "end": { "line": 156, "column": 7 }
        },
        "line": 151
      },
      "14": {
        "name": "(anonymous_14)",
        "decl": {
          "start": { "line": 161, "column": 43 },
          "end": { "line": 161, "column": 44 }
        },
        "loc": {
          "start": { "line": 162, "column": 8 },
          "end": { "line": 162, "column": 36 }
        },
        "line": 162
      },
      "15": {
        "name": "(anonymous_15)",
        "decl": {
          "start": { "line": 170, "column": 12 },
          "end": { "line": 170, "column": 13 }
        },
        "loc": {
          "start": { "line": 170, "column": 18 },
          "end": { "line": 173, "column": 3 }
        },
        "line": 170
      },
      "16": {
        "name": "(anonymous_16)",
        "decl": {
          "start": { "line": 175, "column": 23 },
          "end": { "line": 175, "column": 24 }
        },
        "loc": {
          "start": { "line": 175, "column": 29 },
          "end": { "line": 190, "column": 3 }
        },
        "line": 175
      },
      "17": {
        "name": "(anonymous_17)",
        "decl": {
          "start": { "line": 192, "column": 12 },
          "end": { "line": 192, "column": 13 }
        },
        "loc": {
          "start": { "line": 192, "column": 18 },
          "end": { "line": 194, "column": 3 }
        },
        "line": 192
      },
      "18": {
        "name": "(anonymous_18)",
        "decl": {
          "start": { "line": 196, "column": 34 },
          "end": { "line": 196, "column": 35 }
        },
        "loc": {
          "start": { "line": 196, "column": 40 },
          "end": { "line": 203, "column": 3 }
        },
        "line": 196
      },
      "19": {
        "name": "(anonymous_19)",
        "decl": {
          "start": { "line": 205, "column": 12 },
          "end": { "line": 205, "column": 13 }
        },
        "loc": {
          "start": { "line": 205, "column": 18 },
          "end": { "line": 207, "column": 3 }
        },
        "line": 205
      },
      "20": {
        "name": "(anonymous_20)",
        "decl": {
          "start": { "line": 209, "column": 21 },
          "end": { "line": 209, "column": 22 }
        },
        "loc": {
          "start": { "line": 209, "column": 30 },
          "end": { "line": 211, "column": 3 }
        },
        "line": 209
      },
      "21": {
        "name": "(anonymous_21)",
        "decl": {
          "start": { "line": 213, "column": 19 },
          "end": { "line": 213, "column": 20 }
        },
        "loc": {
          "start": { "line": 213, "column": 25 },
          "end": { "line": 217, "column": 3 }
        },
        "line": 213
      },
      "22": {
        "name": "(anonymous_22)",
        "decl": {
          "start": { "line": 219, "column": 23 },
          "end": { "line": 219, "column": 24 }
        },
        "loc": {
          "start": { "line": 219, "column": 29 },
          "end": { "line": 223, "column": 3 }
        },
        "line": 219
      },
      "23": {
        "name": "(anonymous_23)",
        "decl": {
          "start": { "line": 225, "column": 21 },
          "end": { "line": 225, "column": 22 }
        },
        "loc": {
          "start": { "line": 225, "column": 27 },
          "end": { "line": 258, "column": 3 }
        },
        "line": 225
      },
      "24": {
        "name": "(anonymous_24)",
        "decl": {
          "start": { "line": 243, "column": 33 },
          "end": { "line": 243, "column": 34 }
        },
        "loc": {
          "start": { "line": 244, "column": 12 },
          "end": { "line": 253, "column": 35 }
        },
        "line": 244
      }
    },
    "branchMap": {
      "0": {
        "loc": {
          "start": { "line": 43, "column": 6 },
          "end": { "line": 47, "column": 7 }
        },
        "type": "if",
        "locations": [
          {
            "start": { "line": 43, "column": 6 },
            "end": { "line": 47, "column": 7 }
          },
          {
            "start": { "line": 43, "column": 6 },
            "end": { "line": 47, "column": 7 }
          }
        ],
        "line": 43
      },
      "1": {
        "loc": {
          "start": { "line": 62, "column": 6 },
          "end": { "line": 65, "column": 7 }
        },
        "type": "if",
        "locations": [
          {
            "start": { "line": 62, "column": 6 },
            "end": { "line": 65, "column": 7 }
          },
          {
            "start": { "line": 62, "column": 6 },
            "end": { "line": 65, "column": 7 }
          }
        ],
        "line": 62
      },
      "2": {
        "loc": {
          "start": { "line": 74, "column": 4 },
          "end": { "line": 109, "column": 5 }
        },
        "type": "if",
        "locations": [
          {
            "start": { "line": 74, "column": 4 },
            "end": { "line": 109, "column": 5 }
          },
          {
            "start": { "line": 74, "column": 4 },
            "end": { "line": 109, "column": 5 }
          }
        ],
        "line": 74
      },
      "3": {
        "loc": {
          "start": { "line": 75, "column": 6 },
          "end": { "line": 77, "column": 47 }
        },
        "type": "binary-expr",
        "locations": [
          {
            "start": { "line": 75, "column": 6 },
            "end": { "line": 75, "column": 23 }
          },
          {
            "start": { "line": 76, "column": 6 },
            "end": { "line": 76, "column": 36 }
          },
          {
            "start": { "line": 77, "column": 6 },
            "end": { "line": 77, "column": 47 }
          }
        ],
        "line": 75
      },
      "4": {
        "loc": {
          "start": { "line": 100, "column": 17 },
          "end": { "line": 100, "column": 78 }
        },
        "type": "cond-expr",
        "locations": [
          {
            "start": { "line": 100, "column": 36 },
            "end": { "line": 100, "column": 57 }
          },
          {
            "start": { "line": 100, "column": 60 },
            "end": { "line": 100, "column": 78 }
          }
        ],
        "line": 100
      },
      "5": {
        "loc": {
          "start": { "line": 114, "column": 4 },
          "end": { "line": 120, "column": 5 }
        },
        "type": "if",
        "locations": [
          {
            "start": { "line": 114, "column": 4 },
            "end": { "line": 120, "column": 5 }
          },
          {
            "start": { "line": 114, "column": 4 },
            "end": { "line": 120, "column": 5 }
          }
        ],
        "line": 114
      },
      "6": {
        "loc": {
          "start": { "line": 129, "column": 4 },
          "end": { "line": 141, "column": 5 }
        },
        "type": "if",
        "locations": [
          {
            "start": { "line": 129, "column": 4 },
            "end": { "line": 141, "column": 5 }
          },
          {
            "start": { "line": 129, "column": 4 },
            "end": { "line": 141, "column": 5 }
          }
        ],
        "line": 129
      },
      "7": {
        "loc": {
          "start": { "line": 129, "column": 8 },
          "end": { "line": 129, "column": 43 }
        },
        "type": "binary-expr",
        "locations": [
          {
            "start": { "line": 129, "column": 8 },
            "end": { "line": 129, "column": 18 }
          },
          {
            "start": { "line": 129, "column": 22 },
            "end": { "line": 129, "column": 43 }
          }
        ],
        "line": 129
      },
      "8": {
        "loc": {
          "start": { "line": 150, "column": 4 },
          "end": { "line": 157, "column": 5 }
        },
        "type": "if",
        "locations": [
          {
            "start": { "line": 150, "column": 4 },
            "end": { "line": 157, "column": 5 }
          },
          {
            "start": { "line": 150, "column": 4 },
            "end": { "line": 157, "column": 5 }
          }
        ],
        "line": 150
      },
      "9": {
        "loc": {
          "start": { "line": 152, "column": 8 },
          "end": { "line": 154, "column": 9 }
        },
        "type": "if",
        "locations": [
          {
            "start": { "line": 152, "column": 8 },
            "end": { "line": 154, "column": 9 }
          },
          {
            "start": { "line": 152, "column": 8 },
            "end": { "line": 154, "column": 9 }
          }
        ],
        "line": 152
      },
      "10": {
        "loc": {
          "start": { "line": 160, "column": 4 },
          "end": { "line": 166, "column": 5 }
        },
        "type": "if",
        "locations": [
          {
            "start": { "line": 160, "column": 4 },
            "end": { "line": 166, "column": 5 }
          },
          {
            "start": { "line": 160, "column": 4 },
            "end": { "line": 166, "column": 5 }
          }
        ],
        "line": 160
      },
      "11": {
        "loc": {
          "start": { "line": 181, "column": 6 },
          "end": { "line": 184, "column": 7 }
        },
        "type": "if",
        "locations": [
          {
            "start": { "line": 181, "column": 6 },
            "end": { "line": 184, "column": 7 }
          },
          {
            "start": { "line": 181, "column": 6 },
            "end": { "line": 184, "column": 7 }
          }
        ],
        "line": 181
      },
      "12": {
        "loc": {
          "start": { "line": 181, "column": 10 },
          "end": { "line": 181, "column": 38 }
        },
        "type": "binary-expr",
        "locations": [
          {
            "start": { "line": 181, "column": 10 },
            "end": { "line": 181, "column": 17 }
          },
          {
            "start": { "line": 181, "column": 21 },
            "end": { "line": 181, "column": 38 }
          }
        ],
        "line": 181
      },
      "13": {
        "loc": {
          "start": { "line": 186, "column": 4 },
          "end": { "line": 188, "column": 5 }
        },
        "type": "if",
        "locations": [
          {
            "start": { "line": 186, "column": 4 },
            "end": { "line": 188, "column": 5 }
          },
          {
            "start": { "line": 186, "column": 4 },
            "end": { "line": 188, "column": 5 }
          }
        ],
        "line": 186
      },
      "14": {
        "loc": {
          "start": { "line": 200, "column": 4 },
          "end": { "line": 202, "column": 5 }
        },
        "type": "if",
        "locations": [
          {
            "start": { "line": 200, "column": 4 },
            "end": { "line": 202, "column": 5 }
          },
          {
            "start": { "line": 200, "column": 4 },
            "end": { "line": 202, "column": 5 }
          }
        ],
        "line": 200
      },
      "15": {
        "loc": {
          "start": { "line": 214, "column": 4 },
          "end": { "line": 216, "column": 5 }
        },
        "type": "if",
        "locations": [
          {
            "start": { "line": 214, "column": 4 },
            "end": { "line": 216, "column": 5 }
          },
          {
            "start": { "line": 214, "column": 4 },
            "end": { "line": 216, "column": 5 }
          }
        ],
        "line": 214
      },
      "16": {
        "loc": {
          "start": { "line": 220, "column": 4 },
          "end": { "line": 222, "column": 5 }
        },
        "type": "if",
        "locations": [
          {
            "start": { "line": 220, "column": 4 },
            "end": { "line": 222, "column": 5 }
          },
          {
            "start": { "line": 220, "column": 4 },
            "end": { "line": 222, "column": 5 }
          }
        ],
        "line": 220
      },
      "17": {
        "loc": {
          "start": { "line": 226, "column": 4 },
          "end": { "line": 257, "column": 5 }
        },
        "type": "if",
        "locations": [
          {
            "start": { "line": 226, "column": 4 },
            "end": { "line": 257, "column": 5 }
          },
          {
            "start": { "line": 226, "column": 4 },
            "end": { "line": 257, "column": 5 }
          }
        ],
        "line": 226
      }
    },
    "s": {
      "0": 77,
      "1": 94,
      "2": 76,
      "3": 76,
      "4": 76,
      "5": 76,
      "6": 76,
      "7": 76,
      "8": 76,
      "9": 94,
      "10": 76,
      "11": 76,
      "12": 10,
      "13": 10,
      "14": 8,
      "15": 2,
      "16": 8,
      "17": 8,
      "18": 8,
      "19": 8,
      "20": 8,
      "21": 8,
      "22": 0,
      "23": 0,
      "24": 0,
      "25": 76,
      "26": 10,
      "27": 76,
      "28": 74,
      "29": 28,
      "30": 118,
      "31": 46,
      "32": 76,
      "33": 74,
      "34": 3,
      "35": 71,
      "36": 76,
      "37": 2,
      "38": 76,
      "39": 74,
      "40": 13,
      "41": 156,
      "42": 61,
      "43": 76,
      "44": 4,
      "45": 76,
      "46": 14,
      "47": 14,
      "48": 3,
      "49": 39,
      "50": 36,
      "51": 3,
      "52": 14,
      "53": 14,
      "54": 6,
      "55": 20,
      "56": 8,
      "57": 14,
      "58": 76,
      "59": 14,
      "60": 76,
      "61": 32,
      "62": 32,
      "63": 32,
      "64": 32,
      "65": 98,
      "66": 98,
      "67": 14,
      "68": 14,
      "69": 32,
      "70": 12,
      "71": 32,
      "72": 76,
      "73": 32,
      "74": 76,
      "75": 22,
      "76": 22,
      "77": 8,
      "78": 76,
      "79": 14,
      "80": 76,
      "81": 2,
      "82": 76,
      "83": 1,
      "84": 1,
      "85": 76,
      "86": 1,
      "87": 1,
      "88": 76,
      "89": 74,
      "90": 74,
      "91": 68,
      "92": 76
    },
    "f": {
      "0": 77,
      "1": 94,
      "2": 94,
      "3": 10,
      "4": 10,
      "5": 74,
      "6": 118,
      "7": 74,
      "8": 2,
      "9": 74,
      "10": 156,
      "11": 4,
      "12": 14,
      "13": 39,
      "14": 20,
      "15": 14,
      "16": 32,
      "17": 32,
      "18": 22,
      "19": 14,
      "20": 2,
      "21": 1,
      "22": 1,
      "23": 74,
      "24": 68
    },
    "b": {
      "0": [8, 2],
      "1": [0, 0],
      "2": [28, 46],
      "3": [74, 74, 28],
      "4": [118, 0],
      "5": [3, 71],
      "6": [13, 61],
      "7": [74, 74],
      "8": [3, 11],
      "9": [36, 3],
      "10": [6, 8],
      "11": [14, 84],
      "12": [98, 86],
      "13": [12, 20],
      "14": [8, 14],
      "15": [1, 0],
      "16": [1, 0],
      "17": [74, 0]
    },
    "_coverageSchema": "1a1c01bbd47fc00a2c39e90264f33305004495a9",
    "hash": "87b21b45458163f1acff70c454e9d89fd575dea7"
  },
  "C:\\Users\\Trond Arne Graabræk\\skole\\webapplikasjoner\\webapplikasjoner_eksamen\\rorlegger\\client\\src\\pages\\Contact.js": {
    "path": "C:\\Users\\Trond Arne Graabræk\\skole\\webapplikasjoner\\webapplikasjoner_eksamen\\rorlegger\\client\\src\\pages\\Contact.js",
    "statementMap": {
      "0": {
        "start": { "line": 18, "column": 15 },
        "end": { "line": 18, "column": 57 }
      },
      "1": {
        "start": { "line": 18, "column": 38 },
        "end": { "line": 18, "column": 56 }
      },
      "2": {
        "start": { "line": 19, "column": 18 },
        "end": { "line": 19, "column": 30 }
      },
      "3": {
        "start": { "line": 21, "column": 32 },
        "end": { "line": 26, "column": 4 }
      },
      "4": {
        "start": { "line": 28, "column": 42 },
        "end": { "line": 28, "column": 57 }
      },
      "5": {
        "start": { "line": 30, "column": 23 },
        "end": { "line": 33, "column": 3 }
      },
      "6": {
        "start": { "line": 31, "column": 4 },
        "end": { "line": 31, "column": 23 }
      },
      "7": {
        "start": { "line": 32, "column": 4 },
        "end": { "line": 32, "column": 26 }
      },
      "8": {
        "start": { "line": 35, "column": 22 },
        "end": { "line": 37, "column": 3 }
      },
      "9": {
        "start": { "line": 36, "column": 4 },
        "end": { "line": 36, "column": 64 }
      },
      "10": {
        "start": { "line": 39, "column": 2 },
        "end": { "line": 46, "column": 13 }
      },
      "11": {
        "start": { "line": 40, "column": 4 },
        "end": { "line": 45, "column": 7 }
      },
      "12": {
        "start": { "line": 48, "column": 2 },
        "end": { "line": 68, "column": 21 }
      },
      "13": {
        "start": { "line": 49, "column": 30 },
        "end": { "line": 66, "column": 5 }
      },
      "14": {
        "start": { "line": 50, "column": 6 },
        "end": { "line": 65, "column": 7 }
      },
      "15": {
        "start": { "line": 51, "column": 8 },
        "end": { "line": 64, "column": 9 }
      },
      "16": {
        "start": { "line": 52, "column": 10 },
        "end": { "line": 52, "column": 39 }
      },
      "17": {
        "start": { "line": 53, "column": 10 },
        "end": { "line": 53, "column": 45 }
      },
      "18": {
        "start": { "line": 55, "column": 10 },
        "end": { "line": 55, "column": 28 }
      },
      "19": {
        "start": { "line": 57, "column": 10 },
        "end": { "line": 63, "column": 11 }
      },
      "20": {
        "start": { "line": 58, "column": 12 },
        "end": { "line": 62, "column": 13 }
      },
      "21": {
        "start": { "line": 59, "column": 14 },
        "end": { "line": 59, "column": 70 }
      },
      "22": {
        "start": { "line": 61, "column": 14 },
        "end": { "line": 61, "column": 29 }
      },
      "23": {
        "start": { "line": 67, "column": 4 },
        "end": { "line": 67, "column": 31 }
      },
      "24": {
        "start": { "line": 69, "column": 2 },
        "end": { "line": 122, "column": 4 }
      }
    },
    "fnMap": {
      "0": {
        "name": "Contact",
        "decl": {
          "start": { "line": 17, "column": 9 },
          "end": { "line": 17, "column": 16 }
        },
        "loc": {
          "start": { "line": 17, "column": 19 },
          "end": { "line": 123, "column": 1 }
        },
        "line": 17
      },
      "1": {
        "name": "(anonymous_1)",
        "decl": {
          "start": { "line": 18, "column": 27 },
          "end": { "line": 18, "column": 28 }
        },
        "loc": {
          "start": { "line": 18, "column": 38 },
          "end": { "line": 18, "column": 56 }
        },
        "line": 18
      },
      "2": {
        "name": "(anonymous_2)",
        "decl": {
          "start": { "line": 30, "column": 23 },
          "end": { "line": 30, "column": 24 }
        },
        "loc": {
          "start": { "line": 30, "column": 30 },
          "end": { "line": 33, "column": 3 }
        },
        "line": 30
      },
      "3": {
        "name": "(anonymous_3)",
        "decl": {
          "start": { "line": 35, "column": 22 },
          "end": { "line": 35, "column": 23 }
        },
        "loc": {
          "start": { "line": 35, "column": 29 },
          "end": { "line": 37, "column": 3 }
        },
        "line": 35
      },
      "4": {
        "name": "(anonymous_4)",
        "decl": {
          "start": { "line": 39, "column": 12 },
          "end": { "line": 39, "column": 13 }
        },
        "loc": {
          "start": { "line": 39, "column": 18 },
          "end": { "line": 46, "column": 3 }
        },
        "line": 39
      },
      "5": {
        "name": "(anonymous_5)",
        "decl": {
          "start": { "line": 48, "column": 12 },
          "end": { "line": 48, "column": 13 }
        },
        "loc": {
          "start": { "line": 48, "column": 18 },
          "end": { "line": 68, "column": 3 }
        },
        "line": 48
      },
      "6": {
        "name": "(anonymous_6)",
        "decl": {
          "start": { "line": 49, "column": 30 },
          "end": { "line": 49, "column": 31 }
        },
        "loc": {
          "start": { "line": 49, "column": 46 },
          "end": { "line": 66, "column": 5 }
        },
        "line": 49
      }
    },
    "branchMap": {
      "0": {
        "loc": {
          "start": { "line": 50, "column": 6 },
          "end": { "line": 65, "column": 7 }
        },
        "type": "if",
        "locations": [
          {
            "start": { "line": 50, "column": 6 },
            "end": { "line": 65, "column": 7 }
          },
          {
            "start": { "line": 50, "column": 6 },
            "end": { "line": 65, "column": 7 }
          }
        ],
        "line": 50
      },
      "1": {
        "loc": {
          "start": { "line": 57, "column": 10 },
          "end": { "line": 63, "column": 11 }
        },
        "type": "if",
        "locations": [
          {
            "start": { "line": 57, "column": 10 },
            "end": { "line": 63, "column": 11 }
          },
          {
            "start": { "line": 57, "column": 10 },
            "end": { "line": 63, "column": 11 }
          }
        ],
        "line": 57
      },
      "2": {
        "loc": {
          "start": { "line": 58, "column": 12 },
          "end": { "line": 62, "column": 13 }
        },
        "type": "if",
        "locations": [
          {
            "start": { "line": 58, "column": 12 },
            "end": { "line": 62, "column": 13 }
          },
          {
            "start": { "line": 58, "column": 12 },
            "end": { "line": 62, "column": 13 }
          }
        ],
        "line": 58
      },
      "3": {
        "loc": {
          "start": { "line": 58, "column": 16 },
          "end": { "line": 58, "column": 55 }
        },
        "type": "binary-expr",
        "locations": [
          {
            "start": { "line": 58, "column": 16 },
            "end": { "line": 58, "column": 26 }
          },
          {
            "start": { "line": 58, "column": 30 },
            "end": { "line": 58, "column": 55 }
          }
        ],
        "line": 58
      },
      "4": {
        "loc": {
          "start": { "line": 80, "column": 11 },
          "end": { "line": 110, "column": 11 }
        },
        "type": "cond-expr",
        "locations": [
          {
            "start": { "line": 81, "column": 12 },
            "end": { "line": 88, "column": 15 }
          },
          {
            "start": { "line": 90, "column": 12 },
            "end": { "line": 109, "column": 15 }
          }
        ],
        "line": 80
      }
    },
    "s": {
      "0": 0,
      "1": 0,
      "2": 0,
      "3": 0,
      "4": 0,
      "5": 0,
      "6": 0,
      "7": 0,
      "8": 0,
      "9": 0,
      "10": 0,
      "11": 0,
      "12": 0,
      "13": 0,
      "14": 0,
      "15": 0,
      "16": 0,
      "17": 0,
      "18": 0,
      "19": 0,
      "20": 0,
      "21": 0,
      "22": 0,
      "23": 0,
      "24": 0
    },
    "f": { "0": 0, "1": 0, "2": 0, "3": 0, "4": 0, "5": 0, "6": 0 },
    "b": { "0": [0, 0], "1": [0, 0], "2": [0, 0], "3": [0, 0], "4": [0, 0] }
  },
  "C:\\Users\\Trond Arne Graabræk\\skole\\webapplikasjoner\\webapplikasjoner_eksamen\\rorlegger\\client\\src\\pages\\CreateArticle.js": {
    "path": "C:\\Users\\Trond Arne Graabræk\\skole\\webapplikasjoner\\webapplikasjoner_eksamen\\rorlegger\\client\\src\\pages\\CreateArticle.js",
    "statementMap": {
      "0": {
        "start": { "line": 31, "column": 18 },
        "end": { "line": 31, "column": 30 }
      },
      "1": {
        "start": { "line": 32, "column": 34 },
        "end": { "line": 37, "column": 4 }
      },
      "2": {
        "start": { "line": 38, "column": 38 },
        "end": { "line": 38, "column": 50 }
      },
      "3": {
        "start": { "line": 39, "column": 46 },
        "end": { "line": 39, "column": 58 }
      },
      "4": {
[...]
          "end": { "line": 38, "column": 1 }
        },
        "line": 34
      },
      "7": {
        "name": "getWriters",
        "decl": {
          "start": { "line": 39, "column": 22 },
          "end": { "line": 39, "column": 32 }
        },
        "loc": {
          "start": { "line": 39, "column": 35 },
          "end": { "line": 41, "column": 1 }
        },
        "line": 39
      },
      "8": {
        "name": "createArticleRequest",
        "decl": {
          "start": { "line": 43, "column": 22 },
          "end": { "line": 43, "column": 42 }
        },
        "loc": {
          "start": { "line": 43, "column": 53 },
          "end": { "line": 47, "column": 1 }
        },
        "line": 43
      },
      "9": {
        "name": "addImageToArticleRequest",
        "decl": {
          "start": { "line": 49, "column": 22 },
          "end": { "line": 49, "column": 46 }
        },
        "loc": {
          "start": { "line": 49, "column": 65 },
          "end": { "line": 53, "column": 1 }
        },
        "line": 49
      },
      "10": {
        "name": "getCategoriesRequest",
        "decl": {
          "start": { "line": 55, "column": 22 },
          "end": { "line": 55, "column": 42 }
        },
        "loc": {
          "start": { "line": 55, "column": 45 },
          "end": { "line": 57, "column": 1 }
        },
        "line": 55
      },
      "11": {
        "name": "createCategoryRequest",
        "decl": {
          "start": { "line": 59, "column": 22 },
          "end": { "line": 59, "column": 43 }
        },
        "loc": {
          "start": { "line": 59, "column": 50 },
          "end": { "line": 63, "column": 1 }
        },
        "line": 59
      },
      "12": {
        "name": "sendEmailRequest",
        "decl": {
          "start": { "line": 65, "column": 22 },
          "end": { "line": 65, "column": 38 }
        },
        "loc": {
          "start": { "line": 65, "column": 45 },
          "end": { "line": 67, "column": 1 }
        },
        "line": 65
      },
      "13": {
        "name": "getTrackingDataViews",
        "decl": {
          "start": { "line": 69, "column": 22 },
          "end": { "line": 69, "column": 42 }
        },
        "loc": {
          "start": { "line": 69, "column": 45 },
          "end": { "line": 73, "column": 1 }
        },
        "line": 69
      },
      "14": {
        "name": "getTrackingDataTopTen",
        "decl": {
          "start": { "line": 75, "column": 22 },
          "end": { "line": 75, "column": 43 }
        },
        "loc": {
          "start": { "line": 75, "column": 46 },
          "end": { "line": 79, "column": 1 }
        },
        "line": 75
      },
      "15": {
        "name": "getTrackingDataViewsPerUser",
        "decl": {
          "start": { "line": 81, "column": 22 },
          "end": { "line": 81, "column": 49 }
        },
        "loc": {
          "start": { "line": 81, "column": 52 },
          "end": { "line": 85, "column": 1 }
        },
        "line": 81
      }
    },
    "branchMap": {},
    "s": {
      "0": 8,
      "1": 1,
      "2": 0,
      "3": 0,
      "4": 0,
      "5": 0,
      "6": 2,
      "7": 8,
      "8": 0,
      "9": 0,
      "10": 0,
      "11": 8,
      "12": 0,
      "13": 0,
      "14": 0,
      "15": 0,
      "16": 0
    },
    "f": {
      "0": 8,
      "1": 0,
      "2": 0,
      "3": 0,
      "4": 0,
      "5": 2,
      "6": 8,
      "7": 0,
      "8": 0,
      "9": 0,
      "10": 8,
      "11": 0,
      "12": 0,
      "13": 0,
      "14": 0,
      "15": 0
    },
    "b": {},
    "_coverageSchema": "1a1c01bbd47fc00a2c39e90264f33305004495a9",
    "hash": "7c04f161d826c4663a4f2ab344a9782415f17f0d"
  },
  "C:\\Users\\Trond Arne Graabræk\\skole\\webapplikasjoner\\webapplikasjoner_eksamen\\rorlegger\\client\\src\\utils\\authentication.js": {
    "path": "C:\\Users\\Trond Arne Graabræk\\skole\\webapplikasjoner\\webapplikasjoner_eksamen\\rorlegger\\client\\src\\utils\\authentication.js",
    "statementMap": {
      "0": {
        "start": { "line": 4, "column": 13 },
        "end": { "line": 63, "column": 1 }
      },
      "1": {
        "start": { "line": 6, "column": 19 },
        "end": { "line": 6, "column": 35 }
      },
      "2": {
        "start": { "line": 7, "column": 4 },
        "end": { "line": 7, "column": 37 }
      },
      "3": {
        "start": { "line": 8, "column": 16 },
        "end": { "line": 8, "column": 26 }
      },
      "4": {
        "start": { "line": 9, "column": 4 },
        "end": { "line": 14, "column": 5 }
      },
      "5": {
        "start": { "line": 10, "column": 22 },
        "end": { "line": 10, "column": 45 }
      },
      "6": {
        "start": { "line": 11, "column": 6 },
        "end": { "line": 13, "column": 7 }
      },
      "7": {
        "start": { "line": 12, "column": 8 },
        "end": { "line": 12, "column": 20 }
      },
      "8": {
        "start": { "line": 15, "column": 4 },
        "end": { "line": 15, "column": 17 }
      },
      "9": {
        "start": { "line": 20, "column": 4 },
        "end": { "line": 25, "column": 5 }
      },
      "10": {
        "start": { "line": 21, "column": 6 },
        "end": { "line": 21, "column": 34 }
      },
      "11": {
        "start": { "line": 22, "column": 6 },
        "end": { "line": 24, "column": 7 }
      },
      "12": {
        "start": { "line": 23, "column": 8 },
        "end": { "line": 23, "column": 20 }
      },
      "13": {
        "start": { "line": 26, "column": 4 },
        "end": { "line": 26, "column": 17 }
      },
      "14": {
        "start": { "line": 30, "column": 4 },
        "end": { "line": 30, "column": 43 }
      },
      "15": {
        "start": { "line": 31, "column": 20 },
        "end": { "line": 31, "column": 36 }
      },
      "16": {
        "start": { "line": 32, "column": 4 },
        "end": { "line": 32, "column": 25 }
      },
      "17": {
        "start": { "line": 33, "column": 4 },
        "end": { "line": 43, "column": 7 }
      },
      "18": {
        "start": { "line": 47, "column": 16 },
        "end": { "line": 47, "column": 47 }
      },
      "19": {
        "start": { "line": 48, "column": 4 },
        "end": { "line": 50, "column": 5 }
      },
      "20": {
        "start": { "line": 49, "column": 6 },
        "end": { "line": 49, "column": 13 }
      },
      "21": {
        "start": { "line": 51, "column": 18 },
        "end": { "line": 51, "column": 32 }
      },
      "22": {
        "start": { "line": 52, "column": 16 },
        "end": { "line": 52, "column": 26 }
      },
      "23": {
        "start": { "line": 53, "column": 16 },
        "end": { "line": 53, "column": 32 }
      },
      "24": {
        "start": { "line": 54, "column": 4 },
        "end": { "line": 56, "column": 5 }
      },
      "25": {
        "start": { "line": 55, "column": 6 },
        "end": { "line": 55, "column": 25 }
      },
      "26": {
        "start": { "line": 60, "column": 4 },
        "end": { "line": 60, "column": 46 }
      },
      "27": {
        "start": { "line": 61, "column": 4 },
        "end": { "line": 61, "column": 44 }
      }
    },
    "fnMap": {
      "0": {
        "name": "(anonymous_0)",
        "decl": {
          "start": { "line": 5, "column": 18 },
          "end": { "line": 5, "column": 19 }
        },
        "loc": {
          "start": { "line": 5, "column": 24 },
          "end": { "line": 16, "column": 3 }
        },
        "line": 5
      },
      "1": {
        "name": "(anonymous_1)",
        "decl": {
          "start": { "line": 18, "column": 25 },
          "end": { "line": 18, "column": 26 }
        },
        "loc": {
          "start": { "line": 18, "column": 31 },
          "end": { "line": 27, "column": 3 }
        },
        "line": 18
      },
      "2": {
        "name": "(anonymous_2)",
        "decl": {
          "start": { "line": 29, "column": 12 },
          "end": { "line": 29, "column": 13 }
        },
        "loc": {
          "start": { "line": 29, "column": 23 },
          "end": { "line": 44, "column": 3 }
        },
        "line": 29
      },
      "3": {
        "name": "(anonymous_3)",
        "decl": {
          "start": { "line": 46, "column": 23 },
          "end": { "line": 46, "column": 24 }
        },
        "loc": {
          "start": { "line": 46, "column": 29 },
          "end": { "line": 57, "column": 3 }
        },
        "line": 46
      },
      "4": {
        "name": "(anonymous_4)",
        "decl": {
          "start": { "line": 59, "column": 14 },
          "end": { "line": 59, "column": 15 }
        },
        "loc": {
          "start": { "line": 59, "column": 26 },
          "end": { "line": 62, "column": 3 }
        },
        "line": 59
      }
    },
    "branchMap": {
      "0": {
        "loc": {
          "start": { "line": 9, "column": 4 },
          "end": { "line": 14, "column": 5 }
        },
        "type": "if",
        "locations": [
          {
            "start": { "line": 9, "column": 4 },
            "end": { "line": 14, "column": 5 }
          },
          {
            "start": { "line": 9, "column": 4 },
            "end": { "line": 14, "column": 5 }
          }
        ],
        "line": 9
      },
      "1": {
        "loc": {
          "start": { "line": 9, "column": 8 },
          "end": { "line": 9, "column": 36 }
        },
        "type": "binary-expr",
        "locations": [
          {
            "start": { "line": 9, "column": 8 },
            "end": { "line": 9, "column": 16 }
          },
          {
            "start": { "line": 9, "column": 20 },
            "end": { "line": 9, "column": 36 }
          }
        ],
        "line": 9
      },
      "2": {
        "loc": {
          "start": { "line": 11, "column": 6 },
          "end": { "line": 13, "column": 7 }
        },
        "type": "if",
        "locations": [
          {
            "start": { "line": 11, "column": 6 },
            "end": { "line": 13, "column": 7 }
          },
          {
            "start": { "line": 11, "column": 6 },
            "end": { "line": 13, "column": 7 }
          }
        ],
        "line": 11
      },
      "3": {
        "loc": {
          "start": { "line": 11, "column": 10 },
          "end": { "line": 11, "column": 46 }
        },
        "type": "binary-expr",
        "locations": [
          {
            "start": { "line": 11, "column": 10 },
            "end": { "line": 11, "column": 18 }
          },
          {
            "start": { "line": 11, "column": 22 },
            "end": { "line": 11, "column": 29 }
          },
          {
            "start": { "line": 11, "column": 33 },
            "end": { "line": 11, "column": 46 }
          }
        ],
        "line": 11
      },
      "4": {
        "loc": {
          "start": { "line": 20, "column": 4 },
          "end": { "line": 25, "column": 5 }
        },
        "type": "if",
        "locations": [
          {
            "start": { "line": 20, "column": 4 },
            "end": { "line": 25, "column": 5 }
          },
          {
            "start": { "line": 20, "column": 4 },
            "end": { "line": 25, "column": 5 }
          }
        ],
        "line": 20
      },
      "5": {
        "loc": {
          "start": { "line": 22, "column": 6 },
          "end": { "line": 24, "column": 7 }
        },
        "type": "if",
        "locations": [
          {
            "start": { "line": 22, "column": 6 },
            "end": { "line": 24, "column": 7 }
          },
          {
            "start": { "line": 22, "column": 6 },
            "end": { "line": 24, "column": 7 }
          }
        ],
        "line": 22
      },
      "6": {
        "loc": {
          "start": { "line": 48, "column": 4 },
          "end": { "line": 50, "column": 5 }
        },
        "type": "if",
        "locations": [
          {
            "start": { "line": 48, "column": 4 },
            "end": { "line": 50, "column": 5 }
          },
          {
            "start": { "line": 48, "column": 4 },
            "end": { "line": 50, "column": 5 }
          }
        ],
        "line": 48
      },
      "7": {
        "loc": {
          "start": { "line": 54, "column": 4 },
          "end": { "line": 56, "column": 5 }
        },
        "type": "if",
        "locations": [
          {
            "start": { "line": 54, "column": 4 },
            "end": { "line": 56, "column": 5 }
          },
          {
            "start": { "line": 54, "column": 4 },
            "end": { "line": 56, "column": 5 }
          }
        ],
        "line": 54
      },
      "8": {
        "loc": {
          "start": { "line": 54, "column": 8 },
          "end": { "line": 54, "column": 33 }
        },
        "type": "binary-expr",
        "locations": [
          {
            "start": { "line": 54, "column": 8 },
            "end": { "line": 54, "column": 13 }
          },
          {
            "start": { "line": 54, "column": 17 },
            "end": { "line": 54, "column": 20 }
          },
          {
            "start": { "line": 54, "column": 24 },
            "end": { "line": 54, "column": 33 }
          }
        ],
        "line": 54
      }
    },
    "s": {
      "0": 2,
      "1": 70,
      "2": 70,
      "3": 70,
      "4": 70,
      "5": 0,
      "6": 0,
      "7": 0,
      "8": 70,
      "9": 70,
      "10": 1,
      "11": 1,
      "12": 0,
      "13": 70,
      "14": 0,
      "15": 0,
      "16": 0,
      "17": 0,
      "18": 0,
      "19": 0,
      "20": 0,
      "21": 0,
      "22": 0,
      "23": 0,
      "24": 0,
      "25": 0,
      "26": 0,
      "27": 0
    },
    "f": { "0": 70, "1": 70, "2": 0, "3": 0, "4": 0 },
    "b": {
      "0": [0, 70],
      "1": [70, 70],
      "2": [0, 0],
      "3": [0, 0, 0],
      "4": [1, 69],
      "5": [0, 1],
      "6": [0, 0],
      "7": [0, 0],
      "8": [0, 0, 0]
    },
    "_coverageSchema": "1a1c01bbd47fc00a2c39e90264f33305004495a9",
    "hash": "17d286c8f6e604bd1e9aeadc1dd2e5e41b8c33e5"
  },
  "C:\\Users\\Trond Arne Graabræk\\skole\\webapplikasjoner\\webapplikasjoner_eksamen\\rorlegger\\client\\src\\utils\\global.js": {
    "path": "C:\\Users\\Trond Arne Graabræk\\skole\\webapplikasjoner\\webapplikasjoner_eksamen\\rorlegger\\client\\src\\utils\\global.js",
    "statementMap": {
      "0": {
        "start": { "line": 5, "column": 2 },
        "end": { "line": 5, "column": 26 }
      },
      "1": {
        "start": { "line": 9, "column": 2 },
        "end": { "line": 9, "column": 24 }
      },
      "2": {
        "start": { "line": 13, "column": 2 },
        "end": { "line": 18, "column": 3 }
      },
      "3": {
        "start": { "line": 14, "column": 4 },
        "end": { "line": 16, "column": 6 }
      },
      "4": {
        "start": { "line": 17, "column": 4 },
        "end": { "line": 17, "column": 16 }
      },
      "5": {
        "start": { "line": 19, "column": 2 },
        "end": { "line": 19, "column": 15 }
      }
    },
    "fnMap": {
      "0": {
        "name": "successToaster",
        "decl": {
          "start": { "line": 4, "column": 16 },
          "end": { "line": 4, "column": 30 }
        },
        "loc": {
          "start": { "line": 4, "column": 40 },
          "end": { "line": 6, "column": 1 }
        },
        "line": 4
      },
      "1": {
        "name": "errorToaster",
        "decl": {
          "start": { "line": 8, "column": 16 },
          "end": { "line": 8, "column": 28 }
        },
        "loc": {
          "start": { "line": 8, "column": 38 },
          "end": { "line": 10, "column": 1 }
        },
        "line": 8
      },
      "2": {
        "name": "commonErrorHandler",
        "decl": {
          "start": { "line": 12, "column": 16 },
          "end": { "line": 12, "column": 34 }
        },
        "loc": {
          "start": { "line": 12, "column": 38 },
          "end": { "line": 20, "column": 1 }
        },
        "line": 12
      }
    },
    "branchMap": {
      "0": {
        "loc": {
          "start": { "line": 13, "column": 2 },
          "end": { "line": 18, "column": 3 }
        },
        "type": "if",
        "locations": [
          {
            "start": { "line": 13, "column": 2 },
            "end": { "line": 18, "column": 3 }
          },
          {
            "start": { "line": 13, "column": 2 },
            "end": { "line": 18, "column": 3 }
          }
        ],
        "line": 13
      }
    },
    "s": { "0": 0, "1": 0, "2": 0, "3": 0, "4": 0, "5": 0 },
    "f": { "0": 0, "1": 0, "2": 0 },
    "b": { "0": [0, 0] },
    "_coverageSchema": "1a1c01bbd47fc00a2c39e90264f33305004495a9",
    "hash": "292dab844d45c4260ce02c2a66cff6f5b9d1bc7b"
  },
  "C:\\Users\\Trond Arne Graabræk\\skole\\webapplikasjoner\\webapplikasjoner_eksamen\\rorlegger\\client\\src\\utils\\reducer.js": {
    "path": "C:\\Users\\Trond Arne Graabræk\\skole\\webapplikasjoner\\webapplikasjoner_eksamen\\rorlegger\\client\\src\\utils\\reducer.js",
    "statementMap": {
      "0": {
        "start": { "line": 1, "column": 17 },
        "end": { "line": 18, "column": 1 }
      },
      "1": {
        "start": { "line": 8, "column": 2 },
        "end": { "line": 17, "column": 3 }
      },
      "2": {
        "start": { "line": 10, "column": 6 },
        "end": { "line": 10, "column": 53 }
      },
      "3": {
        "start": { "line": 12, "column": 6 },
        "end": { "line": 12, "column": 44 }
      },
      "4": {
        "start": { "line": 14, "column": 6 },
        "end": { "line": 14, "column": 53 }
      },
      "5": {
        "start": { "line": 16, "column": 6 },
        "end": { "line": 16, "column": 19 }
      }
    },
    "fnMap": {
      "0": {
        "name": "(anonymous_0)",
        "decl": {
          "start": { "line": 1, "column": 17 },
          "end": { "line": 1, "column": 18 }
        },
        "loc": {
          "start": { "line": 7, "column": 5 },
          "end": { "line": 18, "column": 1 }
        },
        "line": 7
      }
    },
    "branchMap": {
      "0": {
        "loc": {
          "start": { "line": 2, "column": 2 },
          "end": { "line": 5, "column": 3 }
        },
        "type": "default-arg",
        "locations": [
          {
            "start": { "line": 2, "column": 10 },
            "end": { "line": 5, "column": 3 }
          }
        ],
        "line": 2
      },
      "1": {
        "loc": {
          "start": { "line": 8, "column": 2 },
          "end": { "line": 17, "column": 3 }
        },
        "type": "switch",
        "locations": [
          {
            "start": { "line": 9, "column": 4 },
            "end": { "line": 10, "column": 53 }
          },
          {
            "start": { "line": 11, "column": 4 },
            "end": { "line": 12, "column": 44 }
          },
          {
            "start": { "line": 13, "column": 4 },
            "end": { "line": 14, "column": 53 }
          },
          {
            "start": { "line": 15, "column": 4 },
            "end": { "line": 16, "column": 19 }
          }
        ],
        "line": 8
      }
    },
    "s": { "0": 2, "1": 23, "2": 0, "3": 0, "4": 8, "5": 15 },
    "f": { "0": 23 },
    "b": { "0": [6], "1": [0, 0, 8, 15] },
    "_coverageSchema": "1a1c01bbd47fc00a2c39e90264f33305004495a9",
    "hash": "642ab86e64ef002f0af23fd3fd1d7e16f0e26dc6"
  },
  "C:\\Users\\Trond Arne Graabræk\\skole\\webapplikasjoner\\webapplikasjoner_eksamen\\rorlegger\\client\\src\\utils\\store.js": {
    "path": "C:\\Users\\Trond Arne Graabræk\\skole\\webapplikasjoner\\webapplikasjoner_eksamen\\rorlegger\\client\\src\\utils\\store.js",
    "statementMap": {
      "0": {
        "start": { "line": 4, "column": 14 },
        "end": { "line": 4, "column": 32 }
      }
    },
    "fnMap": {},
    "branchMap": {},
    "s": { "0": 2 },
    "f": {},
    "b": {},
    "_coverageSchema": "1a1c01bbd47fc00a2c39e90264f33305004495a9",
    "hash": "f0207553a63f421680adc52adf3a167d73c9395c"
  }
}
