TN:
SF:src\App.js
FN:11,App
FN:15,(anonymous_1)
FN:16,(anonymous_2)
FNF:3
FNH:0
FNDA:0,App
FNDA:0,(anonymous_1)
FNDA:0,(anonymous_2)
DA:13,0
DA:15,0
DA:16,0
DA:19,0
LF:4
LH:0
BRDA:22,0,0,0
BRDA:22,0,1,0
BRF:2
BRH:0
end_of_record
TN:
SF:src\index.js
FNF:0
FNH:0
DA:11,0
DA:13,0
DA:27,0
LF:3
LH:0
BRF:0
BRH:0
end_of_record
TN:
SF:src\reportWebVitals.js
FN:1,(anonymous_0)
FN:3,(anonymous_1)
FNF:2
FNH:0
FNDA:0,(anonymous_0)
FNDA:0,(anonymous_1)
DA:1,0
DA:2,0
DA:3,0
DA:4,0
DA:5,0
DA:6,0
DA:7,0
DA:8,0
LF:8
LH:0
BRDA:2,0,0,0
BRDA:2,0,1,0
BRDA:2,1,0,0
BRDA:2,1,1,0
BRF:4
BRH:0
end_of_record
TN:
SF:src\components\CreateCategoryModal.jsx
FN:14,CreateCategoryModal
FN:18,createNewCategory
FN:42,(anonymous_2)
FNF:3
FNH:0
FNDA:0,CreateCategoryModal
FNDA:0,createNewCategory
FNDA:0,(anonymous_2)
DA:15,0
DA:16,0
DA:19,0
DA:20,0
DA:21,0
DA:22,0
DA:23,0
DA:25,0
DA:26,0
DA:27,0
DA:28,0
DA:29,0
DA:30,0
DA:32,0
DA:33,0
DA:34,0
DA:36,0
DA:42,0
DA:43,0
DA:46,0
LF:20
LH:0
BRDA:21,0,0,0
BRDA:21,0,1,0
BRDA:32,1,0,0
BRDA:32,1,1,0
BRDA:33,2,0,0
BRDA:33,2,1,0
BRDA:33,3,0,0
BRDA:33,3,1,0
BRDA:53,4,0,0
BRDA:53,4,1,0
BRF:10
BRH:0
end_of_record
TN:
SF:src\components\GuardedRoute.js
FN:8,(anonymous_0)
FN:12,(anonymous_1)
FNF:2
FNH:0
FNDA:0,(anonymous_0)
FNDA:0,(anonymous_1)
DA:8,0
DA:9,0
DA:13,0
LF:3
LH:0
BRDA:13,0,0,0
BRDA:13,0,1,0
BRF:2
BRH:0
end_of_record
TN:
SF:src\components\UploadImageToArticleModal.js
FN:17,UploadImageToArticleModal
FN:21,(anonymous_1)
FNF:2
FNH:0
FNDA:0,UploadImageToArticleModal
FNDA:0,(anonymous_1)
DA:19,0
DA:21,0
DA:22,0
DA:23,0
DA:24,0
DA:25,0
DA:26,0
DA:27,0
DA:28,0
DA:29,0
DA:30,0
DA:31,0
DA:33,0
DA:34,0
DA:35,0
DA:39,0
DA:43,0
LF:17
LH:0
BRDA:27,0,0,0
BRDA:27,0,1,0
BRDA:27,1,0,0
BRDA:27,1,1,0
BRDA:33,2,0,0
BRDA:33,2,1,0
BRF:6
BRH:0
end_of_record
TN:
SF:src\layouts\Footer.js
FN:3,Footer
FNF:1
FNH:0
FNDA:0,Footer
DA:4,0
LF:1
LH:0
BRF:0
BRH:0
end_of_record
TN:
SF:src\layouts\Main.js
FN:1,Main
FNF:1
FNH:0
FNDA:0,Main
DA:2,0
LF:1
LH:0
BRF:0
BRH:0
end_of_record
TN:
SF:src\layouts\Nav.js
FN:14,Nav
FN:15,(anonymous_1)
FN:17,(anonymous_2)
FN:18,(anonymous_3)
FNF:4
FNH:0
FNDA:0,Nav
FNDA:0,(anonymous_1)
FNDA:0,(anonymous_2)
FNDA:0,(anonymous_3)
DA:15,0
DA:17,0
DA:18,0
DA:19,0
DA:20,0
DA:22,0
DA:23,0
DA:24,0
DA:26,0
DA:29,0
DA:30,0
DA:36,0
DA:52,0
LF:13
LH:0
BRDA:23,0,0,0
BRDA:23,0,1,0
BRDA:29,1,0,0
BRDA:29,1,1,0
BRF:4
BRH:0
end_of_record
TN:
SF:src\pages\ArticleDetails.js
FN:19,ArticleDetails
FN:22,(anonymous_1)
FN:23,(anonymous_2)
FN:27,(anonymous_3)
FN:30,(anonymous_4)
FN:35,(anonymous_5)
FN:48,(anonymous_6)
FN:60,(anonymous_7)
FN:75,(anonymous_8)
FN:79,(anonymous_9)
FN:83,(anonymous_10)
FNF:11
FNH:0
FNDA:0,ArticleDetails
FNDA:0,(anonymous_1)
FNDA:0,(anonymous_2)
FNDA:0,(anonymous_3)
FNDA:0,(anonymous_4)
FNDA:0,(anonymous_5)
FNDA:0,(anonymous_6)
FNDA:0,(anonymous_7)
FNDA:0,(anonymous_8)
FNDA:0,(anonymous_9)
FNDA:0,(anonymous_10)
DA:21,0
DA:22,0
DA:23,0
DA:24,0
DA:25,0
DA:27,0
DA:29,0
DA:30,0
DA:32,0
DA:33,0
DA:34,0
DA:35,0
DA:38,0
DA:39,0
DA:43,0
DA:44,0
DA:48,0
DA:49,0
DA:50,0
DA:51,0
DA:57,0
DA:60,0
DA:61,0
DA:62,0
DA:68,0
DA:75,0
DA:76,0
DA:79,0
DA:80,0
DA:83,0
DA:84,0
DA:85,0
DA:95,0
DA:98,0
DA:99,0
DA:100,0
DA:111,0
LF:37
LH:0
BRDA:29,0,0,0
BRDA:29,0,1,0
BRDA:38,1,0,0
BRDA:38,1,1,0
BRDA:43,2,0,0
BRDA:43,2,1,0
BRDA:49,3,0,0
BRDA:49,3,1,0
BRDA:61,4,0,0
BRDA:61,4,1,0
BRDA:61,5,0,0
BRDA:61,5,1,0
BRDA:84,6,0,0
BRDA:84,6,1,0
BRDA:84,7,0,0
BRDA:84,7,1,0
BRDA:98,8,0,0
BRDA:98,8,1,0
BRDA:131,9,0,0
BRDA:131,9,1,0
BRF:20
BRH:0
end_of_record
TN:
SF:src\pages\Articles.js
FN:29,Articles
FN:30,(anonymous_1)
FN:37,(anonymous_2)
FN:40,(anonymous_3)
FN:69,(anonymous_4)
FN:73,(anonymous_5)
FN:79,(anonymous_6)
FN:113,(anonymous_7)
FN:124,(anonymous_8)
FN:128,(anonymous_9)
FN:130,(anonymous_10)
FN:144,(anonymous_11)
FN:148,(anonymous_12)
FN:151,(anonymous_13)
FN:161,(anonymous_14)
FN:170,(anonymous_15)
FN:175,(anonymous_16)
FN:192,(anonymous_17)
FN:196,(anonymous_18)
FN:205,(anonymous_19)
FN:209,(anonymous_20)
FN:213,(anonymous_21)
FN:219,(anonymous_22)
FN:225,(anonymous_23)
FN:243,(anonymous_24)
FNF:25
FNH:25
FNDA:77,Articles
FNDA:94,(anonymous_1)
FNDA:94,(anonymous_2)
FNDA:10,(anonymous_3)
FNDA:10,(anonymous_4)
FNDA:74,(anonymous_5)
FNDA:118,(anonymous_6)
FNDA:74,(anonymous_7)
FNDA:2,(anonymous_8)
FNDA:74,(anonymous_9)
FNDA:156,(anonymous_10)
FNDA:4,(anonymous_11)
FNDA:14,(anonymous_12)
FNDA:39,(anonymous_13)
FNDA:20,(anonymous_14)
FNDA:14,(anonymous_15)
FNDA:32,(anonymous_16)
FNDA:32,(anonymous_17)
FNDA:22,(anonymous_18)
FNDA:14,(anonymous_19)
FNDA:2,(anonymous_20)
FNDA:1,(anonymous_21)
FNDA:1,(anonymous_22)
FNDA:74,(anonymous_23)
FNDA:68,(anonymous_24)
DA:30,94
DA:31,76
DA:32,76
DA:33,76
DA:34,76
DA:35,76
DA:36,76
DA:37,94
DA:38,76
DA:40,76
DA:41,10
DA:43,10
DA:44,8
DA:46,2
DA:48,8
DA:52,8
DA:53,8
DA:54,8
DA:58,8
DA:60,8
DA:62,0
DA:63,0
DA:64,0
DA:69,76
DA:70,10
DA:73,76
DA:74,74
DA:79,28
DA:80,118
DA:110,46
DA:113,76
DA:114,74
DA:115,3
DA:121,71
DA:124,76
DA:125,2
DA:128,76
DA:129,74
DA:130,13
DA:131,156
DA:140,61
DA:144,76
DA:145,4
DA:148,76
DA:149,14
DA:150,14
DA:151,3
DA:152,39
DA:153,36
DA:155,3
DA:158,14
DA:160,14
DA:161,6
DA:162,20
DA:165,8
DA:167,14
DA:170,76
DA:172,14
DA:175,76
DA:176,32
DA:177,32
DA:179,32
DA:180,98
DA:181,98
DA:182,14
DA:183,14
DA:186,32
DA:187,12
DA:189,32
DA:192,76
DA:193,32
DA:196,76
DA:197,22
DA:200,22
DA:201,8
DA:205,76
DA:206,14
DA:209,76
DA:210,2
DA:213,76
DA:214,1
DA:215,1
DA:219,76
DA:220,1
DA:221,1
DA:225,76
DA:226,74
DA:227,74
DA:244,68
DA:260,76
LF:90
LH:87
BRDA:43,0,0,8
BRDA:43,0,1,2
BRDA:62,1,0,0
BRDA:62,1,1,0
BRDA:74,2,0,28
BRDA:74,2,1,46
BRDA:75,3,0,74
BRDA:75,3,1,74
BRDA:75,3,2,28
BRDA:100,4,0,118
BRDA:100,4,1,0
BRDA:114,5,0,3
BRDA:114,5,1,71
BRDA:129,6,0,13
BRDA:129,6,1,61
BRDA:129,7,0,74
BRDA:129,7,1,74
BRDA:150,8,0,3
BRDA:150,8,1,11
BRDA:152,9,0,36
BRDA:152,9,1,3
BRDA:160,10,0,6
BRDA:160,10,1,8
BRDA:181,11,0,14
BRDA:181,11,1,84
BRDA:181,12,0,98
BRDA:181,12,1,86
BRDA:186,13,0,12
BRDA:186,13,1,20
BRDA:200,14,0,8
BRDA:200,14,1,14
BRDA:214,15,0,1
BRDA:214,15,1,0
BRDA:220,16,0,1
BRDA:220,16,1,0
BRDA:226,17,0,74
BRDA:226,17,1,0
BRF:37
BRH:31
end_of_record
TN:
SF:src\pages\Contact.js
FN:12,Contact
FN:19,(anonymous_1)
FN:23,(anonymous_2)
FNF:3
FNH:0
FNDA:0,Contact
FNDA:0,(anonymous_1)
FNDA:0,(anonymous_2)
DA:13,0
DA:19,0
DA:20,0
DA:23,0
DA:24,0
DA:27,0
LF:6
LH:0
BRF:0
BRH:0
end_of_record
TN:
SF:src\pages\CreateArticle.js
FN:30,CreateArticle
FN:51,(anonymous_1)
FN:53,(anonymous_2)
FN:56,(anonymous_3)
FN:62,(anonymous_4)
FN:66,(anonymous_5)
FN:68,(anonymous_6)
FN:71,(anonymous_7)
FN:79,(anonymous_8)
FN:90,(anonymous_9)
FN:94,(anonymous_10)
FN:98,(anonymous_11)
FN:103,(anonymous_12)
FN:104,(anonymous_13)
FN:107,(anonymous_14)
FN:113,(anonymous_15)
FN:119,(anonymous_16)
FN:130,(anonymous_17)
FN:139,(anonymous_18)
FN:143,(anonymous_19)
FN:146,(anonymous_20)
FN:153,(anonymous_21)
FN:162,(anonymous_22)
FN:167,(anonymous_23)
FN:171,(anonymous_24)
FN:191,(anonymous_25)
FN:196,(anonymous_26)
FN:205,(anonymous_27)
FN:214,(anonymous_28)
FN:278,(anonymous_29)
FN:297,(anonymous_30)
FNF:31
FNH:0
FNDA:0,CreateArticle
FNDA:0,(anonymous_1)
FNDA:0,(anonymous_2)
FNDA:0,(anonymous_3)
FNDA:0,(anonymous_4)
FNDA:0,(anonymous_5)
FNDA:0,(anonymous_6)
FNDA:0,(anonymous_7)
FNDA:0,(anonymous_8)
FNDA:0,(anonymous_9)
FNDA:0,(anonymous_10)
FNDA:0,(anonymous_11)
FNDA:0,(anonymous_12)
FNDA:0,(anonymous_13)
FNDA:0,(anonymous_14)
FNDA:0,(anonymous_15)
FNDA:0,(anonymous_16)
FNDA:0,(anonymous_17)
FNDA:0,(anonymous_18)
FNDA:0,(anonymous_19)
FNDA:0,(anonymous_20)
FNDA:0,(anonymous_21)
FNDA:0,(anonymous_22)
FNDA:0,(anonymous_23)
FNDA:0,(anonymous_24)
FNDA:0,(anonymous_25)
FNDA:0,(anonymous_26)
FNDA:0,(anonymous_27)
FNDA:0,(anonymous_28)
FNDA:0,(anonymous_29)
FNDA:0,(anonymous_30)
DA:31,0
DA:32,0
DA:38,0
DA:39,0
DA:40,0
DA:42,0
DA:43,0
DA:44,0
DA:45,0
DA:47,0
DA:49,0
DA:51,0
DA:52,0
DA:54,0
DA:57,0
DA:58,0
DA:62,0
DA:63,0
DA:66,0
DA:67,0
DA:69,0
DA:72,0
DA:73,0
DA:74,0
DA:79,0
DA:80,0
DA:81,0
DA:82,0
DA:83,0
DA:84,0
DA:86,0
DA:90,0
DA:91,0
DA:94,0
DA:95,0
DA:98,0
DA:99,0
DA:100,0
DA:103,0
DA:104,0
DA:107,0
DA:108,0
DA:113,0
DA:114,0
DA:115,0
DA:116,0
DA:119,0
DA:120,0
DA:121,0
DA:122,0
DA:123,0
DA:130,0
DA:131,0
DA:132,0
DA:133,0
DA:139,0
DA:140,0
DA:143,0
DA:144,0
DA:145,0
DA:146,0
DA:147,0
DA:149,0
DA:153,0
DA:154,0
DA:155,0
DA:156,0
DA:162,0
DA:163,0
DA:167,0
DA:168,0
DA:169,0
DA:170,0
DA:171,0
DA:172,0
DA:173,0
DA:174,0
DA:175,0
DA:177,0
DA:178,0
DA:179,0
DA:181,0
DA:186,0
DA:191,0
DA:192,0
DA:193,0
DA:194,0
DA:195,0
DA:196,0
DA:197,0
DA:198,0
DA:199,0
DA:201,0
DA:205,0
DA:206,0
DA:207,0
DA:208,0
DA:210,0
DA:214,0
DA:215,0
DA:219,0
DA:220,0
DA:222,0
DA:226,0
DA:227,0
DA:230,0
DA:233,0
DA:279,0
DA:298,0
LF:109
LH:0
BRDA:72,0,0,0
BRDA:72,0,1,0
BRDA:82,1,0,0
BRDA:82,1,1,0
BRDA:120,2,0,0
BRDA:120,2,1,0
BRDA:131,3,0,0
BRDA:131,3,1,0
BRDA:144,4,0,0
BRDA:144,4,1,0
BRDA:154,5,0,0
BRDA:154,5,1,0
BRDA:168,6,0,0
BRDA:168,6,1,0
BRDA:177,7,0,0
BRDA:177,7,1,0
BRDA:178,8,0,0
BRDA:178,8,1,0
BRDA:178,9,0,0
BRDA:178,9,1,0
BRDA:197,10,0,0
BRDA:197,10,1,0
BRDA:206,11,0,0
BRDA:206,11,1,0
BRDA:215,12,0,0
BRDA:215,12,1,0
BRDA:216,13,0,0
BRDA:216,13,1,0
BRDA:226,14,0,0
BRDA:226,14,1,0
BRDA:296,15,0,0
BRDA:296,15,1,0
BRF:32
BRH:0
end_of_record
TN:
SF:src\pages\Home.js
FN:12,Home
FNF:1
FNH:0
FNDA:0,Home
DA:13,0
LF:1
LH:0
BRF:0
BRH:0
end_of_record
TN:
SF:src\pages\Login.jsx
FN:22,Login
FN:23,(anonymous_1)
FN:61,loginAttempt
FNF:3
FNH:0
FNDA:0,Login
FNDA:0,(anonymous_1)
FNDA:0,loginAttempt
DA:23,0
DA:24,0
DA:26,0
DA:27,0
DA:29,0
DA:62,0
DA:63,0
DA:65,0
DA:66,0
DA:67,0
DA:69,0
DA:70,0
DA:71,0
DA:75,0
DA:76,0
DA:77,0
DA:78,0
DA:79,0
DA:80,0
DA:82,0
DA:83,0
DA:84,0
DA:85,0
DA:87,0
DA:88,0
LF:25
LH:0
BRDA:26,0,0,0
BRDA:26,0,1,0
BRDA:65,1,0,0
BRDA:65,1,1,0
BRDA:69,2,0,0
BRDA:69,2,1,0
BRDA:82,3,0,0
BRDA:82,3,1,0
BRDA:83,4,0,0
BRDA:83,4,1,0
BRDA:83,5,0,0
BRDA:83,5,1,0
BRF:12
BRH:0
end_of_record
TN:
SF:src\pages\Offices.js
FN:26,Offices
FN:33,(anonymous_1)
FN:37,(anonymous_2)
FN:46,(anonymous_3)
FN:93,(anonymous_4)
FN:98,(anonymous_5)
FN:114,(anonymous_6)
FN:130,(anonymous_7)
FN:136,(anonymous_8)
FN:152,(anonymous_9)
FNF:10
FNH:0
FNDA:0,Offices
FNDA:0,(anonymous_1)
FNDA:0,(anonymous_2)
FNDA:0,(anonymous_3)
FNDA:0,(anonymous_4)
FNDA:0,(anonymous_5)
FNDA:0,(anonymous_6)
FNDA:0,(anonymous_7)
FNDA:0,(anonymous_8)
FNDA:0,(anonymous_9)
DA:27,0
DA:29,0
DA:31,0
DA:33,0
DA:34,0
DA:37,0
DA:38,0
DA:39,0
DA:40,0
DA:42,0
DA:46,0
DA:47,0
DA:48,0
DA:49,0
DA:52,0
DA:94,0
DA:99,0
DA:115,0
DA:131,0
DA:137,0
DA:153,0
LF:21
LH:0
BRDA:39,0,0,0
BRDA:39,0,1,0
BRDA:66,1,0,0
BRDA:66,1,1,0
BRDA:92,2,0,0
BRDA:92,2,1,0
BRDA:97,3,0,0
BRDA:97,3,1,0
BRDA:131,4,0,0
BRDA:131,4,1,0
BRDA:135,5,0,0
BRDA:135,5,1,0
BRF:12
BRH:0
end_of_record
TN:
SF:src\pages\OfficesDetails.js
FN:28,OfficesDetails
FN:62,(anonymous_1)
FNF:2
FNH:0
FNDA:0,OfficesDetails
FNDA:0,(anonymous_1)
DA:29,0
DA:30,0
DA:32,0
DA:36,0
DA:37,0
DA:38,0
DA:39,0
DA:40,0
DA:45,0
DA:63,0
LF:10
LH:0
BRDA:38,0,0,0
BRDA:38,0,1,0
BRF:2
BRH:0
end_of_record
TN:
SF:src\pages\Register.js
FN:18,Register
FN:20,(anonymous_1)
FN:49,(anonymous_2)
FNF:3
FNH:0
FNDA:0,Register
FNDA:0,(anonymous_1)
FNDA:0,(anonymous_2)
DA:19,0
DA:20,0
DA:21,0
DA:22,0
DA:23,0
DA:24,0
DA:25,0
DA:27,0
DA:28,0
DA:29,0
DA:31,0
DA:32,0
DA:33,0
DA:35,0
DA:36,0
DA:37,0
DA:39,0
DA:40,0
DA:41,0
DA:43,0
DA:44,0
DA:46,0
DA:49,0
DA:51,0
DA:52,0
DA:58,0
DA:59,0
DA:60,0
DA:61,0
DA:63,0
DA:64,0
DA:65,0
DA:71,0
LF:33
LH:0
BRDA:27,0,0,0
BRDA:27,0,1,0
BRDA:27,1,0,0
BRDA:27,1,1,0
BRDA:27,1,2,0
BRDA:27,1,3,0
BRDA:27,1,4,0
BRDA:31,2,0,0
BRDA:31,2,1,0
BRDA:35,3,0,0
BRDA:35,3,1,0
BRDA:39,4,0,0
BRDA:39,4,1,0
BRDA:43,5,0,0
BRDA:43,5,1,0
BRDA:51,6,0,0
BRDA:51,6,1,0
BRDA:63,7,0,0
BRDA:63,7,1,0
BRF:19
BRH:0
end_of_record
TN:
SF:src\routes\Routes.js
FN:13,Routes
FNF:1
FNH:0
FNDA:0,Routes
DA:14,0
LF:1
LH:0
BRF:0
BRH:0
end_of_record
TN:
SF:src\styles\Styled.jsx
FN:270,(anonymous_0)
FNF:1
FNH:0
FNDA:0,(anonymous_0)
DA:7,1
DA:19,1
DA:28,1
DA:37,1
DA:42,1
DA:75,1
DA:82,1
DA:94,1
DA:100,1
DA:107,1
DA:115,1
DA:123,1
DA:131,1
DA:133,1
DA:138,1
DA:142,1
DA:148,1
DA:156,1
DA:164,1
DA:177,1
DA:184,1
DA:190,1
DA:197,1
DA:204,1
DA:211,1
DA:216,1
DA:232,1
DA:249,1
DA:253,1
DA:261,1
DA:268,1
DA:270,0
DA:278,1
DA:287,1
DA:295,1
DA:300,1
DA:307,1
DA:313,1
DA:318,1
DA:323,1
DA:330,1
DA:336,1
DA:344,1
DA:348,1
DA:353,1
DA:358,1
DA:367,1
DA:373,1
DA:375,1
DA:377,1
DA:385,1
DA:393,1
DA:397,1
DA:416,1
DA:423,1
DA:431,1
DA:445,1
LF:57
LH:56
BRDA:270,0,0,0
BRDA:270,0,1,0
BRF:2
BRH:0
end_of_record
TN:
SF:src\tests\mockData\articles.js
FNF:0
FNH:0
DA:1,1
DA:281,1
DA:439,1
LF:3
LH:3
BRF:0
BRH:0
end_of_record
TN:
SF:src\tests\testUtils\compWrapper.js
FN:6,(anonymous_0)
FNF:1
FNH:1
FNDA:10,(anonymous_0)
DA:6,1
DA:8,10
DA:9,8
DA:11,2
DA:13,10
LF:5
LH:5
BRDA:8,0,0,8
BRDA:8,0,1,2
BRF:2
BRH:2
end_of_record
TN:
SF:src\utils\apiCalls.js
FN:3,getToken
FN:9,loginRequest
FN:16,registerUserRequest
FN:20,getNonSecretArticlesRequest
FN:24,getAllArticles
FN:29,getWriters
FN:33,createArticleRequest
FN:39,addImageToArticleRequest
FN:45,getCategoriesRequest
FN:49,createCategoryRequest
FNF:10
FNH:4
FNDA:8,getToken
FNDA:0,loginRequest
FNDA:0,registerUserRequest
FNDA:2,getNonSecretArticlesRequest
FNDA:8,getAllArticles
FNDA:0,getWriters
FNDA:0,createArticleRequest
FNDA:0,addImageToArticleRequest
FNDA:8,getCategoriesRequest
FNDA:0,createCategoryRequest
DA:4,8
DA:7,1
DA:10,0
DA:17,0
DA:21,2
DA:25,8
DA:30,0
DA:34,0
DA:40,0
DA:46,8
DA:50,0
LF:11
LH:5
BRF:0
BRH:0
end_of_record
TN:
SF:src\utils\authentication.js
FN:5,(anonymous_0)
FN:18,(anonymous_1)
FN:29,(anonymous_2)
FN:46,(anonymous_3)
FN:59,(anonymous_4)
FNF:5
FNH:2
FNDA:68,(anonymous_0)
FNDA:68,(anonymous_1)
FNDA:0,(anonymous_2)
FNDA:0,(anonymous_3)
FNDA:0,(anonymous_4)
DA:4,1
DA:6,68
DA:7,68
DA:8,68
DA:9,68
DA:10,0
DA:11,0
DA:12,0
DA:15,68
DA:20,68
DA:21,0
DA:22,0
DA:23,0
DA:26,68
DA:30,0
DA:31,0
DA:32,0
DA:33,0
DA:47,0
DA:48,0
DA:49,0
DA:51,0
DA:52,0
DA:53,0
DA:54,0
DA:55,0
DA:60,0
DA:61,0
LF:28
LH:8
BRDA:9,0,0,0
BRDA:9,0,1,68
BRDA:9,1,0,68
BRDA:9,1,1,68
BRDA:11,2,0,0
BRDA:11,2,1,0
BRDA:11,3,0,0
BRDA:11,3,1,0
BRDA:11,3,2,0
BRDA:20,4,0,0
BRDA:20,4,1,68
BRDA:22,5,0,0
BRDA:22,5,1,0
BRDA:48,6,0,0
BRDA:48,6,1,0
BRDA:54,7,0,0
BRDA:54,7,1,0
BRDA:54,8,0,0
BRDA:54,8,1,0
BRDA:54,8,2,0
BRF:20
BRH:4
end_of_record
TN:
SF:src\utils\global.js
FN:4,successToaster
FN:8,errorToaster
FN:12,commonErrorHandler
FNF:3
FNH:0
FNDA:0,successToaster
FNDA:0,errorToaster
FNDA:0,commonErrorHandler
DA:5,0
DA:9,0
DA:13,0
DA:14,0
DA:17,0
DA:19,0
LF:6
LH:0
BRDA:13,0,0,0
BRDA:13,0,1,0
BRF:2
BRH:0
end_of_record
TN:
SF:src\utils\reducer.js
FN:1,(anonymous_0)
FNF:1
FNH:1
FNDA:19,(anonymous_0)
DA:1,1
DA:8,19
DA:10,0
DA:12,0
DA:14,8
DA:16,11
LF:6
LH:4
BRDA:2,0,0,3
BRDA:8,1,0,0
BRDA:8,1,1,0
BRDA:8,1,2,8
BRDA:8,1,3,11
BRF:5
BRH:3
end_of_record
TN:
SF:src\utils\store.js
FNF:0
FNH:0
DA:4,1
LF:1
LH:1
BRF:0
BRH:0
end_of_record
