{"C:\\Users\\Trond Arne Graabræk\\skole\\webapplikasjoner\\webapplikasjoner_eksamen\\rorlegger\\server\\app.js": {"path":"C:\\Users\\Trond Arne Graabræk\\skole\\webapplikasjoner\\webapplikasjoner_eksamen\\rorlegger\\server\\app.js","statementMap":{"0":{"start":{"line":1,"column":16},"end":{"line":1,"column":34}},"1":{"start":{"line":2,"column":17},"end":{"line":2,"column":36}},"2":{"start":{"line":3,"column":13},"end":{"line":3,"column":28}},"3":{"start":{"line":4,"column":12},"end":{"line":4,"column":26}},"4":{"start":{"line":5,"column":19},"end":{"line":5,"column":41}},"5":{"start":{"line":6,"column":21},"end":{"line":6,"column":45}},"6":{"start":{"line":7,"column":15},"end":{"line":7,"column":32}},"7":{"start":{"line":8,"column":22},"end":{"line":8,"column":55}},"8":{"start":{"line":9,"column":18},"end":{"line":9,"column":47}},"9":{"start":{"line":11,"column":0},"end":{"line":11,"column":53}},"10":{"start":{"line":13,"column":12},"end":{"line":13,"column":21}},"11":{"start":{"line":15,"column":0},"end":{"line":27,"column":1}},"12":{"start":{"line":16,"column":2},"end":{"line":16,"column":17}},"13":{"start":{"line":18,"column":2},"end":{"line":26,"column":37}},"14":{"start":{"line":24,"column":6},"end":{"line":24,"column":21}},"15":{"start":{"line":26,"column":19},"end":{"line":26,"column":35}},"16":{"start":{"line":30,"column":18},"end":{"line":33,"column":4}},"17":{"start":{"line":34,"column":2},"end":{"line":34,"column":19}},"18":{"start":{"line":35,"column":2},"end":{"line":35,"column":19}},"19":{"start":{"line":36,"column":2},"end":{"line":36,"column":54}},"20":{"start":{"line":37,"column":2},"end":{"line":37,"column":27}},"21":{"start":{"line":38,"column":2},"end":{"line":38,"column":25}},"22":{"start":{"line":39,"column":2},"end":{"line":39,"column":16}},"23":{"start":{"line":40,"column":2},"end":{"line":40,"column":25}},"24":{"start":{"line":41,"column":2},"end":{"line":44,"column":5}},"25":{"start":{"line":45,"column":2},"end":{"line":45,"column":61}},"26":{"start":{"line":46,"column":2},"end":{"line":46,"column":66}},"27":{"start":{"line":47,"column":2},"end":{"line":47,"column":59}},"28":{"start":{"line":48,"column":2},"end":{"line":48,"column":58}},"29":{"start":{"line":49,"column":2},"end":{"line":49,"column":58}},"30":{"start":{"line":50,"column":2},"end":{"line":50,"column":50}},"31":{"start":{"line":51,"column":2},"end":{"line":51,"column":57}},"32":{"start":{"line":52,"column":2},"end":{"line":52,"column":58}},"33":{"start":{"line":59,"column":0},"end":{"line":59,"column":20}}},"fnMap":{"0":{"name":"(anonymous_0)","decl":{"start":{"line":23,"column":10},"end":{"line":23,"column":11}},"loc":{"start":{"line":23,"column":16},"end":{"line":25,"column":5}},"line":23},"1":{"name":"(anonymous_1)","decl":{"start":{"line":26,"column":11},"end":{"line":26,"column":12}},"loc":{"start":{"line":26,"column":18},"end":{"line":26,"column":36}},"line":26},"2":{"name":"initServer","decl":{"start":{"line":29,"column":9},"end":{"line":29,"column":19}},"loc":{"start":{"line":29,"column":24},"end":{"line":53,"column":1}},"line":29}},"branchMap":{"0":{"loc":{"start":{"line":15,"column":0},"end":{"line":27,"column":1}},"type":"if","locations":[{"start":{"line":15,"column":0},"end":{"line":27,"column":1}},{"start":{"line":15,"column":0},"end":{"line":27,"column":1}}],"line":15}},"s":{"0":5,"1":5,"2":5,"3":5,"4":5,"5":5,"6":5,"7":5,"8":5,"9":5,"10":5,"11":5,"12":5,"13":0,"14":0,"15":0,"16":5,"17":5,"18":5,"19":5,"20":5,"21":5,"22":5,"23":5,"24":5,"25":5,"26":5,"27":5,"28":5,"29":5,"30":5,"31":5,"32":5,"33":5},"f":{"0":0,"1":0,"2":5},"b":{"0":[5,0]},"_coverageSchema":"1a1c01bbd47fc00a2c39e90264f33305004495a9","hash":"d3409df33a9b2b07b840011a9e147d49d28a50ee"}
,"C:\\Users\\Trond Arne Graabræk\\skole\\webapplikasjoner\\webapplikasjoner_eksamen\\rorlegger\\server\\controllers\\article.controller.js": {"path":"C:\\Users\\Trond Arne Graabræk\\skole\\webapplikasjoner\\webapplikasjoner_eksamen\\rorlegger\\server\\controllers\\article.controller.js","statementMap":{"0":{"start":{"line":1,"column":23},"end":{"line":1,"column":61}},"1":{"start":{"line":2,"column":24},"end":{"line":2,"column":63}},"2":{"start":{"line":4,"column":0},"end":{"line":12,"column":1}},"3":{"start":{"line":5,"column":2},"end":{"line":11,"column":3}},"4":{"start":{"line":6,"column":16},"end":{"line":6,"column":55}},"5":{"start":{"line":7,"column":4},"end":{"line":7,"column":94}},"6":{"start":{"line":9,"column":4},"end":{"line":9,"column":20}},"7":{"start":{"line":10,"column":4},"end":{"line":10,"column":53}},"8":{"start":{"line":14,"column":0},"end":{"line":21,"column":1}},"9":{"start":{"line":15,"column":2},"end":{"line":20,"column":3}},"10":{"start":{"line":16,"column":4},"end":{"line":16,"column":77}},"11":{"start":{"line":17,"column":4},"end":{"line":17,"column":60}},"12":{"start":{"line":19,"column":4},"end":{"line":19,"column":53}},"13":{"start":{"line":23,"column":0},"end":{"line":30,"column":1}},"14":{"start":{"line":24,"column":2},"end":{"line":29,"column":3}},"15":{"start":{"line":25,"column":19},"end":{"line":25,"column":62}},"16":{"start":{"line":26,"column":4},"end":{"line":26,"column":87}},"17":{"start":{"line":28,"column":4},"end":{"line":28,"column":53}},"18":{"start":{"line":32,"column":0},"end":{"line":39,"column":1}},"19":{"start":{"line":33,"column":2},"end":{"line":38,"column":3}},"20":{"start":{"line":34,"column":19},"end":{"line":34,"column":56}},"21":{"start":{"line":35,"column":4},"end":{"line":35,"column":87}},"22":{"start":{"line":37,"column":4},"end":{"line":37,"column":53}},"23":{"start":{"line":41,"column":0},"end":{"line":56,"column":1}},"24":{"start":{"line":42,"column":2},"end":{"line":55,"column":3}},"25":{"start":{"line":43,"column":18},"end":{"line":43,"column":69}},"26":{"start":{"line":44,"column":4},"end":{"line":48,"column":6}},"27":{"start":{"line":49,"column":4},"end":{"line":51,"column":5}},"28":{"start":{"line":50,"column":6},"end":{"line":50,"column":65}},"29":{"start":{"line":52,"column":4},"end":{"line":52,"column":85}},"30":{"start":{"line":54,"column":4},"end":{"line":54,"column":68}},"31":{"start":{"line":58,"column":0},"end":{"line":68,"column":1}},"32":{"start":{"line":59,"column":2},"end":{"line":67,"column":3}},"33":{"start":{"line":60,"column":18},"end":{"line":60,"column":72}},"34":{"start":{"line":61,"column":4},"end":{"line":63,"column":5}},"35":{"start":{"line":62,"column":6},"end":{"line":62,"column":65}},"36":{"start":{"line":64,"column":4},"end":{"line":64,"column":85}},"37":{"start":{"line":66,"column":4},"end":{"line":66,"column":67}},"38":{"start":{"line":70,"column":0},"end":{"line":76,"column":1}},"39":{"start":{"line":71,"column":2},"end":{"line":75,"column":3}},"40":{"start":{"line":72,"column":4},"end":{"line":72,"column":74}},"41":{"start":{"line":74,"column":4},"end":{"line":74,"column":53}}},"fnMap":{"0":{"name":"(anonymous_0)","decl":{"start":{"line":4,"column":24},"end":{"line":4,"column":25}},"loc":{"start":{"line":4,"column":56},"end":{"line":12,"column":1}},"line":4},"1":{"name":"(anonymous_1)","decl":{"start":{"line":14,"column":28},"end":{"line":14,"column":29}},"loc":{"start":{"line":14,"column":60},"end":{"line":21,"column":1}},"line":14},"2":{"name":"(anonymous_2)","decl":{"start":{"line":23,"column":31},"end":{"line":23,"column":32}},"loc":{"start":{"line":23,"column":63},"end":{"line":30,"column":1}},"line":23},"3":{"name":"(anonymous_3)","decl":{"start":{"line":32,"column":25},"end":{"line":32,"column":26}},"loc":{"start":{"line":32,"column":57},"end":{"line":39,"column":1}},"line":32},"4":{"name":"(anonymous_4)","decl":{"start":{"line":41,"column":27},"end":{"line":41,"column":28}},"loc":{"start":{"line":41,"column":53},"end":{"line":56,"column":1}},"line":41},"5":{"name":"(anonymous_5)","decl":{"start":{"line":58,"column":30},"end":{"line":58,"column":31}},"loc":{"start":{"line":58,"column":56},"end":{"line":68,"column":1}},"line":58},"6":{"name":"(anonymous_6)","decl":{"start":{"line":70,"column":32},"end":{"line":70,"column":33}},"loc":{"start":{"line":70,"column":64},"end":{"line":76,"column":1}},"line":70}},"branchMap":{"0":{"loc":{"start":{"line":49,"column":4},"end":{"line":51,"column":5}},"type":"if","locations":[{"start":{"line":49,"column":4},"end":{"line":51,"column":5}},{"start":{"line":49,"column":4},"end":{"line":51,"column":5}}],"line":49},"1":{"loc":{"start":{"line":61,"column":4},"end":{"line":63,"column":5}},"type":"if","locations":[{"start":{"line":61,"column":4},"end":{"line":63,"column":5}},{"start":{"line":61,"column":4},"end":{"line":63,"column":5}}],"line":61}},"s":{"0":5,"1":5,"2":5,"3":2,"4":2,"5":2,"6":0,"7":0,"8":5,"9":0,"10":0,"11":0,"12":0,"13":5,"14":1,"15":1,"16":1,"17":0,"18":5,"19":1,"20":1,"21":1,"22":0,"23":5,"24":1,"25":1,"26":1,"27":1,"28":0,"29":1,"30":0,"31":5,"32":2,"33":2,"34":2,"35":1,"36":1,"37":0,"38":5,"39":0,"40":0,"41":0},"f":{"0":2,"1":0,"2":1,"3":1,"4":1,"5":2,"6":0},"b":{"0":[0,1],"1":[1,1]},"_coverageSchema":"1a1c01bbd47fc00a2c39e90264f33305004495a9","hash":"da942d337348771332b610bbb02aa80b295aa657"}
,"C:\\Users\\Trond Arne Graabræk\\skole\\webapplikasjoner\\webapplikasjoner_eksamen\\rorlegger\\server\\controllers\\category.controller.js": {"path":"C:\\Users\\Trond Arne Graabræk\\skole\\webapplikasjoner\\webapplikasjoner_eksamen\\rorlegger\\server\\controllers\\category.controller.js","statementMap":{"0":{"start":{"line":1,"column":22},"end":{"line":1,"column":61}},"1":{"start":{"line":3,"column":0},"end":{"line":11,"column":1}},"2":{"start":{"line":4,"column":2},"end":{"line":10,"column":3}},"3":{"start":{"line":5,"column":4},"end":{"line":5,"column":50}},"4":{"start":{"line":6,"column":4},"end":{"line":6,"column":78}},"5":{"start":{"line":8,"column":4},"end":{"line":8,"column":20}},"6":{"start":{"line":9,"column":4},"end":{"line":9,"column":53}},"7":{"start":{"line":13,"column":0},"end":{"line":21,"column":1}},"8":{"start":{"line":14,"column":2},"end":{"line":20,"column":3}},"9":{"start":{"line":15,"column":21},"end":{"line":15,"column":58}},"10":{"start":{"line":16,"column":4},"end":{"line":16,"column":92}},"11":{"start":{"line":18,"column":4},"end":{"line":18,"column":20}},"12":{"start":{"line":19,"column":4},"end":{"line":19,"column":53}}},"fnMap":{"0":{"name":"(anonymous_0)","decl":{"start":{"line":3,"column":25},"end":{"line":3,"column":26}},"loc":{"start":{"line":3,"column":57},"end":{"line":11,"column":1}},"line":3},"1":{"name":"(anonymous_1)","decl":{"start":{"line":13,"column":24},"end":{"line":13,"column":25}},"loc":{"start":{"line":13,"column":56},"end":{"line":21,"column":1}},"line":13}},"branchMap":{},"s":{"0":5,"1":5,"2":2,"3":2,"4":2,"5":0,"6":0,"7":5,"8":1,"9":1,"10":1,"11":0,"12":0},"f":{"0":2,"1":1},"b":{},"_coverageSchema":"1a1c01bbd47fc00a2c39e90264f33305004495a9","hash":"a279abab27bfb9059d245e291bc9b3af2af753a4"}
,"C:\\Users\\Trond Arne Graabræk\\skole\\webapplikasjoner\\webapplikasjoner_eksamen\\rorlegger\\server\\controllers\\requests.controller.js": {"path":"C:\\Users\\Trond Arne Graabræk\\skole\\webapplikasjoner\\webapplikasjoner_eksamen\\rorlegger\\server\\controllers\\requests.controller.js","statementMap":{"0":{"start":{"line":1,"column":23},"end":{"line":1,"column":62}},"1":{"start":{"line":3,"column":0},"end":{"line":11,"column":1}},"2":{"start":{"line":4,"column":2},"end":{"line":10,"column":3}},"3":{"start":{"line":5,"column":4},"end":{"line":5,"column":43}},"4":{"start":{"line":6,"column":4},"end":{"line":6,"column":77}},"5":{"start":{"line":8,"column":4},"end":{"line":8,"column":20}},"6":{"start":{"line":9,"column":4},"end":{"line":9,"column":53}}},"fnMap":{"0":{"name":"(anonymous_0)","decl":{"start":{"line":3,"column":24},"end":{"line":3,"column":25}},"loc":{"start":{"line":3,"column":56},"end":{"line":11,"column":1}},"line":3}},"branchMap":{},"s":{"0":5,"1":5,"2":2,"3":2,"4":1,"5":1,"6":1},"f":{"0":2},"b":{},"_coverageSchema":"1a1c01bbd47fc00a2c39e90264f33305004495a9","hash":"d580b29845a0ef1d42c64514a608fcfe7ba648ae"}
,"C:\\Users\\Trond Arne Graabræk\\skole\\webapplikasjoner\\webapplikasjoner_eksamen\\rorlegger\\server\\controllers\\tracking.controller.js": {"path":"C:\\Users\\Trond Arne Graabræk\\skole\\webapplikasjoner\\webapplikasjoner_eksamen\\rorlegger\\server\\controllers\\tracking.controller.js","statementMap":{"0":{"start":{"line":1,"column":24},"end":{"line":1,"column":63}},"1":{"start":{"line":3,"column":0},"end":{"line":11,"column":1}},"2":{"start":{"line":4,"column":2},"end":{"line":10,"column":3}},"3":{"start":{"line":5,"column":4},"end":{"line":5,"column":45}},"4":{"start":{"line":6,"column":4},"end":{"line":6,"column":57}},"5":{"start":{"line":8,"column":4},"end":{"line":8,"column":20}},"6":{"start":{"line":9,"column":4},"end":{"line":9,"column":53}},"7":{"start":{"line":13,"column":0},"end":{"line":21,"column":1}},"8":{"start":{"line":14,"column":2},"end":{"line":20,"column":3}},"9":{"start":{"line":15,"column":16},"end":{"line":15,"column":62}},"10":{"start":{"line":16,"column":4},"end":{"line":16,"column":79}},"11":{"start":{"line":18,"column":4},"end":{"line":18,"column":20}},"12":{"start":{"line":19,"column":4},"end":{"line":19,"column":53}},"13":{"start":{"line":23,"column":0},"end":{"line":31,"column":1}},"14":{"start":{"line":24,"column":2},"end":{"line":30,"column":3}},"15":{"start":{"line":25,"column":16},"end":{"line":25,"column":57}},"16":{"start":{"line":26,"column":4},"end":{"line":26,"column":78}},"17":{"start":{"line":28,"column":4},"end":{"line":28,"column":20}},"18":{"start":{"line":29,"column":4},"end":{"line":29,"column":53}},"19":{"start":{"line":33,"column":0},"end":{"line":41,"column":1}},"20":{"start":{"line":34,"column":2},"end":{"line":40,"column":3}},"21":{"start":{"line":35,"column":16},"end":{"line":35,"column":55}},"22":{"start":{"line":36,"column":4},"end":{"line":36,"column":79}},"23":{"start":{"line":38,"column":4},"end":{"line":38,"column":20}},"24":{"start":{"line":39,"column":4},"end":{"line":39,"column":53}}},"fnMap":{"0":{"name":"(anonymous_0)","decl":{"start":{"line":3,"column":25},"end":{"line":3,"column":26}},"loc":{"start":{"line":3,"column":51},"end":{"line":11,"column":1}},"line":3},"1":{"name":"(anonymous_1)","decl":{"start":{"line":13,"column":33},"end":{"line":13,"column":34}},"loc":{"start":{"line":13,"column":59},"end":{"line":21,"column":1}},"line":13},"2":{"name":"(anonymous_2)","decl":{"start":{"line":23,"column":28},"end":{"line":23,"column":29}},"loc":{"start":{"line":23,"column":54},"end":{"line":31,"column":1}},"line":23},"3":{"name":"(anonymous_3)","decl":{"start":{"line":33,"column":26},"end":{"line":33,"column":27}},"loc":{"start":{"line":33,"column":52},"end":{"line":41,"column":1}},"line":33}},"branchMap":{},"s":{"0":5,"1":5,"2":1,"3":1,"4":0,"5":1,"6":1,"7":5,"8":0,"9":0,"10":0,"11":0,"12":0,"13":5,"14":0,"15":0,"16":0,"17":0,"18":0,"19":5,"20":0,"21":0,"22":0,"23":0,"24":0},"f":{"0":1,"1":0,"2":0,"3":0},"b":{},"_coverageSchema":"1a1c01bbd47fc00a2c39e90264f33305004495a9","hash":"95040997eba748c54fe1432a071e843c82153669"}
,"C:\\Users\\Trond Arne Graabræk\\skole\\webapplikasjoner\\webapplikasjoner_eksamen\\rorlegger\\server\\controllers\\user.controller.js": {"path":"C:\\Users\\Trond Arne Graabræk\\skole\\webapplikasjoner\\webapplikasjoner_eksamen\\rorlegger\\server\\controllers\\user.controller.js","statementMap":{"0":{"start":{"line":1,"column":18},"end":{"line":1,"column":53}},"1":{"start":{"line":3,"column":0},"end":{"line":16,"column":1}},"2":{"start":{"line":4,"column":21},"end":{"line":4,"column":51}},"3":{"start":{"line":5,"column":2},"end":{"line":7,"column":3}},"4":{"start":{"line":6,"column":4},"end":{"line":6,"column":54}},"5":{"start":{"line":8,"column":2},"end":{"line":15,"column":3}},"6":{"start":{"line":9,"column":20},"end":{"line":9,"column":58}},"7":{"start":{"line":10,"column":4},"end":{"line":10,"column":26}},"8":{"start":{"line":11,"column":4},"end":{"line":11,"column":58}},"9":{"start":{"line":13,"column":4},"end":{"line":13,"column":20}},"10":{"start":{"line":14,"column":4},"end":{"line":14,"column":53}},"11":{"start":{"line":18,"column":29},"end":{"line":36,"column":1}},"12":{"start":{"line":19,"column":18},"end":{"line":19,"column":32}},"13":{"start":{"line":20,"column":19},"end":{"line":20,"column":34}},"14":{"start":{"line":21,"column":14},"end":{"line":21,"column":24}},"15":{"start":{"line":22,"column":17},"end":{"line":22,"column":30}},"16":{"start":{"line":23,"column":2},"end":{"line":25,"column":3}},"17":{"start":{"line":24,"column":4},"end":{"line":24,"column":39}},"18":{"start":{"line":26,"column":2},"end":{"line":28,"column":3}},"19":{"start":{"line":27,"column":4},"end":{"line":27,"column":44}},"20":{"start":{"line":29,"column":2},"end":{"line":31,"column":3}},"21":{"start":{"line":30,"column":4},"end":{"line":30,"column":47}},"22":{"start":{"line":32,"column":2},"end":{"line":34,"column":3}},"23":{"start":{"line":33,"column":4},"end":{"line":33,"column":32}},"24":{"start":{"line":35,"column":2},"end":{"line":35,"column":12}},"25":{"start":{"line":38,"column":0},"end":{"line":54,"column":1}},"26":{"start":{"line":39,"column":21},"end":{"line":39,"column":44}},"27":{"start":{"line":40,"column":2},"end":{"line":42,"column":3}},"28":{"start":{"line":41,"column":4},"end":{"line":41,"column":54}},"29":{"start":{"line":43,"column":2},"end":{"line":53,"column":3}},"30":{"start":{"line":44,"column":19},"end":{"line":44,"column":56}},"31":{"start":{"line":45,"column":4},"end":{"line":49,"column":5}},"32":{"start":{"line":46,"column":6},"end":{"line":46,"column":79}},"33":{"start":{"line":48,"column":6},"end":{"line":48,"column":68}},"34":{"start":{"line":51,"column":4},"end":{"line":51,"column":20}},"35":{"start":{"line":52,"column":4},"end":{"line":52,"column":53}},"36":{"start":{"line":56,"column":22},"end":{"line":72,"column":1}},"37":{"start":{"line":57,"column":14},"end":{"line":57,"column":24}},"38":{"start":{"line":58,"column":17},"end":{"line":58,"column":30}},"39":{"start":{"line":59,"column":2},"end":{"line":61,"column":3}},"40":{"start":{"line":60,"column":4},"end":{"line":60,"column":39}},"41":{"start":{"line":62,"column":2},"end":{"line":64,"column":3}},"42":{"start":{"line":63,"column":4},"end":{"line":63,"column":44}},"43":{"start":{"line":65,"column":2},"end":{"line":67,"column":3}},"44":{"start":{"line":66,"column":4},"end":{"line":66,"column":47}},"45":{"start":{"line":68,"column":2},"end":{"line":70,"column":3}},"46":{"start":{"line":69,"column":4},"end":{"line":69,"column":32}},"47":{"start":{"line":71,"column":2},"end":{"line":71,"column":12}},"48":{"start":{"line":74,"column":0},"end":{"line":82,"column":1}},"49":{"start":{"line":75,"column":2},"end":{"line":81,"column":3}},"50":{"start":{"line":76,"column":4},"end":{"line":76,"column":53}},"51":{"start":{"line":77,"column":4},"end":{"line":77,"column":63}},"52":{"start":{"line":79,"column":4},"end":{"line":79,"column":20}},"53":{"start":{"line":80,"column":4},"end":{"line":80,"column":67}}},"fnMap":{"0":{"name":"(anonymous_0)","decl":{"start":{"line":3,"column":21},"end":{"line":3,"column":22}},"loc":{"start":{"line":3,"column":53},"end":{"line":16,"column":1}},"line":3},"1":{"name":"(anonymous_1)","decl":{"start":{"line":18,"column":29},"end":{"line":18,"column":30}},"loc":{"start":{"line":18,"column":39},"end":{"line":36,"column":1}},"line":18},"2":{"name":"(anonymous_2)","decl":{"start":{"line":38,"column":20},"end":{"line":38,"column":21}},"loc":{"start":{"line":38,"column":52},"end":{"line":54,"column":1}},"line":38},"3":{"name":"(anonymous_3)","decl":{"start":{"line":56,"column":22},"end":{"line":56,"column":23}},"loc":{"start":{"line":56,"column":32},"end":{"line":72,"column":1}},"line":56},"4":{"name":"(anonymous_4)","decl":{"start":{"line":74,"column":31},"end":{"line":74,"column":32}},"loc":{"start":{"line":74,"column":57},"end":{"line":82,"column":1}},"line":74}},"branchMap":{"0":{"loc":{"start":{"line":5,"column":2},"end":{"line":7,"column":3}},"type":"if","locations":[{"start":{"line":5,"column":2},"end":{"line":7,"column":3}},{"start":{"line":5,"column":2},"end":{"line":7,"column":3}}],"line":5},"1":{"loc":{"start":{"line":23,"column":2},"end":{"line":25,"column":3}},"type":"if","locations":[{"start":{"line":23,"column":2},"end":{"line":25,"column":3}},{"start":{"line":23,"column":2},"end":{"line":25,"column":3}}],"line":23},"2":{"loc":{"start":{"line":23,"column":6},"end":{"line":23,"column":54}},"type":"binary-expr","locations":[{"start":{"line":23,"column":6},"end":{"line":23,"column":16}},{"start":{"line":23,"column":20},"end":{"line":23,"column":31}},{"start":{"line":23,"column":35},"end":{"line":23,"column":41}},{"start":{"line":23,"column":45},"end":{"line":23,"column":54}}],"line":23},"3":{"loc":{"start":{"line":26,"column":2},"end":{"line":28,"column":3}},"type":"if","locations":[{"start":{"line":26,"column":2},"end":{"line":28,"column":3}},{"start":{"line":26,"column":2},"end":{"line":28,"column":3}}],"line":26},"4":{"loc":{"start":{"line":29,"column":2},"end":{"line":31,"column":3}},"type":"if","locations":[{"start":{"line":29,"column":2},"end":{"line":31,"column":3}},{"start":{"line":29,"column":2},"end":{"line":31,"column":3}}],"line":29},"5":{"loc":{"start":{"line":32,"column":2},"end":{"line":34,"column":3}},"type":"if","locations":[{"start":{"line":32,"column":2},"end":{"line":34,"column":3}},{"start":{"line":32,"column":2},"end":{"line":34,"column":3}}],"line":32},"6":{"loc":{"start":{"line":40,"column":2},"end":{"line":42,"column":3}},"type":"if","locations":[{"start":{"line":40,"column":2},"end":{"line":42,"column":3}},{"start":{"line":40,"column":2},"end":{"line":42,"column":3}}],"line":40},"7":{"loc":{"start":{"line":45,"column":4},"end":{"line":49,"column":5}},"type":"if","locations":[{"start":{"line":45,"column":4},"end":{"line":49,"column":5}},{"start":{"line":45,"column":4},"end":{"line":49,"column":5}}],"line":45},"8":{"loc":{"start":{"line":59,"column":2},"end":{"line":61,"column":3}},"type":"if","locations":[{"start":{"line":59,"column":2},"end":{"line":61,"column":3}},{"start":{"line":59,"column":2},"end":{"line":61,"column":3}}],"line":59},"9":{"loc":{"start":{"line":59,"column":6},"end":{"line":59,"column":25}},"type":"binary-expr","locations":[{"start":{"line":59,"column":6},"end":{"line":59,"column":12}},{"start":{"line":59,"column":16},"end":{"line":59,"column":25}}],"line":59},"10":{"loc":{"start":{"line":62,"column":2},"end":{"line":64,"column":3}},"type":"if","locations":[{"start":{"line":62,"column":2},"end":{"line":64,"column":3}},{"start":{"line":62,"column":2},"end":{"line":64,"column":3}}],"line":62},"11":{"loc":{"start":{"line":65,"column":2},"end":{"line":67,"column":3}},"type":"if","locations":[{"start":{"line":65,"column":2},"end":{"line":67,"column":3}},{"start":{"line":65,"column":2},"end":{"line":67,"column":3}}],"line":65},"12":{"loc":{"start":{"line":68,"column":2},"end":{"line":70,"column":3}},"type":"if","locations":[{"start":{"line":68,"column":2},"end":{"line":70,"column":3}},{"start":{"line":68,"column":2},"end":{"line":70,"column":3}}],"line":68}},"s":{"0":5,"1":5,"2":1,"3":1,"4":0,"5":1,"6":1,"7":1,"8":1,"9":0,"10":0,"11":5,"12":1,"13":1,"14":1,"15":1,"16":1,"17":0,"18":1,"19":0,"20":1,"21":0,"22":1,"23":0,"24":1,"25":5,"26":2,"27":2,"28":0,"29":2,"30":2,"31":2,"32":1,"33":1,"34":0,"35":0,"36":5,"37":2,"38":2,"39":2,"40":0,"41":2,"42":0,"43":2,"44":0,"45":2,"46":0,"47":2,"48":5,"49":0,"50":0,"51":0,"52":0,"53":0},"f":{"0":1,"1":1,"2":2,"3":2,"4":0},"b":{"0":[0,1],"1":[0,1],"2":[1,1,1,1],"3":[0,1],"4":[0,1],"5":[0,1],"6":[0,2],"7":[1,1],"8":[0,2],"9":[2,2],"10":[0,2],"11":[0,2],"12":[0,2]},"_coverageSchema":"1a1c01bbd47fc00a2c39e90264f33305004495a9","hash":"fc8d203f0f7611b1fad9838212b2ce17a79a5dbe"}
,"C:\\Users\\Trond Arne Graabræk\\skole\\webapplikasjoner\\webapplikasjoner_eksamen\\rorlegger\\server\\controllers\\writer.controller.js": {"path":"C:\\Users\\Trond Arne Graabræk\\skole\\webapplikasjoner\\webapplikasjoner_eksamen\\rorlegger\\server\\controllers\\writer.controller.js","statementMap":{"0":{"start":{"line":1,"column":20},"end":{"line":1,"column":57}},"1":{"start":{"line":3,"column":0},"end":{"line":9,"column":1}},"2":{"start":{"line":4,"column":2},"end":{"line":8,"column":3}},"3":{"start":{"line":5,"column":4},"end":{"line":5,"column":112}},"4":{"start":{"line":7,"column":4},"end":{"line":7,"column":53}}},"fnMap":{"0":{"name":"(anonymous_0)","decl":{"start":{"line":3,"column":21},"end":{"line":3,"column":22}},"loc":{"start":{"line":3,"column":46},"end":{"line":9,"column":1}},"line":3}},"branchMap":{},"s":{"0":5,"1":5,"2":1,"3":1,"4":0},"f":{"0":1},"b":{},"_coverageSchema":"1a1c01bbd47fc00a2c39e90264f33305004495a9","hash":"999ec42bd739024f406a450fbb6c27bdb909464b"}
,"C:\\Users\\Trond Arne Graabræk\\skole\\webapplikasjoner\\webapplikasjoner_eksamen\\rorlegger\\server\\mailng\\mail.config.js": {"path":"C:\\Users\\Trond Arne Graabræk\\skole\\webapplikasjoner\\webapplikasjoner_eksamen\\rorlegger\\server\\mailng\\mail.config.js","statementMap":{"0":{"start":{"line":1,"column":19},"end":{"line":1,"column":40}},"1":{"start":{"line":4,"column":18},"end":{"line":4,"column":43}},"2":{"start":{"line":6,"column":0},"end":{"line":23,"column":1}},"3":{"start":{"line":7,"column":2},"end":{"line":14,"column":5}},"4":{"start":{"line":16,"column":2},"end":{"line":22,"column":5}},"5":{"start":{"line":25,"column":0},"end":{"line":25,"column":28}}},"fnMap":{},"branchMap":{"0":{"loc":{"start":{"line":6,"column":0},"end":{"line":23,"column":1}},"type":"if","locations":[{"start":{"line":6,"column":0},"end":{"line":23,"column":1}},{"start":{"line":6,"column":0},"end":{"line":23,"column":1}}],"line":6}},"s":{"0":5,"1":5,"2":5,"3":5,"4":0,"5":5},"f":{},"b":{"0":[5,0]},"_coverageSchema":"1a1c01bbd47fc00a2c39e90264f33305004495a9","hash":"631749c182b6b6ab7dfa1da514d0e24e86939477"}
,"C:\\Users\\Trond Arne Graabræk\\skole\\webapplikasjoner\\webapplikasjoner_eksamen\\rorlegger\\server\\mailng\\requests.mailing.js": {"path":"C:\\Users\\Trond Arne Graabræk\\skole\\webapplikasjoner\\webapplikasjoner_eksamen\\rorlegger\\server\\mailng\\requests.mailing.js","statementMap":{"0":{"start":{"line":1,"column":20},"end":{"line":1,"column":44}},"1":{"start":{"line":4,"column":2},"end":{"line":22,"column":3}},"2":{"start":{"line":5,"column":17},"end":{"line":15,"column":5}},"3":{"start":{"line":16,"column":4},"end":{"line":21,"column":5}},"4":{"start":{"line":17,"column":6},"end":{"line":17,"column":32}},"5":{"start":{"line":18,"column":6},"end":{"line":18,"column":32}},"6":{"start":{"line":20,"column":6},"end":{"line":20,"column":40}}},"fnMap":{"0":{"name":"(anonymous_0)","decl":{"start":{"line":4,"column":33},"end":{"line":4,"column":34}},"loc":{"start":{"line":4,"column":62},"end":{"line":22,"column":3}},"line":4}},"branchMap":{},"s":{"0":5,"1":5,"2":1,"3":1,"4":1,"5":1,"6":0},"f":{"0":1},"b":{},"_coverageSchema":"1a1c01bbd47fc00a2c39e90264f33305004495a9","hash":"b4d4659287e2c8516fe3ecc80263aff912cef999"}
,"C:\\Users\\Trond Arne Graabræk\\skole\\webapplikasjoner\\webapplikasjoner_eksamen\\rorlegger\\server\\models\\article.model.js": {"path":"C:\\Users\\Trond Arne Graabræk\\skole\\webapplikasjoner\\webapplikasjoner_eksamen\\rorlegger\\server\\models\\article.model.js","statementMap":{"0":{"start":{"line":1,"column":15},"end":{"line":1,"column":34}},"1":{"start":{"line":2,"column":13},"end":{"line":2,"column":28}},"2":{"start":{"line":4,"column":22},"end":{"line":18,"column":2}},"3":{"start":{"line":20,"column":16},"end":{"line":20,"column":56}},"4":{"start":{"line":22,"column":0},"end":{"line":22,"column":24}}},"fnMap":{},"branchMap":{},"s":{"0":5,"1":5,"2":5,"3":5,"4":5},"f":{},"b":{},"_coverageSchema":"1a1c01bbd47fc00a2c39e90264f33305004495a9","hash":"46ae83d98217f6be61c92da15a0f466e5239a4c6"}
,"C:\\Users\\Trond Arne Graabræk\\skole\\webapplikasjoner\\webapplikasjoner_eksamen\\rorlegger\\server\\models\\category.model.js": {"path":"C:\\Users\\Trond Arne Graabræk\\skole\\webapplikasjoner\\webapplikasjoner_eksamen\\rorlegger\\server\\models\\category.model.js","statementMap":{"0":{"start":{"line":1,"column":15},"end":{"line":1,"column":34}},"1":{"start":{"line":2,"column":13},"end":{"line":2,"column":28}},"2":{"start":{"line":4,"column":23},"end":{"line":6,"column":2}},"3":{"start":{"line":8,"column":17},"end":{"line":8,"column":59}},"4":{"start":{"line":10,"column":0},"end":{"line":10,"column":25}}},"fnMap":{},"branchMap":{},"s":{"0":5,"1":5,"2":5,"3":5,"4":5},"f":{},"b":{},"_coverageSchema":"1a1c01bbd47fc00a2c39e90264f33305004495a9","hash":"15a930ad7e00c2e8992be52386ef15306f0c6eaa"}
,"C:\\Users\\Trond Arne Graabræk\\skole\\webapplikasjoner\\webapplikasjoner_eksamen\\rorlegger\\server\\models\\requests.model.js": {"path":"C:\\Users\\Trond Arne Graabræk\\skole\\webapplikasjoner\\webapplikasjoner_eksamen\\rorlegger\\server\\models\\requests.model.js","statementMap":{"0":{"start":{"line":1,"column":17},"end":{"line":1,"column":36}},"1":{"start":{"line":3,"column":22},"end":{"line":8,"column":2}},"2":{"start":{"line":10,"column":16},"end":{"line":10,"column":56}},"3":{"start":{"line":12,"column":0},"end":{"line":12,"column":24}}},"fnMap":{},"branchMap":{},"s":{"0":5,"1":5,"2":5,"3":5},"f":{},"b":{},"_coverageSchema":"1a1c01bbd47fc00a2c39e90264f33305004495a9","hash":"3ca3fe63f0b500ef974b22eadbc5561617645923"}
,"C:\\Users\\Trond Arne Graabræk\\skole\\webapplikasjoner\\webapplikasjoner_eksamen\\rorlegger\\server\\models\\tracking.model.js": {"path":"C:\\Users\\Trond Arne Graabræk\\skole\\webapplikasjoner\\webapplikasjoner_eksamen\\rorlegger\\server\\models\\tracking.model.js","statementMap":{"0":{"start":{"line":1,"column":17},"end":{"line":1,"column":36}},"1":{"start":{"line":2,"column":15},"end":{"line":2,"column":30}},"2":{"start":{"line":4,"column":23},"end":{"line":10,"column":2}},"3":{"start":{"line":12,"column":17},"end":{"line":12,"column":59}},"4":{"start":{"line":14,"column":0},"end":{"line":14,"column":25}}},"fnMap":{},"branchMap":{},"s":{"0":5,"1":5,"2":5,"3":5,"4":5},"f":{},"b":{},"_coverageSchema":"1a1c01bbd47fc00a2c39e90264f33305004495a9","hash":"d53df1e2e3de3bc7148d0adc7285618ddf9b7eb8"}
,"C:\\Users\\Trond Arne Graabræk\\skole\\webapplikasjoner\\webapplikasjoner_eksamen\\rorlegger\\server\\models\\user.model.js": {"path":"C:\\Users\\Trond Arne Graabræk\\skole\\webapplikasjoner\\webapplikasjoner_eksamen\\rorlegger\\server\\models\\user.model.js","statementMap":{"0":{"start":{"line":1,"column":15},"end":{"line":1,"column":34}},"1":{"start":{"line":2,"column":13},"end":{"line":2,"column":28}},"2":{"start":{"line":4,"column":19},"end":{"line":10,"column":2}},"3":{"start":{"line":12,"column":13},"end":{"line":12,"column":47}},"4":{"start":{"line":14,"column":0},"end":{"line":14,"column":21}}},"fnMap":{},"branchMap":{},"s":{"0":6,"1":6,"2":6,"3":6,"4":6},"f":{},"b":{},"_coverageSchema":"1a1c01bbd47fc00a2c39e90264f33305004495a9","hash":"9bfb08079d3784bf6451fed268f905c697d80de8"}
,"C:\\Users\\Trond Arne Graabræk\\skole\\webapplikasjoner\\webapplikasjoner_eksamen\\rorlegger\\server\\routes\\article.route.js": {"path":"C:\\Users\\Trond Arne Graabræk\\skole\\webapplikasjoner\\webapplikasjoner_eksamen\\rorlegger\\server\\routes\\article.route.js","statementMap":{"0":{"start":{"line":1,"column":16},"end":{"line":1,"column":34}},"1":{"start":{"line":2,"column":15},"end":{"line":2,"column":31}},"2":{"start":{"line":3,"column":26},"end":{"line":3,"column":70}},"3":{"start":{"line":4,"column":12},"end":{"line":4,"column":34}},"4":{"start":{"line":5,"column":15},"end":{"line":5,"column":37}},"5":{"start":{"line":9,"column":0},"end":{"line":17,"column":4}},"6":{"start":{"line":12,"column":4},"end":{"line":16,"column":5}},"7":{"start":{"line":13,"column":6},"end":{"line":13,"column":55}},"8":{"start":{"line":15,"column":6},"end":{"line":15,"column":33}},"9":{"start":{"line":19,"column":0},"end":{"line":19,"column":64}},"10":{"start":{"line":20,"column":0},"end":{"line":25,"column":1}},"11":{"start":{"line":23,"column":4},"end":{"line":23,"column":55}},"12":{"start":{"line":27,"column":0},"end":{"line":27,"column":24}}},"fnMap":{"0":{"name":"(anonymous_0)","decl":{"start":{"line":11,"column":2},"end":{"line":11,"column":3}},"loc":{"start":{"line":11,"column":21},"end":{"line":17,"column":3}},"line":11},"1":{"name":"(anonymous_1)","decl":{"start":{"line":22,"column":2},"end":{"line":22,"column":3}},"loc":{"start":{"line":22,"column":16},"end":{"line":24,"column":3}},"line":22}},"branchMap":{"0":{"loc":{"start":{"line":12,"column":4},"end":{"line":16,"column":5}},"type":"if","locations":[{"start":{"line":12,"column":4},"end":{"line":16,"column":5}},{"start":{"line":12,"column":4},"end":{"line":16,"column":5}}],"line":12}},"s":{"0":5,"1":5,"2":5,"3":5,"4":5,"5":5,"6":3,"7":2,"8":1,"9":5,"10":5,"11":1,"12":5},"f":{"0":3,"1":1},"b":{"0":[2,1]},"_coverageSchema":"1a1c01bbd47fc00a2c39e90264f33305004495a9","hash":"abdc59299a5d80038806ccfc7739549cc8daddc4"}
,"C:\\Users\\Trond Arne Graabræk\\skole\\webapplikasjoner\\webapplikasjoner_eksamen\\rorlegger\\server\\routes\\articleImages.route.js": {"path":"C:\\Users\\Trond Arne Graabræk\\skole\\webapplikasjoner\\webapplikasjoner_eksamen\\rorlegger\\server\\routes\\articleImages.route.js","statementMap":{"0":{"start":{"line":1,"column":16},"end":{"line":1,"column":34}},"1":{"start":{"line":2,"column":22},"end":{"line":2,"column":54}},"2":{"start":{"line":3,"column":15},"end":{"line":3,"column":31}},"3":{"start":{"line":4,"column":15},"end":{"line":4,"column":32}},"4":{"start":{"line":5,"column":17},"end":{"line":5,"column":53}},"5":{"start":{"line":6,"column":15},"end":{"line":6,"column":32}},"6":{"start":{"line":7,"column":26},"end":{"line":7,"column":70}},"7":{"start":{"line":8,"column":13},"end":{"line":8,"column":37}},"8":{"start":{"line":9,"column":17},"end":{"line":9,"column":36}},"9":{"start":{"line":10,"column":17},"end":{"line":10,"column":44}},"10":{"start":{"line":11,"column":12},"end":{"line":11,"column":34}},"11":{"start":{"line":12,"column":15},"end":{"line":12,"column":37}},"12":{"start":{"line":14,"column":16},"end":{"line":33,"column":2}},"13":{"start":{"line":16,"column":4},"end":{"line":31,"column":7}},"14":{"start":{"line":17,"column":6},"end":{"line":30,"column":9}},"15":{"start":{"line":18,"column":8},"end":{"line":20,"column":9}},"16":{"start":{"line":19,"column":10},"end":{"line":19,"column":29}},"17":{"start":{"line":21,"column":8},"end":{"line":23,"column":9}},"18":{"start":{"line":22,"column":10},"end":{"line":22,"column":29}},"19":{"start":{"line":24,"column":25},"end":{"line":24,"column":42}},"20":{"start":{"line":25,"column":25},"end":{"line":28,"column":9}},"21":{"start":{"line":29,"column":8},"end":{"line":29,"column":26}},"22":{"start":{"line":35,"column":15},"end":{"line":35,"column":34}},"23":{"start":{"line":38,"column":13},"end":{"line":38,"column":48}},"24":{"start":{"line":41,"column":0},"end":{"line":44,"column":3}},"25":{"start":{"line":42,"column":2},"end":{"line":42,"column":38}},"26":{"start":{"line":43,"column":2},"end":{"line":43,"column":34}},"27":{"start":{"line":46,"column":0},"end":{"line":60,"column":3}},"28":{"start":{"line":47,"column":16},"end":{"line":47,"column":71}},"29":{"start":{"line":48,"column":2},"end":{"line":59,"column":5}},"30":{"start":{"line":50,"column":4},"end":{"line":52,"column":5}},"31":{"start":{"line":51,"column":6},"end":{"line":51,"column":61}},"32":{"start":{"line":53,"column":4},"end":{"line":58,"column":5}},"33":{"start":{"line":55,"column":25},"end":{"line":55,"column":60}},"34":{"start":{"line":55,"column":62},"end":{"line":55,"column":83}},"35":{"start":{"line":57,"column":6},"end":{"line":57,"column":52}},"36":{"start":{"line":62,"column":0},"end":{"line":71,"column":3}},"37":{"start":{"line":66,"column":4},"end":{"line":66,"column":55}},"38":{"start":{"line":67,"column":2},"end":{"line":69,"column":3}},"39":{"start":{"line":68,"column":4},"end":{"line":68,"column":26}},"40":{"start":{"line":70,"column":2},"end":{"line":70,"column":25}},"41":{"start":{"line":74,"column":0},"end":{"line":74,"column":24}}},"fnMap":{"0":{"name":"(anonymous_0)","decl":{"start":{"line":15,"column":23},"end":{"line":15,"column":24}},"loc":{"start":{"line":15,"column":38},"end":{"line":32,"column":3}},"line":15},"1":{"name":"(anonymous_1)","decl":{"start":{"line":16,"column":23},"end":{"line":16,"column":24}},"loc":{"start":{"line":16,"column":44},"end":{"line":31,"column":5}},"line":16},"2":{"name":"(anonymous_2)","decl":{"start":{"line":17,"column":29},"end":{"line":17,"column":30}},"loc":{"start":{"line":17,"column":43},"end":{"line":30,"column":7}},"line":17},"3":{"name":"(anonymous_3)","decl":{"start":{"line":41,"column":18},"end":{"line":41,"column":19}},"loc":{"start":{"line":41,"column":24},"end":{"line":44,"column":1}},"line":41},"4":{"name":"(anonymous_4)","decl":{"start":{"line":46,"column":16},"end":{"line":46,"column":17}},"loc":{"start":{"line":46,"column":36},"end":{"line":60,"column":1}},"line":46},"5":{"name":"(anonymous_5)","decl":{"start":{"line":48,"column":47},"end":{"line":48,"column":48}},"loc":{"start":{"line":48,"column":62},"end":{"line":59,"column":3}},"line":48},"6":{"name":"(anonymous_6)","decl":{"start":{"line":65,"column":2},"end":{"line":65,"column":3}},"loc":{"start":{"line":65,"column":27},"end":{"line":71,"column":1}},"line":65}},"branchMap":{"0":{"loc":{"start":{"line":18,"column":8},"end":{"line":20,"column":9}},"type":"if","locations":[{"start":{"line":18,"column":8},"end":{"line":20,"column":9}},{"start":{"line":18,"column":8},"end":{"line":20,"column":9}}],"line":18},"1":{"loc":{"start":{"line":21,"column":8},"end":{"line":23,"column":9}},"type":"if","locations":[{"start":{"line":21,"column":8},"end":{"line":23,"column":9}},{"start":{"line":21,"column":8},"end":{"line":23,"column":9}}],"line":21},"2":{"loc":{"start":{"line":50,"column":4},"end":{"line":52,"column":5}},"type":"if","locations":[{"start":{"line":50,"column":4},"end":{"line":52,"column":5}},{"start":{"line":50,"column":4},"end":{"line":52,"column":5}}],"line":50},"3":{"loc":{"start":{"line":50,"column":8},"end":{"line":50,"column":34}},"type":"binary-expr","locations":[{"start":{"line":50,"column":8},"end":{"line":50,"column":13}},{"start":{"line":50,"column":17},"end":{"line":50,"column":34}}],"line":50},"4":{"loc":{"start":{"line":53,"column":4},"end":{"line":58,"column":5}},"type":"if","locations":[{"start":{"line":53,"column":4},"end":{"line":58,"column":5}},{"start":{"line":53,"column":4},"end":{"line":58,"column":5}}],"line":53},"5":{"loc":{"start":{"line":53,"column":8},"end":{"line":53,"column":77}},"type":"binary-expr","locations":[{"start":{"line":53,"column":8},"end":{"line":53,"column":41}},{"start":{"line":53,"column":45},"end":{"line":53,"column":77}}],"line":53},"6":{"loc":{"start":{"line":67,"column":2},"end":{"line":69,"column":3}},"type":"if","locations":[{"start":{"line":67,"column":2},"end":{"line":69,"column":3}},{"start":{"line":67,"column":2},"end":{"line":69,"column":3}}],"line":67}},"s":{"0":5,"1":5,"2":5,"3":5,"4":5,"5":5,"6":5,"7":5,"8":5,"9":5,"10":5,"11":5,"12":5,"13":0,"14":0,"15":0,"16":0,"17":0,"18":0,"19":0,"20":0,"21":0,"22":5,"23":5,"24":5,"25":5,"26":5,"27":5,"28":0,"29":0,"30":0,"31":0,"32":0,"33":0,"34":0,"35":0,"36":5,"37":0,"38":0,"39":0,"40":0,"41":5},"f":{"0":0,"1":0,"2":0,"3":5,"4":0,"5":0,"6":0},"b":{"0":[0,0],"1":[0,0],"2":[0,0],"3":[0,0],"4":[0,0],"5":[0,0],"6":[0,0]},"_coverageSchema":"1a1c01bbd47fc00a2c39e90264f33305004495a9","hash":"9bd292ae679318a690be6c1103b780b9dbdbbb31"}
,"C:\\Users\\Trond Arne Graabræk\\skole\\webapplikasjoner\\webapplikasjoner_eksamen\\rorlegger\\server\\routes\\articles.route.js": {"path":"C:\\Users\\Trond Arne Graabræk\\skole\\webapplikasjoner\\webapplikasjoner_eksamen\\rorlegger\\server\\routes\\articles.route.js","statementMap":{"0":{"start":{"line":1,"column":16},"end":{"line":1,"column":34}},"1":{"start":{"line":2,"column":15},"end":{"line":2,"column":31}},"2":{"start":{"line":3,"column":26},"end":{"line":3,"column":70}},"3":{"start":{"line":4,"column":15},"end":{"line":4,"column":37}},"4":{"start":{"line":5,"column":12},"end":{"line":5,"column":34}},"5":{"start":{"line":6,"column":11},"end":{"line":6,"column":34}},"6":{"start":{"line":8,"column":0},"end":{"line":8,"column":55}},"7":{"start":{"line":9,"column":0},"end":{"line":9,"column":65}},"8":{"start":{"line":10,"column":0},"end":{"line":14,"column":4}},"9":{"start":{"line":13,"column":6},"end":{"line":13,"column":55}},"10":{"start":{"line":16,"column":0},"end":{"line":16,"column":23}}},"fnMap":{"0":{"name":"(anonymous_0)","decl":{"start":{"line":12,"column":2},"end":{"line":12,"column":3}},"loc":{"start":{"line":12,"column":21},"end":{"line":14,"column":3}},"line":12}},"branchMap":{},"s":{"0":5,"1":5,"2":5,"3":5,"4":5,"5":5,"6":5,"7":5,"8":5,"9":1,"10":5},"f":{"0":1},"b":{},"_coverageSchema":"1a1c01bbd47fc00a2c39e90264f33305004495a9","hash":"9c73c2e877ca7047b330c23cd13d3f00ddd34579"}
,"C:\\Users\\Trond Arne Graabræk\\skole\\webapplikasjoner\\webapplikasjoner_eksamen\\rorlegger\\server\\routes\\category.route.js": {"path":"C:\\Users\\Trond Arne Graabræk\\skole\\webapplikasjoner\\webapplikasjoner_eksamen\\rorlegger\\server\\routes\\category.route.js","statementMap":{"0":{"start":{"line":1,"column":16},"end":{"line":1,"column":34}},"1":{"start":{"line":2,"column":15},"end":{"line":2,"column":31}},"2":{"start":{"line":3,"column":12},"end":{"line":3,"column":34}},"3":{"start":{"line":4,"column":15},"end":{"line":4,"column":37}},"4":{"start":{"line":6,"column":25},"end":{"line":6,"column":70}},"5":{"start":{"line":8,"column":0},"end":{"line":12,"column":4}},"6":{"start":{"line":11,"column":4},"end":{"line":11,"column":54}},"7":{"start":{"line":14,"column":0},"end":{"line":14,"column":49}},"8":{"start":{"line":16,"column":0},"end":{"line":16,"column":23}}},"fnMap":{"0":{"name":"(anonymous_0)","decl":{"start":{"line":10,"column":2},"end":{"line":10,"column":3}},"loc":{"start":{"line":10,"column":16},"end":{"line":12,"column":3}},"line":10}},"branchMap":{},"s":{"0":5,"1":5,"2":5,"3":5,"4":5,"5":5,"6":2,"7":5,"8":5},"f":{"0":2},"b":{},"_coverageSchema":"1a1c01bbd47fc00a2c39e90264f33305004495a9","hash":"9c279de41bf767d585c9649ef4054a156a44071b"}
,"C:\\Users\\Trond Arne Graabræk\\skole\\webapplikasjoner\\webapplikasjoner_eksamen\\rorlegger\\server\\routes\\middleware.js": {"path":"C:\\Users\\Trond Arne Graabræk\\skole\\webapplikasjoner\\webapplikasjoner_eksamen\\rorlegger\\server\\routes\\middleware.js","statementMap":{"0":{"start":{"line":1,"column":13},"end":{"line":1,"column":29}},"1":{"start":{"line":2,"column":19},"end":{"line":2,"column":41}},"2":{"start":{"line":4,"column":0},"end":{"line":4,"column":47}},"3":{"start":{"line":5,"column":0},"end":{"line":5,"column":62}}},"fnMap":{},"branchMap":{},"s":{"0":5,"1":5,"2":5,"3":5},"f":{},"b":{},"_coverageSchema":"1a1c01bbd47fc00a2c39e90264f33305004495a9","hash":"b4cb4d506ecf424998bdeec68d4c6fa62c2cfb6e"}
,"C:\\Users\\Trond Arne Graabræk\\skole\\webapplikasjoner\\webapplikasjoner_eksamen\\rorlegger\\server\\routes\\requests.route.js": {"path":"C:\\Users\\Trond Arne Graabræk\\skole\\webapplikasjoner\\webapplikasjoner_eksamen\\rorlegger\\server\\routes\\requests.route.js","statementMap":{"0":{"start":{"line":1,"column":16},"end":{"line":1,"column":34}},"1":{"start":{"line":2,"column":15},"end":{"line":2,"column":31}},"2":{"start":{"line":3,"column":26},"end":{"line":3,"column":71}},"3":{"start":{"line":5,"column":0},"end":{"line":5,"column":49}},"4":{"start":{"line":7,"column":0},"end":{"line":7,"column":24}}},"fnMap":{},"branchMap":{},"s":{"0":5,"1":5,"2":5,"3":5,"4":5},"f":{},"b":{},"_coverageSchema":"1a1c01bbd47fc00a2c39e90264f33305004495a9","hash":"6d832296e724b1bbdfae338ae4c638f53bc31f44"}
,"C:\\Users\\Trond Arne Graabræk\\skole\\webapplikasjoner\\webapplikasjoner_eksamen\\rorlegger\\server\\routes\\tracking.route.js": {"path":"C:\\Users\\Trond Arne Graabræk\\skole\\webapplikasjoner\\webapplikasjoner_eksamen\\rorlegger\\server\\routes\\tracking.route.js","statementMap":{"0":{"start":{"line":1,"column":16},"end":{"line":1,"column":34}},"1":{"start":{"line":2,"column":15},"end":{"line":2,"column":31}},"2":{"start":{"line":3,"column":12},"end":{"line":3,"column":34}},"3":{"start":{"line":4,"column":15},"end":{"line":4,"column":37}},"4":{"start":{"line":6,"column":27},"end":{"line":6,"column":72}},"5":{"start":{"line":8,"column":0},"end":{"line":13,"column":2}},"6":{"start":{"line":11,"column":4},"end":{"line":11,"column":54}},"7":{"start":{"line":15,"column":0},"end":{"line":20,"column":3}},"8":{"start":{"line":18,"column":4},"end":{"line":18,"column":62}},"9":{"start":{"line":22,"column":0},"end":{"line":27,"column":1}},"10":{"start":{"line":25,"column":4},"end":{"line":25,"column":57}},"11":{"start":{"line":29,"column":0},"end":{"line":33,"column":4}},"12":{"start":{"line":32,"column":2},"end":{"line":32,"column":53}},"13":{"start":{"line":34,"column":0},"end":{"line":34,"column":23}}},"fnMap":{"0":{"name":"(anonymous_0)","decl":{"start":{"line":10,"column":2},"end":{"line":10,"column":3}},"loc":{"start":{"line":10,"column":16},"end":{"line":12,"column":3}},"line":10},"1":{"name":"(anonymous_1)","decl":{"start":{"line":17,"column":2},"end":{"line":17,"column":3}},"loc":{"start":{"line":17,"column":16},"end":{"line":19,"column":3}},"line":17},"2":{"name":"(anonymous_2)","decl":{"start":{"line":24,"column":2},"end":{"line":24,"column":3}},"loc":{"start":{"line":24,"column":16},"end":{"line":26,"column":3}},"line":24},"3":{"name":"(anonymous_3)","decl":{"start":{"line":31,"column":2},"end":{"line":31,"column":3}},"loc":{"start":{"line":31,"column":16},"end":{"line":33,"column":3}},"line":31}},"branchMap":{},"s":{"0":5,"1":5,"2":5,"3":5,"4":5,"5":5,"6":1,"7":5,"8":0,"9":5,"10":0,"11":5,"12":0,"13":5},"f":{"0":1,"1":0,"2":0,"3":0},"b":{},"_coverageSchema":"1a1c01bbd47fc00a2c39e90264f33305004495a9","hash":"d76c1dbcbd11283a0a12be5abb7648579c47777e"}
,"C:\\Users\\Trond Arne Graabræk\\skole\\webapplikasjoner\\webapplikasjoner_eksamen\\rorlegger\\server\\routes\\user.route.js": {"path":"C:\\Users\\Trond Arne Graabræk\\skole\\webapplikasjoner\\webapplikasjoner_eksamen\\rorlegger\\server\\routes\\user.route.js","statementMap":{"0":{"start":{"line":1,"column":16},"end":{"line":1,"column":34}},"1":{"start":{"line":2,"column":15},"end":{"line":2,"column":31}},"2":{"start":{"line":3,"column":12},"end":{"line":3,"column":34}},"3":{"start":{"line":4,"column":15},"end":{"line":4,"column":37}},"4":{"start":{"line":6,"column":21},"end":{"line":6,"column":62}},"5":{"start":{"line":8,"column":0},"end":{"line":8,"column":44}},"6":{"start":{"line":9,"column":0},"end":{"line":9,"column":42}},"7":{"start":{"line":10,"column":0},"end":{"line":18,"column":3}},"8":{"start":{"line":13,"column":4},"end":{"line":17,"column":5}},"9":{"start":{"line":14,"column":6},"end":{"line":14,"column":59}},"10":{"start":{"line":16,"column":6},"end":{"line":16,"column":33}},"11":{"start":{"line":21,"column":0},"end":{"line":21,"column":23}}},"fnMap":{"0":{"name":"(anonymous_0)","decl":{"start":{"line":12,"column":2},"end":{"line":12,"column":3}},"loc":{"start":{"line":12,"column":16},"end":{"line":18,"column":1}},"line":12}},"branchMap":{"0":{"loc":{"start":{"line":13,"column":4},"end":{"line":17,"column":5}},"type":"if","locations":[{"start":{"line":13,"column":4},"end":{"line":17,"column":5}},{"start":{"line":13,"column":4},"end":{"line":17,"column":5}}],"line":13}},"s":{"0":5,"1":5,"2":5,"3":5,"4":5,"5":5,"6":5,"7":5,"8":0,"9":0,"10":0,"11":5},"f":{"0":0},"b":{"0":[0,0]},"_coverageSchema":"1a1c01bbd47fc00a2c39e90264f33305004495a9","hash":"9986a1c256018d871e9a595ff09a4e6d4406a959"}
,"C:\\Users\\Trond Arne Graabræk\\skole\\webapplikasjoner\\webapplikasjoner_eksamen\\rorlegger\\server\\routes\\writer.route.js": {"path":"C:\\Users\\Trond Arne Graabræk\\skole\\webapplikasjoner\\webapplikasjoner_eksamen\\rorlegger\\server\\routes\\writer.route.js","statementMap":{"0":{"start":{"line":1,"column":16},"end":{"line":1,"column":34}},"1":{"start":{"line":2,"column":15},"end":{"line":2,"column":31}},"2":{"start":{"line":4,"column":23},"end":{"line":4,"column":66}},"3":{"start":{"line":6,"column":0},"end":{"line":6,"column":44}},"4":{"start":{"line":8,"column":0},"end":{"line":8,"column":23}}},"fnMap":{},"branchMap":{},"s":{"0":5,"1":5,"2":5,"3":5,"4":5},"f":{},"b":{},"_coverageSchema":"1a1c01bbd47fc00a2c39e90264f33305004495a9","hash":"922d2be915ded75b7d088975d17094a6d7ea04a9"}
,"C:\\Users\\Trond Arne Graabræk\\skole\\webapplikasjoner\\webapplikasjoner_eksamen\\rorlegger\\server\\services\\article.service.js": {"path":"C:\\Users\\Trond Arne Graabræk\\skole\\webapplikasjoner\\webapplikasjoner_eksamen\\rorlegger\\server\\services\\article.service.js","statementMap":{"0":{"start":{"line":1,"column":16},"end":{"line":1,"column":50}},"1":{"start":{"line":2,"column":22},"end":{"line":2,"column":59}},"2":{"start":{"line":3,"column":17},"end":{"line":3,"column":45}},"3":{"start":{"line":6,"column":0},"end":{"line":29,"column":1}},"4":{"start":{"line":7,"column":2},"end":{"line":28,"column":3}},"5":{"start":{"line":8,"column":4},"end":{"line":24,"column":6}},"6":{"start":{"line":26,"column":4},"end":{"line":26,"column":20}},"7":{"start":{"line":27,"column":4},"end":{"line":27,"column":46}},"8":{"start":{"line":31,"column":0},"end":{"line":55,"column":1}},"9":{"start":{"line":32,"column":2},"end":{"line":54,"column":3}},"10":{"start":{"line":33,"column":4},"end":{"line":50,"column":6}},"11":{"start":{"line":52,"column":4},"end":{"line":52,"column":20}},"12":{"start":{"line":53,"column":4},"end":{"line":53,"column":46}},"13":{"start":{"line":57,"column":0},"end":{"line":72,"column":1}},"14":{"start":{"line":58,"column":2},"end":{"line":71,"column":3}},"15":{"start":{"line":59,"column":18},"end":{"line":62,"column":6}},"16":{"start":{"line":63,"column":4},"end":{"line":67,"column":5}},"17":{"start":{"line":64,"column":6},"end":{"line":64,"column":20}},"18":{"start":{"line":66,"column":6},"end":{"line":66,"column":33}},"19":{"start":{"line":69,"column":4},"end":{"line":69,"column":20}},"20":{"start":{"line":70,"column":4},"end":{"line":70,"column":36}},"21":{"start":{"line":74,"column":0},"end":{"line":86,"column":1}},"22":{"start":{"line":75,"column":2},"end":{"line":85,"column":3}},"23":{"start":{"line":76,"column":18},"end":{"line":76,"column":52}},"24":{"start":{"line":77,"column":4},"end":{"line":81,"column":5}},"25":{"start":{"line":78,"column":6},"end":{"line":78,"column":20}},"26":{"start":{"line":80,"column":6},"end":{"line":80,"column":33}},"27":{"start":{"line":83,"column":4},"end":{"line":83,"column":20}},"28":{"start":{"line":84,"column":4},"end":{"line":84,"column":36}},"29":{"start":{"line":89,"column":0},"end":{"line":114,"column":1}},"30":{"start":{"line":90,"column":13},"end":{"line":90,"column":22}},"31":{"start":{"line":91,"column":2},"end":{"line":113,"column":3}},"32":{"start":{"line":92,"column":4},"end":{"line":109,"column":5}},"33":{"start":{"line":93,"column":6},"end":{"line":106,"column":8}},"34":{"start":{"line":108,"column":6},"end":{"line":108,"column":37}},"35":{"start":{"line":111,"column":4},"end":{"line":111,"column":20}},"36":{"start":{"line":112,"column":4},"end":{"line":112,"column":43}},"37":{"start":{"line":116,"column":0},"end":{"line":129,"column":1}},"38":{"start":{"line":117,"column":2},"end":{"line":128,"column":3}},"39":{"start":{"line":118,"column":4},"end":{"line":125,"column":5}},"40":{"start":{"line":127,"column":4},"end":{"line":127,"column":40}},"41":{"start":{"line":131,"column":0},"end":{"line":138,"column":1}},"42":{"start":{"line":132,"column":2},"end":{"line":137,"column":3}},"43":{"start":{"line":133,"column":18},"end":{"line":133,"column":57}},"44":{"start":{"line":134,"column":4},"end":{"line":134,"column":25}},"45":{"start":{"line":136,"column":4},"end":{"line":136,"column":40}},"46":{"start":{"line":140,"column":20},"end":{"line":150,"column":1}},"47":{"start":{"line":141,"column":17},"end":{"line":141,"column":55}},"48":{"start":{"line":142,"column":2},"end":{"line":146,"column":3}},"49":{"start":{"line":143,"column":4},"end":{"line":143,"column":16}},"50":{"start":{"line":145,"column":4},"end":{"line":145,"column":35}},"51":{"start":{"line":147,"column":24},"end":{"line":147,"column":42}},"52":{"start":{"line":148,"column":2},"end":{"line":148,"column":37}},"53":{"start":{"line":149,"column":2},"end":{"line":149,"column":24}}},"fnMap":{"0":{"name":"(anonymous_0)","decl":{"start":{"line":6,"column":25},"end":{"line":6,"column":26}},"loc":{"start":{"line":6,"column":42},"end":{"line":29,"column":1}},"line":6},"1":{"name":"(anonymous_1)","decl":{"start":{"line":31,"column":31},"end":{"line":31,"column":32}},"loc":{"start":{"line":31,"column":48},"end":{"line":55,"column":1}},"line":31},"2":{"name":"(anonymous_2)","decl":{"start":{"line":57,"column":30},"end":{"line":57,"column":31}},"loc":{"start":{"line":57,"column":44},"end":{"line":72,"column":1}},"line":57},"3":{"name":"(anonymous_3)","decl":{"start":{"line":74,"column":27},"end":{"line":74,"column":28}},"loc":{"start":{"line":74,"column":41},"end":{"line":86,"column":1}},"line":74},"4":{"name":"(anonymous_4)","decl":{"start":{"line":89,"column":24},"end":{"line":89,"column":25}},"loc":{"start":{"line":89,"column":46},"end":{"line":114,"column":1}},"line":89},"5":{"name":"(anonymous_5)","decl":{"start":{"line":116,"column":29},"end":{"line":116,"column":30}},"loc":{"start":{"line":116,"column":65},"end":{"line":129,"column":1}},"line":116},"6":{"name":"(anonymous_6)","decl":{"start":{"line":131,"column":32},"end":{"line":131,"column":33}},"loc":{"start":{"line":131,"column":59},"end":{"line":138,"column":1}},"line":131},"7":{"name":"(anonymous_7)","decl":{"start":{"line":140,"column":20},"end":{"line":140,"column":21}},"loc":{"start":{"line":140,"column":33},"end":{"line":150,"column":1}},"line":140}},"branchMap":{"0":{"loc":{"start":{"line":63,"column":4},"end":{"line":67,"column":5}},"type":"if","locations":[{"start":{"line":63,"column":4},"end":{"line":67,"column":5}},{"start":{"line":63,"column":4},"end":{"line":67,"column":5}}],"line":63},"1":{"loc":{"start":{"line":77,"column":4},"end":{"line":81,"column":5}},"type":"if","locations":[{"start":{"line":77,"column":4},"end":{"line":81,"column":5}},{"start":{"line":77,"column":4},"end":{"line":81,"column":5}}],"line":77},"2":{"loc":{"start":{"line":92,"column":4},"end":{"line":109,"column":5}},"type":"if","locations":[{"start":{"line":92,"column":4},"end":{"line":109,"column":5}},{"start":{"line":92,"column":4},"end":{"line":109,"column":5}}],"line":92},"3":{"loc":{"start":{"line":142,"column":2},"end":{"line":146,"column":3}},"type":"if","locations":[{"start":{"line":142,"column":2},"end":{"line":146,"column":3}},{"start":{"line":142,"column":2},"end":{"line":146,"column":3}}],"line":142}},"s":{"0":5,"1":5,"2":5,"3":5,"4":1,"5":1,"6":0,"7":0,"8":5,"9":1,"10":1,"11":0,"12":0,"13":5,"14":2,"15":2,"16":2,"17":1,"18":1,"19":0,"20":0,"21":5,"22":1,"23":1,"24":1,"25":0,"26":1,"27":0,"28":0,"29":5,"30":2,"31":2,"32":2,"33":2,"34":0,"35":0,"36":0,"37":5,"38":0,"39":0,"40":0,"41":5,"42":0,"43":0,"44":0,"45":0,"46":5,"47":2,"48":2,"49":2,"50":0,"51":2,"52":2,"53":2},"f":{"0":1,"1":1,"2":2,"3":1,"4":2,"5":0,"6":0,"7":2},"b":{"0":[1,1],"1":[0,1],"2":[2,0],"3":[2,0]},"_coverageSchema":"1a1c01bbd47fc00a2c39e90264f33305004495a9","hash":"dc33309e78af7adafcb9617476ce8f20fcf98a4f"}
,"C:\\Users\\Trond Arne Graabræk\\skole\\webapplikasjoner\\webapplikasjoner_eksamen\\rorlegger\\server\\services\\category.service.js": {"path":"C:\\Users\\Trond Arne Graabræk\\skole\\webapplikasjoner\\webapplikasjoner_eksamen\\rorlegger\\server\\services\\category.service.js","statementMap":{"0":{"start":{"line":1,"column":15},"end":{"line":1,"column":50}},"1":{"start":{"line":3,"column":0},"end":{"line":10,"column":1}},"2":{"start":{"line":4,"column":2},"end":{"line":9,"column":3}},"3":{"start":{"line":5,"column":4},"end":{"line":5,"column":32}},"4":{"start":{"line":7,"column":4},"end":{"line":7,"column":20}},"5":{"start":{"line":8,"column":4},"end":{"line":8,"column":48}},"6":{"start":{"line":12,"column":0},"end":{"line":21,"column":1}},"7":{"start":{"line":13,"column":2},"end":{"line":20,"column":3}},"8":{"start":{"line":14,"column":4},"end":{"line":16,"column":6}},"9":{"start":{"line":18,"column":4},"end":{"line":18,"column":20}},"10":{"start":{"line":19,"column":4},"end":{"line":19,"column":46}},"11":{"start":{"line":23,"column":0},"end":{"line":29,"column":1}},"12":{"start":{"line":24,"column":2},"end":{"line":28,"column":3}},"13":{"start":{"line":25,"column":4},"end":{"line":25,"column":44}},"14":{"start":{"line":27,"column":4},"end":{"line":27,"column":42}}},"fnMap":{"0":{"name":"(anonymous_0)","decl":{"start":{"line":3,"column":24},"end":{"line":3,"column":25}},"loc":{"start":{"line":3,"column":41},"end":{"line":10,"column":1}},"line":3},"1":{"name":"(anonymous_1)","decl":{"start":{"line":12,"column":25},"end":{"line":12,"column":26}},"loc":{"start":{"line":12,"column":47},"end":{"line":21,"column":1}},"line":12},"2":{"name":"(anonymous_2)","decl":{"start":{"line":23,"column":22},"end":{"line":23,"column":23}},"loc":{"start":{"line":23,"column":42},"end":{"line":29,"column":1}},"line":23}},"branchMap":{},"s":{"0":5,"1":5,"2":1,"3":1,"4":0,"5":0,"6":5,"7":2,"8":2,"9":0,"10":0,"11":5,"12":0,"13":0,"14":0},"f":{"0":1,"1":2,"2":0},"b":{},"_coverageSchema":"1a1c01bbd47fc00a2c39e90264f33305004495a9","hash":"49b473be4125958ca7581f49b32ed393b601749f"}
,"C:\\Users\\Trond Arne Graabræk\\skole\\webapplikasjoner\\webapplikasjoner_eksamen\\rorlegger\\server\\services\\requests.service.js": {"path":"C:\\Users\\Trond Arne Graabræk\\skole\\webapplikasjoner\\webapplikasjoner_eksamen\\rorlegger\\server\\services\\requests.service.js","statementMap":{"0":{"start":{"line":1,"column":16},"end":{"line":1,"column":51}},"1":{"start":{"line":2,"column":22},"end":{"line":2,"column":59}},"2":{"start":{"line":4,"column":0},"end":{"line":17,"column":1}},"3":{"start":{"line":5,"column":2},"end":{"line":16,"column":3}},"4":{"start":{"line":6,"column":15},"end":{"line":6,"column":24}},"5":{"start":{"line":7,"column":4},"end":{"line":12,"column":6}},"6":{"start":{"line":13,"column":4},"end":{"line":13,"column":70}},"7":{"start":{"line":15,"column":4},"end":{"line":15,"column":43}}},"fnMap":{"0":{"name":"(anonymous_0)","decl":{"start":{"line":4,"column":24},"end":{"line":4,"column":25}},"loc":{"start":{"line":4,"column":46},"end":{"line":17,"column":1}},"line":4}},"branchMap":{},"s":{"0":5,"1":5,"2":5,"3":2,"4":2,"5":2,"6":1,"7":1},"f":{"0":2},"b":{},"_coverageSchema":"1a1c01bbd47fc00a2c39e90264f33305004495a9","hash":"922d9c456ea08df9f997d732a7f07b1e1a78f0bc"}
,"C:\\Users\\Trond Arne Graabræk\\skole\\webapplikasjoner\\webapplikasjoner_eksamen\\rorlegger\\server\\services\\tracking.service.js": {"path":"C:\\Users\\Trond Arne Graabræk\\skole\\webapplikasjoner\\webapplikasjoner_eksamen\\rorlegger\\server\\services\\tracking.service.js","statementMap":{"0":{"start":{"line":1,"column":17},"end":{"line":1,"column":52}},"1":{"start":{"line":3,"column":0},"end":{"line":16,"column":1}},"2":{"start":{"line":4,"column":2},"end":{"line":15,"column":3}},"3":{"start":{"line":5,"column":4},"end":{"line":11,"column":6}},"4":{"start":{"line":13,"column":4},"end":{"line":13,"column":20}},"5":{"start":{"line":14,"column":4},"end":{"line":14,"column":54}},"6":{"start":{"line":18,"column":0},"end":{"line":58,"column":1}},"7":{"start":{"line":19,"column":2},"end":{"line":57,"column":3}},"8":{"start":{"line":20,"column":4},"end":{"line":54,"column":6}},"9":{"start":{"line":56,"column":4},"end":{"line":56,"column":38}},"10":{"start":{"line":60,"column":0},"end":{"line":101,"column":1}},"11":{"start":{"line":61,"column":2},"end":{"line":100,"column":3}},"12":{"start":{"line":62,"column":4},"end":{"line":97,"column":6}},"13":{"start":{"line":99,"column":4},"end":{"line":99,"column":38}},"14":{"start":{"line":103,"column":0},"end":{"line":115,"column":1}},"15":{"start":{"line":104,"column":2},"end":{"line":113,"column":3}},"16":{"start":{"line":105,"column":16},"end":{"line":105,"column":54}},"17":{"start":{"line":106,"column":17},"end":{"line":108,"column":6}},"18":{"start":{"line":107,"column":6},"end":{"line":107,"column":30}},"19":{"start":{"line":109,"column":18},"end":{"line":109,"column":37}},"20":{"start":{"line":110,"column":4},"end":{"line":110,"column":18}},"21":{"start":{"line":112,"column":4},"end":{"line":112,"column":38}}},"fnMap":{"0":{"name":"(anonymous_0)","decl":{"start":{"line":3,"column":19},"end":{"line":3,"column":20}},"loc":{"start":{"line":3,"column":35},"end":{"line":16,"column":1}},"line":3},"1":{"name":"(anonymous_1)","decl":{"start":{"line":18,"column":33},"end":{"line":18,"column":34}},"loc":{"start":{"line":18,"column":45},"end":{"line":58,"column":1}},"line":18},"2":{"name":"(anonymous_2)","decl":{"start":{"line":60,"column":26},"end":{"line":60,"column":27}},"loc":{"start":{"line":60,"column":38},"end":{"line":101,"column":1}},"line":60},"3":{"name":"(anonymous_3)","decl":{"start":{"line":103,"column":28},"end":{"line":103,"column":29}},"loc":{"start":{"line":103,"column":40},"end":{"line":115,"column":1}},"line":103},"4":{"name":"(anonymous_4)","decl":{"start":{"line":106,"column":28},"end":{"line":106,"column":29}},"loc":{"start":{"line":106,"column":38},"end":{"line":108,"column":5}},"line":106}},"branchMap":{},"s":{"0":5,"1":5,"2":2,"3":2,"4":0,"5":0,"6":5,"7":0,"8":0,"9":0,"10":5,"11":0,"12":0,"13":0,"14":5,"15":0,"16":0,"17":0,"18":0,"19":0,"20":0,"21":0},"f":{"0":2,"1":0,"2":0,"3":0,"4":0},"b":{},"_coverageSchema":"1a1c01bbd47fc00a2c39e90264f33305004495a9","hash":"6d014f4c572ae534cf947c02805034551e89031b"}
,"C:\\Users\\Trond Arne Graabræk\\skole\\webapplikasjoner\\webapplikasjoner_eksamen\\rorlegger\\server\\services\\user.service.js": {"path":"C:\\Users\\Trond Arne Graabræk\\skole\\webapplikasjoner\\webapplikasjoner_eksamen\\rorlegger\\server\\services\\user.service.js","statementMap":{"0":{"start":{"line":1,"column":11},"end":{"line":1,"column":45}},"1":{"start":{"line":2,"column":15},"end":{"line":2,"column":32}},"2":{"start":{"line":3,"column":13},"end":{"line":3,"column":28}},"3":{"start":{"line":4,"column":19},"end":{"line":4,"column":21}},"4":{"start":{"line":6,"column":0},"end":{"line":23,"column":1}},"5":{"start":{"line":7,"column":2},"end":{"line":22,"column":3}},"6":{"start":{"line":8,"column":4},"end":{"line":18,"column":7}},"7":{"start":{"line":9,"column":6},"end":{"line":17,"column":9}},"8":{"start":{"line":10,"column":8},"end":{"line":16,"column":10}},"9":{"start":{"line":20,"column":4},"end":{"line":20,"column":20}},"10":{"start":{"line":21,"column":4},"end":{"line":21,"column":40}},"11":{"start":{"line":26,"column":0},"end":{"line":39,"column":1}},"12":{"start":{"line":27,"column":2},"end":{"line":38,"column":3}},"13":{"start":{"line":28,"column":21},"end":{"line":28,"column":60}},"14":{"start":{"line":29,"column":4},"end":{"line":34,"column":5}},"15":{"start":{"line":31,"column":6},"end":{"line":31,"column":36}},"16":{"start":{"line":33,"column":6},"end":{"line":33,"column":17}},"17":{"start":{"line":36,"column":4},"end":{"line":36,"column":20}},"18":{"start":{"line":37,"column":4},"end":{"line":37,"column":31}},"19":{"start":{"line":41,"column":0},"end":{"line":52,"column":1}},"20":{"start":{"line":42,"column":15},"end":{"line":48,"column":3}},"21":{"start":{"line":49,"column":14},"end":{"line":49,"column":56}},"22":{"start":{"line":50,"column":2},"end":{"line":50,"column":56}},"23":{"start":{"line":51,"column":2},"end":{"line":51,"column":24}},"24":{"start":{"line":54,"column":0},"end":{"line":58,"column":1}},"25":{"start":{"line":55,"column":2},"end":{"line":57,"column":3}},"26":{"start":{"line":56,"column":4},"end":{"line":56,"column":12}},"27":{"start":{"line":60,"column":0},"end":{"line":66,"column":1}},"28":{"start":{"line":61,"column":21},"end":{"line":61,"column":34}},"29":{"start":{"line":62,"column":15},"end":{"line":62,"column":26}},"30":{"start":{"line":63,"column":2},"end":{"line":65,"column":4}}},"fnMap":{"0":{"name":"(anonymous_0)","decl":{"start":{"line":6,"column":21},"end":{"line":6,"column":22}},"loc":{"start":{"line":6,"column":43},"end":{"line":23,"column":1}},"line":6},"1":{"name":"(anonymous_1)","decl":{"start":{"line":8,"column":31},"end":{"line":8,"column":32}},"loc":{"start":{"line":8,"column":57},"end":{"line":18,"column":5}},"line":8},"2":{"name":"(anonymous_2)","decl":{"start":{"line":9,"column":39},"end":{"line":9,"column":40}},"loc":{"start":{"line":9,"column":65},"end":{"line":17,"column":7}},"line":9},"3":{"name":"(anonymous_3)","decl":{"start":{"line":26,"column":20},"end":{"line":26,"column":21}},"loc":{"start":{"line":26,"column":42},"end":{"line":39,"column":1}},"line":26},"4":{"name":"(anonymous_4)","decl":{"start":{"line":41,"column":14},"end":{"line":41,"column":15}},"loc":{"start":{"line":41,"column":29},"end":{"line":52,"column":1}},"line":41},"5":{"name":"(anonymous_5)","decl":{"start":{"line":54,"column":22},"end":{"line":54,"column":23}},"loc":{"start":{"line":54,"column":41},"end":{"line":58,"column":1}},"line":54},"6":{"name":"(anonymous_6)","decl":{"start":{"line":60,"column":31},"end":{"line":60,"column":32}},"loc":{"start":{"line":60,"column":47},"end":{"line":66,"column":1}},"line":60}},"branchMap":{"0":{"loc":{"start":{"line":29,"column":4},"end":{"line":34,"column":5}},"type":"if","locations":[{"start":{"line":29,"column":4},"end":{"line":34,"column":5}},{"start":{"line":29,"column":4},"end":{"line":34,"column":5}}],"line":29},"1":{"loc":{"start":{"line":55,"column":2},"end":{"line":57,"column":3}},"type":"if","locations":[{"start":{"line":55,"column":2},"end":{"line":57,"column":3}},{"start":{"line":55,"column":2},"end":{"line":57,"column":3}}],"line":55},"2":{"loc":{"start":{"line":55,"column":6},"end":{"line":55,"column":78}},"type":"binary-expr","locations":[{"start":{"line":55,"column":6},"end":{"line":55,"column":26}},{"start":{"line":55,"column":30},"end":{"line":55,"column":58}},{"start":{"line":55,"column":62},"end":{"line":55,"column":78}}],"line":55}},"s":{"0":6,"1":6,"2":6,"3":6,"4":6,"5":1,"6":1,"7":1,"8":1,"9":0,"10":0,"11":6,"12":4,"13":4,"14":4,"15":2,"16":2,"17":0,"18":0,"19":6,"20":2,"21":2,"22":2,"23":2,"24":6,"25":4,"26":3,"27":6,"28":0,"29":0,"30":0},"f":{"0":1,"1":1,"2":1,"3":4,"4":2,"5":4,"6":0},"b":{"0":[2,2],"1":[3,1],"2":[4,3,2]},"_coverageSchema":"1a1c01bbd47fc00a2c39e90264f33305004495a9","hash":"d4fe37e375ab7c9a1293f1c0e671d6bd11fd478e"}
,"C:\\Users\\Trond Arne Graabræk\\skole\\webapplikasjoner\\webapplikasjoner_eksamen\\rorlegger\\server\\services\\writer.service.js": {"path":"C:\\Users\\Trond Arne Graabræk\\skole\\webapplikasjoner\\webapplikasjoner_eksamen\\rorlegger\\server\\services\\writer.service.js","statementMap":{"0":{"start":{"line":2,"column":4},"end":{"line":6,"column":3}},"1":{"start":{"line":9,"column":0},"end":{"line":18,"column":1}},"2":{"start":{"line":10,"column":16},"end":{"line":10,"column":28}},"3":{"start":{"line":11,"column":20},"end":{"line":11,"column":25}},"4":{"start":{"line":12,"column":2},"end":{"line":16,"column":4}},"5":{"start":{"line":13,"column":4},"end":{"line":15,"column":5}},"6":{"start":{"line":14,"column":6},"end":{"line":14,"column":25}},"7":{"start":{"line":17,"column":2},"end":{"line":17,"column":20}},"8":{"start":{"line":20,"column":0},"end":{"line":20,"column":31}}},"fnMap":{"0":{"name":"getWriters","decl":{"start":{"line":1,"column":9},"end":{"line":1,"column":19}},"loc":{"start":{"line":1,"column":21},"end":{"line":7,"column":1}},"line":1},"1":{"name":"(anonymous_1)","decl":{"start":{"line":9,"column":23},"end":{"line":9,"column":24}},"loc":{"start":{"line":9,"column":55},"end":{"line":18,"column":1}},"line":9},"2":{"name":"(anonymous_2)","decl":{"start":{"line":12,"column":18},"end":{"line":12,"column":19}},"loc":{"start":{"line":12,"column":30},"end":{"line":16,"column":3}},"line":12}},"branchMap":{"0":{"loc":{"start":{"line":13,"column":4},"end":{"line":15,"column":5}},"type":"if","locations":[{"start":{"line":13,"column":4},"end":{"line":15,"column":5}},{"start":{"line":13,"column":4},"end":{"line":15,"column":5}}],"line":13},"1":{"loc":{"start":{"line":13,"column":8},"end":{"line":13,"column":74}},"type":"binary-expr","locations":[{"start":{"line":13,"column":8},"end":{"line":13,"column":38}},{"start":{"line":13,"column":42},"end":{"line":13,"column":74}}],"line":13}},"s":{"0":6,"1":6,"2":4,"3":4,"4":4,"5":12,"6":3,"7":4,"8":6},"f":{"0":6,"1":4,"2":12},"b":{"0":[3,9],"1":[12,4]},"_coverageSchema":"1a1c01bbd47fc00a2c39e90264f33305004495a9","hash":"8d0f43cf7f4577417f790e670a7e263a8fb0b5c0"}
,"C:\\Users\\Trond Arne Graabræk\\skole\\webapplikasjoner\\webapplikasjoner_eksamen\\rorlegger\\server\\tests\\api\\mockData.js": {"path":"C:\\Users\\Trond Arne Graabræk\\skole\\webapplikasjoner\\webapplikasjoner_eksamen\\rorlegger\\server\\tests\\api\\mockData.js","statementMap":{"0":{"start":{"line":1,"column":0},"end":{"line":12,"column":1}},"1":{"start":{"line":14,"column":0},"end":{"line":25,"column":1}},"2":{"start":{"line":27,"column":0},"end":{"line":32,"column":1}},"3":{"start":{"line":34,"column":0},"end":{"line":38,"column":1}},"4":{"start":{"line":40,"column":0},"end":{"line":45,"column":1}}},"fnMap":{},"branchMap":{},"s":{"0":4,"1":4,"2":4,"3":4,"4":4},"f":{},"b":{},"_coverageSchema":"1a1c01bbd47fc00a2c39e90264f33305004495a9","hash":"9fb2d043f77fcecb2482c3a8150711faf6581e98"}
,"C:\\Users\\Trond Arne Graabræk\\skole\\webapplikasjoner\\webapplikasjoner_eksamen\\rorlegger\\server\\tests\\api\\helpers\\auth.js": {"path":"C:\\Users\\Trond Arne Graabræk\\skole\\webapplikasjoner\\webapplikasjoner_eksamen\\rorlegger\\server\\tests\\api\\helpers\\auth.js","statementMap":{"0":{"start":{"line":1,"column":13},"end":{"line":1,"column":28}},"1":{"start":{"line":3,"column":0},"end":{"line":20,"column":1}},"2":{"start":{"line":10,"column":15},"end":{"line":16,"column":3}},"3":{"start":{"line":17,"column":14},"end":{"line":17,"column":56}},"4":{"start":{"line":18,"column":2},"end":{"line":18,"column":56}},"5":{"start":{"line":19,"column":2},"end":{"line":19,"column":24}},"6":{"start":{"line":22,"column":0},"end":{"line":39,"column":1}},"7":{"start":{"line":29,"column":15},"end":{"line":35,"column":3}},"8":{"start":{"line":36,"column":14},"end":{"line":36,"column":56}},"9":{"start":{"line":37,"column":2},"end":{"line":37,"column":56}},"10":{"start":{"line":38,"column":2},"end":{"line":38,"column":24}}},"fnMap":{"0":{"name":"(anonymous_0)","decl":{"start":{"line":3,"column":27},"end":{"line":3,"column":28}},"loc":{"start":{"line":9,"column":2},"end":{"line":20,"column":1}},"line":9},"1":{"name":"(anonymous_1)","decl":{"start":{"line":22,"column":26},"end":{"line":22,"column":27}},"loc":{"start":{"line":28,"column":2},"end":{"line":39,"column":1}},"line":28}},"branchMap":{"0":{"loc":{"start":{"line":3,"column":37},"end":{"line":9,"column":1}},"type":"default-arg","locations":[{"start":{"line":3,"column":44},"end":{"line":9,"column":1}}],"line":3},"1":{"loc":{"start":{"line":22,"column":36},"end":{"line":28,"column":1}},"type":"default-arg","locations":[{"start":{"line":22,"column":43},"end":{"line":28,"column":1}}],"line":22}},"s":{"0":3,"1":3,"2":2,"3":2,"4":2,"5":2,"6":3,"7":6,"8":6,"9":6,"10":6},"f":{"0":2,"1":6},"b":{"0":[2],"1":[6]},"_coverageSchema":"1a1c01bbd47fc00a2c39e90264f33305004495a9","hash":"1e2a486577cc9ea67259fb91e50e929ec4593749"}
}
