TN:
SF:models\user.model.js
FNF:0
FNH:0
DA:1,1
DA:2,1
DA:4,1
DA:12,1
DA:14,1
LF:5
LH:5
BRF:0
BRH:0
end_of_record
TN:
SF:services\user.service.js
FN:6,(anonymous_0)
FN:10,(anonymous_1)
FN:11,(anonymous_2)
FN:28,(anonymous_3)
FN:43,(anonymous_4)
FN:56,(anonymous_5)
FNF:6
FNH:3
FNDA:0,(anonymous_0)
FNDA:0,(anonymous_1)
FNDA:0,(anonymous_2)
FNDA:2,(anonymous_3)
FNDA:1,(anonymous_4)
FNDA:4,(anonymous_5)
DA:1,1
DA:2,1
DA:3,1
DA:4,1
DA:6,1
DA:7,0
DA:8,0
DA:10,0
DA:11,0
DA:12,0
DA:22,0
DA:23,0
DA:28,1
DA:29,2
DA:30,2
DA:31,2
DA:33,1
DA:35,1
DA:38,0
DA:39,0
DA:43,1
DA:44,1
DA:51,1
DA:52,1
DA:53,1
DA:56,1
DA:57,4
DA:58,3
LF:28
LH:19
BRDA:31,0,0,1
BRDA:31,0,1,1
BRDA:57,1,0,3
BRDA:57,1,1,1
BRDA:57,2,0,4
BRDA:57,2,1,3
BRDA:57,2,2,2
BRF:7
BRH:7
end_of_record
TN:
SF:services\writer.service.js
FN:1,getWriters
FN:9,(anonymous_1)
FN:12,(anonymous_2)
FNF:3
FNH:3
FNDA:3,getWriters
FNDA:2,(anonymous_1)
FNDA:6,(anonymous_2)
DA:2,3
DA:9,1
DA:10,2
DA:11,2
DA:12,2
DA:13,6
DA:14,1
DA:17,2
DA:20,1
LF:9
LH:9
BRDA:13,0,0,1
BRDA:13,0,1,5
BRDA:13,1,0,6
BRDA:13,1,1,2
BRF:4
BRH:4
end_of_record
