TN:
SF:app.js
FN:23,(anonymous_0)
FN:26,(anonymous_1)
FN:29,initServer
FNF:3
FNH:1
FNDA:0,(anonymous_0)
FNDA:0,(anonymous_1)
FNDA:5,initServer
DA:1,5
DA:2,5
DA:3,5
DA:4,5
DA:5,5
DA:6,5
DA:7,5
DA:8,5
DA:9,5
DA:11,5
DA:13,5
DA:15,5
DA:16,5
DA:18,0
DA:24,0
DA:26,0
DA:30,5
DA:34,5
DA:35,5
DA:36,5
DA:37,5
DA:38,5
DA:39,5
DA:40,5
DA:41,5
DA:45,5
DA:46,5
DA:47,5
DA:48,5
DA:49,5
DA:50,5
DA:51,5
DA:52,5
DA:59,5
LF:34
LH:31
BRDA:15,0,0,5
BRDA:15,0,1,0
BRF:2
BRH:1
end_of_record
TN:
SF:controllers\article.controller.js
FN:4,(anonymous_0)
FN:14,(anonymous_1)
FN:23,(anonymous_2)
FN:32,(anonymous_3)
FN:41,(anonymous_4)
FN:58,(anonymous_5)
FN:70,(anonymous_6)
FNF:7
FNH:5
FNDA:2,(anonymous_0)
FNDA:0,(anonymous_1)
FNDA:1,(anonymous_2)
FNDA:1,(anonymous_3)
FNDA:1,(anonymous_4)
FNDA:2,(anonymous_5)
FNDA:0,(anonymous_6)
DA:1,5
DA:2,5
DA:4,5
DA:5,2
DA:6,2
DA:7,2
DA:9,0
DA:10,0
DA:14,5
DA:15,0
DA:16,0
DA:17,0
DA:19,0
DA:23,5
DA:24,1
DA:25,1
DA:26,1
DA:28,0
DA:32,5
DA:33,1
DA:34,1
DA:35,1
DA:37,0
DA:41,5
DA:42,1
DA:43,1
DA:44,1
DA:49,1
DA:50,0
DA:52,1
DA:54,0
DA:58,5
DA:59,2
DA:60,2
DA:61,2
DA:62,1
DA:64,1
DA:66,0
DA:70,5
DA:71,0
DA:72,0
DA:74,0
LF:42
LH:28
BRDA:49,0,0,0
BRDA:49,0,1,1
BRDA:61,1,0,1
BRDA:61,1,1,1
BRF:4
BRH:3
end_of_record
TN:
SF:controllers\category.controller.js
FN:3,(anonymous_0)
FN:13,(anonymous_1)
FNF:2
FNH:2
FNDA:2,(anonymous_0)
FNDA:1,(anonymous_1)
DA:1,5
DA:3,5
DA:4,2
DA:5,2
DA:6,2
DA:8,0
DA:9,0
DA:13,5
DA:14,1
DA:15,1
DA:16,1
DA:18,0
DA:19,0
LF:13
LH:9
BRF:0
BRH:0
end_of_record
TN:
SF:controllers\requests.controller.js
FN:3,(anonymous_0)
FNF:1
FNH:1
FNDA:2,(anonymous_0)
DA:1,5
DA:3,5
DA:4,2
DA:5,2
DA:6,1
DA:8,1
DA:9,1
LF:7
LH:7
BRF:0
BRH:0
end_of_record
TN:
SF:controllers\tracking.controller.js
FN:3,(anonymous_0)
FN:13,(anonymous_1)
FN:23,(anonymous_2)
FN:33,(anonymous_3)
FNF:4
FNH:1
FNDA:1,(anonymous_0)
FNDA:0,(anonymous_1)
FNDA:0,(anonymous_2)
FNDA:0,(anonymous_3)
DA:1,5
DA:3,5
DA:4,1
DA:5,1
DA:6,0
DA:8,1
DA:9,1
DA:13,5
DA:14,0
DA:15,0
DA:16,0
DA:18,0
DA:19,0
DA:23,5
DA:24,0
DA:25,0
DA:26,0
DA:28,0
DA:29,0
DA:33,5
DA:34,0
DA:35,0
DA:36,0
DA:38,0
DA:39,0
LF:25
LH:9
BRF:0
BRH:0
end_of_record
TN:
SF:controllers\user.controller.js
FN:3,(anonymous_0)
FN:18,(anonymous_1)
FN:38,(anonymous_2)
FN:56,(anonymous_3)
FN:74,(anonymous_4)
FNF:5
FNH:4
FNDA:1,(anonymous_0)
FNDA:1,(anonymous_1)
FNDA:2,(anonymous_2)
FNDA:2,(anonymous_3)
FNDA:0,(anonymous_4)
DA:1,5
DA:3,5
DA:4,1
DA:5,1
DA:6,0
DA:8,1
DA:9,1
DA:10,1
DA:11,1
DA:13,0
DA:14,0
DA:18,5
DA:19,1
DA:20,1
DA:21,1
DA:22,1
DA:23,1
DA:24,0
DA:26,1
DA:27,0
DA:29,1
DA:30,0
DA:32,1
DA:33,0
DA:35,1
DA:38,5
DA:39,2
DA:40,2
DA:41,0
DA:43,2
DA:44,2
DA:45,2
DA:46,1
DA:48,1
DA:51,0
DA:52,0
DA:56,5
DA:57,2
DA:58,2
DA:59,2
DA:60,0
DA:62,2
DA:63,0
DA:65,2
DA:66,0
DA:68,2
DA:69,0
DA:71,2
DA:74,5
DA:75,0
DA:76,0
DA:77,0
DA:79,0
DA:80,0
LF:54
LH:35
BRDA:5,0,0,0
BRDA:5,0,1,1
BRDA:23,1,0,0
BRDA:23,1,1,1
BRDA:23,2,0,1
BRDA:23,2,1,1
BRDA:23,2,2,1
BRDA:23,2,3,1
BRDA:26,3,0,0
BRDA:26,3,1,1
BRDA:29,4,0,0
BRDA:29,4,1,1
BRDA:32,5,0,0
BRDA:32,5,1,1
BRDA:40,6,0,0
BRDA:40,6,1,2
BRDA:45,7,0,1
BRDA:45,7,1,1
BRDA:59,8,0,0
BRDA:59,8,1,2
BRDA:59,9,0,2
BRDA:59,9,1,2
BRDA:62,10,0,0
BRDA:62,10,1,2
BRDA:65,11,0,0
BRDA:65,11,1,2
BRDA:68,12,0,0
BRDA:68,12,1,2
BRF:28
BRH:18
end_of_record
TN:
SF:controllers\writer.controller.js
FN:3,(anonymous_0)
FNF:1
FNH:1
FNDA:1,(anonymous_0)
DA:1,5
DA:3,5
DA:4,1
DA:5,1
DA:7,0
LF:5
LH:4
BRF:0
BRH:0
end_of_record
TN:
SF:mailng\mail.config.js
FNF:0
FNH:0
DA:1,5
DA:4,5
DA:6,5
DA:7,5
DA:16,0
DA:25,5
LF:6
LH:5
BRDA:6,0,0,5
BRDA:6,0,1,0
BRF:2
BRH:1
end_of_record
TN:
SF:mailng\requests.mailing.js
FN:4,(anonymous_0)
FNF:1
FNH:1
FNDA:1,(anonymous_0)
DA:1,5
DA:4,5
DA:5,1
DA:16,1
DA:17,1
DA:18,1
DA:20,0
LF:7
LH:6
BRF:0
BRH:0
end_of_record
TN:
SF:models\article.model.js
FNF:0
FNH:0
DA:1,5
DA:2,5
DA:4,5
DA:20,5
DA:22,5
LF:5
LH:5
BRF:0
BRH:0
end_of_record
TN:
SF:models\category.model.js
FNF:0
FNH:0
DA:1,5
DA:2,5
DA:4,5
DA:8,5
DA:10,5
LF:5
LH:5
BRF:0
BRH:0
end_of_record
TN:
SF:models\requests.model.js
FNF:0
FNH:0
DA:1,5
DA:3,5
DA:10,5
DA:12,5
LF:4
LH:4
BRF:0
BRH:0
end_of_record
TN:
SF:models\tracking.model.js
FNF:0
FNH:0
DA:1,5
DA:2,5
DA:4,5
DA:12,5
DA:14,5
LF:5
LH:5
BRF:0
BRH:0
end_of_record
TN:
SF:models\user.model.js
FNF:0
FNH:0
DA:1,6
DA:2,6
DA:4,6
DA:12,6
DA:14,6
LF:5
LH:5
BRF:0
BRH:0
end_of_record
TN:
SF:routes\article.route.js
FN:11,(anonymous_0)
FN:22,(anonymous_1)
FNF:2
FNH:2
FNDA:3,(anonymous_0)
FNDA:1,(anonymous_1)
DA:1,5
DA:2,5
DA:3,5
DA:4,5
DA:5,5
DA:9,5
DA:12,3
DA:13,2
DA:15,1
DA:19,5
DA:20,5
DA:23,1
DA:27,5
LF:13
LH:13
BRDA:12,0,0,2
BRDA:12,0,1,1
BRF:2
BRH:2
end_of_record
TN:
SF:routes\articleImages.route.js
FN:15,(anonymous_0)
FN:16,(anonymous_1)
FN:17,(anonymous_2)
FN:41,(anonymous_3)
FN:46,(anonymous_4)
FN:48,(anonymous_5)
FN:65,(anonymous_6)
FNF:7
FNH:1
FNDA:0,(anonymous_0)
FNDA:0,(anonymous_1)
FNDA:0,(anonymous_2)
FNDA:5,(anonymous_3)
FNDA:0,(anonymous_4)
FNDA:0,(anonymous_5)
FNDA:0,(anonymous_6)
DA:1,5
DA:2,5
DA:3,5
DA:4,5
DA:5,5
DA:6,5
DA:7,5
DA:8,5
DA:9,5
DA:10,5
DA:11,5
DA:12,5
DA:14,5
DA:16,0
DA:17,0
DA:18,0
DA:19,0
DA:21,0
DA:22,0
DA:24,0
DA:25,0
DA:29,0
DA:35,5
DA:38,5
DA:41,5
DA:42,5
DA:43,5
DA:46,5
DA:47,0
DA:48,0
DA:50,0
DA:51,0
DA:53,0
DA:55,0
DA:57,0
DA:62,5
DA:66,0
DA:67,0
DA:68,0
DA:70,0
DA:74,5
LF:41
LH:21
BRDA:18,0,0,0
BRDA:18,0,1,0
BRDA:21,1,0,0
BRDA:21,1,1,0
BRDA:50,2,0,0
BRDA:50,2,1,0
BRDA:50,3,0,0
BRDA:50,3,1,0
BRDA:53,4,0,0
BRDA:53,4,1,0
BRDA:53,5,0,0
BRDA:53,5,1,0
BRDA:67,6,0,0
BRDA:67,6,1,0
BRF:14
BRH:0
end_of_record
TN:
SF:routes\articles.route.js
FN:12,(anonymous_0)
FNF:1
FNH:1
FNDA:1,(anonymous_0)
DA:1,5
DA:2,5
DA:3,5
DA:4,5
DA:5,5
DA:6,5
DA:8,5
DA:9,5
DA:10,5
DA:13,1
DA:16,5
LF:11
LH:11
BRF:0
BRH:0
end_of_record
TN:
SF:routes\category.route.js
FN:10,(anonymous_0)
FNF:1
FNH:1
FNDA:2,(anonymous_0)
DA:1,5
DA:2,5
DA:3,5
DA:4,5
DA:6,5
DA:8,5
DA:11,2
DA:14,5
DA:16,5
LF:9
LH:9
BRF:0
BRH:0
end_of_record
TN:
SF:routes\middleware.js
FNF:0
FNH:0
DA:1,5
DA:2,5
DA:4,5
DA:5,5
LF:4
LH:4
BRF:0
BRH:0
end_of_record
TN:
SF:routes\requests.route.js
FNF:0
FNH:0
DA:1,5
DA:2,5
DA:3,5
DA:5,5
DA:7,5
LF:5
LH:5
BRF:0
BRH:0
end_of_record
TN:
SF:routes\tracking.route.js
FN:10,(anonymous_0)
FN:17,(anonymous_1)
FN:24,(anonymous_2)
FN:31,(anonymous_3)
FNF:4
FNH:1
FNDA:1,(anonymous_0)
FNDA:0,(anonymous_1)
FNDA:0,(anonymous_2)
FNDA:0,(anonymous_3)
DA:1,5
DA:2,5
DA:3,5
DA:4,5
DA:6,5
DA:8,5
DA:11,1
DA:15,5
DA:18,0
DA:22,5
DA:25,0
DA:29,5
DA:32,0
DA:34,5
LF:14
LH:11
BRF:0
BRH:0
end_of_record
TN:
SF:routes\user.route.js
FN:12,(anonymous_0)
FNF:1
FNH:0
FNDA:0,(anonymous_0)
DA:1,5
DA:2,5
DA:3,5
DA:4,5
DA:6,5
DA:8,5
DA:9,5
DA:10,5
DA:13,0
DA:14,0
DA:16,0
DA:21,5
LF:12
LH:9
BRDA:13,0,0,0
BRDA:13,0,1,0
BRF:2
BRH:0
end_of_record
TN:
SF:routes\writer.route.js
FNF:0
FNH:0
DA:1,5
DA:2,5
DA:4,5
DA:6,5
DA:8,5
LF:5
LH:5
BRF:0
BRH:0
end_of_record
TN:
SF:services\article.service.js
FN:6,(anonymous_0)
FN:31,(anonymous_1)
FN:57,(anonymous_2)
FN:74,(anonymous_3)
FN:89,(anonymous_4)
FN:116,(anonymous_5)
FN:131,(anonymous_6)
FN:140,(anonymous_7)
FNF:8
FNH:6
FNDA:1,(anonymous_0)
FNDA:1,(anonymous_1)
FNDA:2,(anonymous_2)
FNDA:1,(anonymous_3)
FNDA:2,(anonymous_4)
FNDA:0,(anonymous_5)
FNDA:0,(anonymous_6)
FNDA:2,(anonymous_7)
DA:1,5
DA:2,5
DA:3,5
DA:6,5
DA:7,1
DA:8,1
DA:26,0
DA:27,0
DA:31,5
DA:32,1
DA:33,1
DA:52,0
DA:53,0
DA:57,5
DA:58,2
DA:59,2
DA:63,2
DA:64,1
DA:66,1
DA:69,0
DA:70,0
DA:74,5
DA:75,1
DA:76,1
DA:77,1
DA:78,0
DA:80,1
DA:83,0
DA:84,0
DA:89,5
DA:90,2
DA:91,2
DA:92,2
DA:93,2
DA:108,0
DA:111,0
DA:112,0
DA:116,5
DA:117,0
DA:118,0
DA:127,0
DA:131,5
DA:132,0
DA:133,0
DA:134,0
DA:136,0
DA:140,5
DA:141,2
DA:142,2
DA:143,2
DA:145,0
DA:147,2
DA:148,2
DA:149,2
LF:54
LH:34
BRDA:63,0,0,1
BRDA:63,0,1,1
BRDA:77,1,0,0
BRDA:77,1,1,1
BRDA:92,2,0,2
BRDA:92,2,1,0
BRDA:142,3,0,2
BRDA:142,3,1,0
BRF:8
BRH:5
end_of_record
TN:
SF:services\category.service.js
FN:3,(anonymous_0)
FN:12,(anonymous_1)
FN:23,(anonymous_2)
FNF:3
FNH:2
FNDA:1,(anonymous_0)
FNDA:2,(anonymous_1)
FNDA:0,(anonymous_2)
DA:1,5
DA:3,5
DA:4,1
DA:5,1
DA:7,0
DA:8,0
DA:12,5
DA:13,2
DA:14,2
DA:18,0
DA:19,0
DA:23,5
DA:24,0
DA:25,0
DA:27,0
LF:15
LH:8
BRF:0
BRH:0
end_of_record
TN:
SF:services\requests.service.js
FN:4,(anonymous_0)
FNF:1
FNH:1
FNDA:2,(anonymous_0)
DA:1,5
DA:2,5
DA:4,5
DA:5,2
DA:6,2
DA:7,2
DA:13,1
DA:15,1
LF:8
LH:8
BRF:0
BRH:0
end_of_record
TN:
SF:services\tracking.service.js
FN:3,(anonymous_0)
FN:18,(anonymous_1)
FN:60,(anonymous_2)
FN:103,(anonymous_3)
FN:106,(anonymous_4)
FNF:5
FNH:1
FNDA:2,(anonymous_0)
FNDA:0,(anonymous_1)
FNDA:0,(anonymous_2)
FNDA:0,(anonymous_3)
FNDA:0,(anonymous_4)
DA:1,5
DA:3,5
DA:4,2
DA:5,2
DA:13,0
DA:14,0
DA:18,5
DA:19,0
DA:20,0
DA:56,0
DA:60,5
DA:61,0
DA:62,0
DA:99,0
DA:103,5
DA:104,0
DA:105,0
DA:106,0
DA:107,0
DA:109,0
DA:110,0
DA:112,0
LF:22
LH:7
BRF:0
BRH:0
end_of_record
TN:
SF:services\user.service.js
FN:6,(anonymous_0)
FN:8,(anonymous_1)
FN:9,(anonymous_2)
FN:26,(anonymous_3)
FN:41,(anonymous_4)
FN:54,(anonymous_5)
FN:60,(anonymous_6)
FNF:7
FNH:6
FNDA:1,(anonymous_0)
FNDA:1,(anonymous_1)
FNDA:1,(anonymous_2)
FNDA:4,(anonymous_3)
FNDA:2,(anonymous_4)
FNDA:4,(anonymous_5)
FNDA:0,(anonymous_6)
DA:1,6
DA:2,6
DA:3,6
DA:4,6
DA:6,6
DA:7,1
DA:8,1
DA:9,1
DA:10,1
DA:20,0
DA:21,0
DA:26,6
DA:27,4
DA:28,4
DA:29,4
DA:31,2
DA:33,2
DA:36,0
DA:37,0
DA:41,6
DA:42,2
DA:49,2
DA:50,2
DA:51,2
DA:54,6
DA:55,4
DA:56,3
DA:60,6
DA:61,0
DA:62,0
DA:63,0
LF:31
LH:24
BRDA:29,0,0,2
BRDA:29,0,1,2
BRDA:55,1,0,3
BRDA:55,1,1,1
BRDA:55,2,0,4
BRDA:55,2,1,3
BRDA:55,2,2,2
BRF:7
BRH:7
end_of_record
TN:
SF:services\writer.service.js
FN:1,getWriters
FN:9,(anonymous_1)
FN:12,(anonymous_2)
FNF:3
FNH:3
FNDA:6,getWriters
FNDA:4,(anonymous_1)
FNDA:12,(anonymous_2)
DA:2,6
DA:9,6
DA:10,4
DA:11,4
DA:12,4
DA:13,12
DA:14,3
DA:17,4
DA:20,6
LF:9
LH:9
BRDA:13,0,0,3
BRDA:13,0,1,9
BRDA:13,1,0,12
BRDA:13,1,1,4
BRF:4
BRH:4
end_of_record
TN:
SF:tests\api\mockData.js
FNF:0
FNH:0
DA:1,4
DA:14,4
DA:27,4
DA:34,4
DA:40,4
LF:5
LH:5
BRF:0
BRH:0
end_of_record
TN:
SF:tests\api\helpers\auth.js
FN:3,(anonymous_0)
FN:22,(anonymous_1)
FNF:2
FNH:2
FNDA:2,(anonymous_0)
FNDA:6,(anonymous_1)
DA:1,3
DA:3,3
DA:10,2
DA:17,2
DA:18,2
DA:19,2
DA:22,3
DA:29,6
DA:36,6
DA:37,6
DA:38,6
LF:11
LH:11
BRDA:3,0,0,2
BRDA:22,1,0,6
BRF:2
BRH:2
end_of_record
